#
# There is insufficient memory for the Java Runtime Environment to continue.
# Native memory allocation (malloc) failed to allocate 1207376 bytes for Chunk::new
# Possible reasons:
#   The system is out of physical RAM or swap space
#   The process is running with CompressedOops enabled, and the Java Heap may be blocking the growth of the native heap
# Possible solutions:
#   Reduce memory load on the system
#   Increase physical memory or swap space
#   Check if swap backing store is full
#   Decrease Java heap size (-Xmx/-Xms)
#   Decrease number of Java threads
#   Decrease Java thread stack sizes (-Xss)
#   Set larger code cache with -XX:ReservedCodeCacheSize=
#   JVM is running with Unscaled Compressed Oops mode in which the Java heap is
#     placed in the first 4GB address space. The Java Heap base address is the
#     maximum limit for the native heap growth. Please use -XX:HeapBaseMinAddress
#     to set the Java Heap base and to place the Java Heap above 4GB virtual address.
# This output file may be truncated or incomplete.
#
#  Out of Memory Error (arena.cpp:184), pid=7196, tid=26628
#
# JRE version: Java(TM) SE Runtime Environment (19.0.2+7) (build 19.0.2+7-44)
# Java VM: Java HotSpot(TM) 64-Bit Server VM (19.0.2+7-44, mixed mode, sharing, tiered, compressed oops, compressed class ptrs, g1 gc, windows-amd64)
# No core dump will be written. Minidumps are not enabled by default on client versions of Windows
#

---------------  S U M M A R Y ------------

Command Line: --add-opens=java.base/java.util=ALL-UNNAMED --add-opens=java.base/java.lang=ALL-UNNAMED --add-opens=java.base/java.lang.invoke=ALL-UNNAMED --add-opens=java.prefs/java.util.prefs=ALL-UNNAMED --add-opens=java.base/java.nio.charset=ALL-UNNAMED --add-opens=java.base/java.net=ALL-UNNAMED --add-opens=java.base/java.util.concurrent.atomic=ALL-UNNAMED -Xmx2048m -Dfile.encoding=UTF-8 -Duser.country=US -Duser.language=en -Duser.variant -javaagent:C:\Users\emuan\.gradle\wrapper\dists\gradle-8.7-bin\bhs2wmbdwecv87pi65oeuq5iu\gradle-8.7\lib\agents\gradle-instrumentation-agent-8.7.jar org.gradle.launcher.daemon.bootstrap.GradleDaemon 8.7

Host: Intel(R) Core(TM) i3-1005G1 CPU @ 1.20GHz, 4 cores, 7G,  Windows 11 , 64 bit Build 22621 (10.0.22621.3672)
Time: Thu Jun 27 18:55:30 2024 GMT Daylight Time elapsed time: 60.143994 seconds (0d 0h 1m 0s)

---------------  T H R E A D  ---------------

Current thread (0x00000260d3aca030):  JavaThread "C2 CompilerThread0" daemon [_thread_in_native, id=26628, stack(0x000000738d000000,0x000000738d100000)]


Current CompileTask:
C2:  60144 10451       4       org.gradle.internal.reflect.ClassInspector::inspectClass (179 bytes)

Stack: [0x000000738d000000,0x000000738d100000]
Native frames: (J=compiled Java code, j=interpreted, Vv=VM code, C=native code)
V  [jvm.dll+0x6ee21a]
V  [jvm.dll+0x85765e]
V  [jvm.dll+0x85904e]
V  [jvm.dll+0x859703]
V  [jvm.dll+0x28298f]
V  [jvm.dll+0xc9adf]
V  [jvm.dll+0xc9e65]
V  [jvm.dll+0x3bca12]
V  [jvm.dll+0x3860e1]
V  [jvm.dll+0x38555a]
V  [jvm.dll+0x24c3d9]
V  [jvm.dll+0x24b781]
V  [jvm.dll+0x1d6ce1]
V  [jvm.dll+0x25b25a]
V  [jvm.dll+0x2596e8]
V  [jvm.dll+0x807588]
V  [jvm.dll+0x80125a]
V  [jvm.dll+0x6ecf0b]
C  [ucrtbase.dll+0x29333]
C  [KERNEL32.DLL+0x1257d]
C  [ntdll.dll+0x5af28]


---------------  P R O C E S S  ---------------

Threads class SMR info:
_java_thread_list=0x00000260dc7f6240, length=42, elements={
0x00000260b3b10af0, 0x00000260d3aab4e0, 0x00000260d3aac1c0, 0x00000260d3ab0880,
0x00000260d3ab22b0, 0x00000260d3abd4e0, 0x00000260d3ac38a0, 0x00000260d3aca030,
0x00000260d3acb140, 0x00000260d3ad96a0, 0x00000260d7cef5f0, 0x00000260d7dd6500,
0x00000260d8765cc0, 0x00000260d7d78a70, 0x00000260d8b564a0, 0x00000260d87767e0,
0x00000260d97690e0, 0x00000260d8b4a060, 0x00000260d8b4a5a0, 0x00000260d88403f0,
0x00000260d883e410, 0x00000260d883f400, 0x00000260d8840e90, 0x00000260d883dec0,
0x00000260d883e960, 0x00000260d8840940, 0x00000260db6b69e0, 0x00000260db6b4f50,
0x00000260db6b7480, 0x00000260db6b5f40, 0x00000260db6b7f20, 0x00000260db6b3f60,
0x00000260db6b99b0, 0x00000260db6b44b0, 0x00000260db6b79d0, 0x00000260db6b3a10,
0x00000260db6b4a00, 0x00000260db6b8470, 0x00000260db6b89c0, 0x00000260db6b9460,
0x00000260db6b24d0, 0x00000260dc46f640
}

Java Threads: ( => current thread )
  0x00000260b3b10af0 JavaThread "main" [_thread_blocked, id=18608, stack(0x000000738c300000,0x000000738c400000)]
  0x00000260d3aab4e0 JavaThread "Reference Handler" daemon [_thread_blocked, id=15428, stack(0x000000738ca00000,0x000000738cb00000)]
  0x00000260d3aac1c0 JavaThread "Finalizer" daemon [_thread_blocked, id=25868, stack(0x000000738cb00000,0x000000738cc00000)]
  0x00000260d3ab0880 JavaThread "Signal Dispatcher" daemon [_thread_blocked, id=1612, stack(0x000000738cc00000,0x000000738cd00000)]
  0x00000260d3ab22b0 JavaThread "Attach Listener" daemon [_thread_blocked, id=27072, stack(0x000000738cd00000,0x000000738ce00000)]
  0x00000260d3abd4e0 JavaThread "Service Thread" daemon [_thread_blocked, id=25308, stack(0x000000738ce00000,0x000000738cf00000)]
  0x00000260d3ac38a0 JavaThread "Monitor Deflation Thread" daemon [_thread_blocked, id=10736, stack(0x000000738cf00000,0x000000738d000000)]
=>0x00000260d3aca030 JavaThread "C2 CompilerThread0" daemon [_thread_in_native, id=26628, stack(0x000000738d000000,0x000000738d100000)]
  0x00000260d3acb140 JavaThread "C1 CompilerThread0" daemon [_thread_blocked, id=10520, stack(0x000000738d100000,0x000000738d200000)]
  0x00000260d3ad96a0 JavaThread "Sweeper thread" daemon [_thread_blocked, id=24924, stack(0x000000738d200000,0x000000738d300000)]
  0x00000260d7cef5f0 JavaThread "Common-Cleaner" daemon [_thread_blocked, id=19088, stack(0x000000738d300000,0x000000738d400000)]
  0x00000260d7dd6500 JavaThread "Notification Thread" daemon [_thread_blocked, id=24144, stack(0x000000738d400000,0x000000738d500000)]
  0x00000260d8765cc0 JavaThread "Daemon health stats" [_thread_blocked, id=25396, stack(0x000000738d900000,0x000000738da00000)]
  0x00000260d7d78a70 JavaThread "Incoming local TCP Connector on port 62181" [_thread_in_native, id=26912, stack(0x000000738da00000,0x000000738db00000)]
  0x00000260d8b564a0 JavaThread "Daemon periodic checks" [_thread_blocked, id=6672, stack(0x000000738db00000,0x000000738dc00000)]
  0x00000260d87767e0 JavaThread "Daemon" [_thread_blocked, id=14696, stack(0x000000738dc00000,0x000000738dd00000)]
  0x00000260d97690e0 JavaThread "Handler for socket connection from /127.0.0.1:62181 to /127.0.0.1:62182" [_thread_in_native, id=26096, stack(0x000000738dd00000,0x000000738de00000)]
  0x00000260d8b4a060 JavaThread "Cancel handler" [_thread_blocked, id=20956, stack(0x000000738de00000,0x000000738df00000)]
  0x00000260d8b4a5a0 JavaThread "Daemon worker" [_thread_in_native, id=1664, stack(0x000000738df00000,0x000000738e000000)]
  0x00000260d88403f0 JavaThread "Asynchronous log dispatcher for DefaultDaemonConnection: socket connection from /127.0.0.1:62181 to /127.0.0.1:62182" [_thread_blocked, id=6788, stack(0x000000738e000000,0x000000738e100000)]
  0x00000260d883e410 JavaThread "Stdin handler" [_thread_blocked, id=24396, stack(0x000000738e100000,0x000000738e200000)]
  0x00000260d883f400 JavaThread "Daemon client event forwarder" [_thread_blocked, id=15944, stack(0x000000738e200000,0x000000738e300000)]
  0x00000260d8840e90 JavaThread "Cache worker for journal cache (C:\Users\emuan\.gradle\caches\journal-1)" [_thread_blocked, id=21240, stack(0x000000738e300000,0x000000738e400000)]
  0x00000260d883dec0 JavaThread "File lock request listener" [_thread_in_native, id=16512, stack(0x000000738e400000,0x000000738e500000)]
  0x00000260d883e960 JavaThread "Cache worker for file hash cache (C:\Users\emuan\.gradle\caches\8.7\fileHashes)" [_thread_blocked, id=22096, stack(0x000000738e500000,0x000000738e600000)]
  0x00000260d8840940 JavaThread "Cache worker for file hash cache (C:\Users\emuan\Documents\GitHub\ProjetoFinal\.gradle\8.7\fileHashes)" [_thread_blocked, id=22164, stack(0x000000738e600000,0x000000738e700000)]
  0x00000260db6b69e0 JavaThread "File watcher server" daemon [_thread_in_native, id=13604, stack(0x000000738e700000,0x000000738e800000)]
  0x00000260db6b4f50 JavaThread "File watcher consumer" daemon [_thread_blocked, id=16856, stack(0x000000738e800000,0x000000738e900000)]
  0x00000260db6b7480 JavaThread "Cache worker for checksums cache (C:\Users\emuan\Documents\GitHub\ProjetoFinal\.gradle\8.7\checksums)" [_thread_blocked, id=14840, stack(0x000000738e900000,0x000000738ea00000)]
  0x00000260db6b5f40 JavaThread "Cache worker for cache directory md-supplier (C:\Users\emuan\.gradle\caches\8.7\md-supplier)" [_thread_blocked, id=20484, stack(0x000000738ea00000,0x000000738eb00000)]
  0x00000260db6b7f20 JavaThread "Cache worker for cache directory md-rule (C:\Users\emuan\.gradle\caches\8.7\md-rule)" [_thread_blocked, id=9052, stack(0x000000738eb00000,0x000000738ec00000)]
  0x00000260db6b3f60 JavaThread "Cache worker for file content cache (C:\Users\emuan\.gradle\caches\8.7\fileContent)" [_thread_blocked, id=24556, stack(0x000000738ec00000,0x000000738ed00000)]
  0x00000260db6b99b0 JavaThread "Cache worker for Build Output Cleanup Cache (C:\Users\emuan\Documents\GitHub\ProjetoFinal\.gradle\buildOutputCleanup)" [_thread_blocked, id=16160, stack(0x000000738ed00000,0x000000738ee00000)]
  0x00000260db6b44b0 JavaThread "Unconstrained build operations" [_thread_blocked, id=6936, stack(0x000000738f100000,0x000000738f200000)]
  0x00000260db6b79d0 JavaThread "Unconstrained build operations Thread 2" [_thread_blocked, id=19900, stack(0x000000738f200000,0x000000738f300000)]
  0x00000260db6b3a10 JavaThread "Unconstrained build operations Thread 3" [_thread_blocked, id=17836, stack(0x000000738f300000,0x000000738f400000)]
  0x00000260db6b4a00 JavaThread "Unconstrained build operations Thread 4" [_thread_blocked, id=14944, stack(0x000000738f400000,0x000000738f500000)]
  0x00000260db6b8470 JavaThread "Unconstrained build operations Thread 5" [_thread_blocked, id=10640, stack(0x000000738f500000,0x000000738f600000)]
  0x00000260db6b89c0 JavaThread "Unconstrained build operations Thread 6" [_thread_blocked, id=8312, stack(0x000000738f600000,0x000000738f700000)]
  0x00000260db6b9460 JavaThread "build event listener" [_thread_blocked, id=7112, stack(0x000000738f700000,0x000000738f800000)]
  0x00000260db6b24d0 JavaThread "Memory manager" [_thread_blocked, id=7004, stack(0x000000738f800000,0x000000738f900000)]
  0x00000260dc46f640 JavaThread "build event listener" [_thread_blocked, id=16416, stack(0x000000738f900000,0x000000738fa00000)]

Other Threads:
  0x00000260d3a92a60 VMThread "VM Thread" [stack: 0x000000738c900000,0x000000738ca00000] [id=6132]
  0x00000260b3b119a0 WatcherThread "VM Periodic Task Thread" [stack: 0x000000738d500000,0x000000738d600000] [id=17856]
  0x00000260b3b73c50 WorkerThread "GC Thread#0" [stack: 0x000000738c400000,0x000000738c500000] [id=10888]
  0x00000260d809c5a0 WorkerThread "GC Thread#1" [stack: 0x000000738d600000,0x000000738d700000] [id=18764]
  0x00000260d7fedc40 WorkerThread "GC Thread#2" [stack: 0x000000738d700000,0x000000738d800000] [id=22272]
  0x00000260d881c1c0 WorkerThread "GC Thread#3" [stack: 0x000000738d800000,0x000000738d900000] [id=15244]
  0x00000260b3b84ab0 ConcurrentGCThread "G1 Main Marker" [stack: 0x000000738c500000,0x000000738c600000] [id=13164]
  0x00000260b3b85580 WorkerThread "G1 Conc#0" [stack: 0x000000738c600000,0x000000738c700000] [id=20992]
  0x00000260d3948e10 ConcurrentGCThread "G1 Refine#0" [stack: 0x000000738c700000,0x000000738c800000] [id=7132]
  0x00000260d3949760 ConcurrentGCThread "G1 Service" [stack: 0x000000738c800000,0x000000738c900000] [id=19832]

Threads with active compile tasks:
C2 CompilerThread0    60189 10451       4       org.gradle.internal.reflect.ClassInspector::inspectClass (179 bytes)

VM state: not at safepoint (normal execution)

VM Mutex/Monitor currently owned by a thread: None

Heap address: 0x0000000080000000, size: 2048 MB, Compressed Oops mode: 32-bit

CDS archive(s) mapped at: [0x0000000800000000-0x0000000800c40000-0x0000000800c40000), size 12845056, SharedBaseAddress: 0x0000000800000000, ArchiveRelocationMode: 0.
Compressed class space mapped at: 0x0000000801000000-0x0000000841000000, reserved size: 1073741824
Narrow klass base: 0x0000000800000000, Narrow klass shift: 0, Narrow klass range: 0x100000000

GC Precious Log:
 CardTable entry size: 512
 Card Set container configuration: InlinePtr #cards 5 size 8 Array Of Cards #cards 12 size 40 Howl #buckets 4 coarsen threshold 1843 Howl Bitmap #cards 512 size 80 coarsen threshold 460 Card regions per heap region 1 cards per card region 2048
 CPUs: 4 total, 4 available
 Memory: 7934M
 Large Page Support: Disabled
 NUMA Support: Disabled
 Compressed Oops: Enabled (32-bit)
 Heap Region Size: 1M
 Heap Min Capacity: 8M
 Heap Initial Capacity: 124M
 Heap Max Capacity: 2G
 Pre-touch: Disabled
 Parallel Workers: 4
 Concurrent Workers: 1
 Concurrent Refinement Workers: 4
 Periodic GC: Disabled

Heap:
 garbage-first heap   total 232448K, used 135094K [0x0000000080000000, 0x0000000100000000)
  region size 1024K, 50 young (51200K), 10 survivors (10240K)
 Metaspace       used 90409K, committed 92480K, reserved 1179648K
  class space    used 12272K, committed 13376K, reserved 1048576K

Heap Regions: E=young(eden), S=young(survivor), O=old, HS=humongous(starts), HC=humongous(continues), CS=collection set, F=free, OA=open archive, CA=closed archive, TAMS=top-at-mark-start (previous, next)
|   0|0x0000000080000000, 0x0000000080100000, 0x0000000080100000|100%| O|  |TAMS 0x0000000080100000, 0x0000000080000000| Untracked 
|   1|0x0000000080100000, 0x0000000080200000, 0x0000000080200000|100%|HS|  |TAMS 0x0000000080200000, 0x0000000080100000| Complete 
|   2|0x0000000080200000, 0x0000000080300000, 0x0000000080300000|100%|HC|  |TAMS 0x0000000080300000, 0x0000000080200000| Complete 
|   3|0x0000000080300000, 0x0000000080400000, 0x0000000080400000|100%|HC|  |TAMS 0x0000000080400000, 0x0000000080300000| Complete 
|   4|0x0000000080400000, 0x0000000080500000, 0x0000000080500000|100%|HC|  |TAMS 0x0000000080500000, 0x0000000080400000| Complete 
|   5|0x0000000080500000, 0x0000000080600000, 0x0000000080600000|100%| O|  |TAMS 0x0000000080600000, 0x0000000080500000| Untracked 
|   6|0x0000000080600000, 0x0000000080700000, 0x0000000080700000|100%| O|  |TAMS 0x0000000080700000, 0x0000000080600000| Untracked 
|   7|0x0000000080700000, 0x0000000080800000, 0x0000000080800000|100%| O|  |TAMS 0x0000000080800000, 0x0000000080700000| Untracked 
|   8|0x0000000080800000, 0x0000000080900000, 0x0000000080900000|100%| O|  |TAMS 0x0000000080900000, 0x0000000080800000| Untracked 
|   9|0x0000000080900000, 0x0000000080a00000, 0x0000000080a00000|100%| O|  |TAMS 0x0000000080a00000, 0x0000000080900000| Untracked 
|  10|0x0000000080a00000, 0x0000000080b00000, 0x0000000080b00000|100%| O|  |TAMS 0x0000000080b00000, 0x0000000080a00000| Untracked 
|  11|0x0000000080b00000, 0x0000000080c00000, 0x0000000080c00000|100%| O|  |TAMS 0x0000000080c00000, 0x0000000080b00000| Untracked 
|  12|0x0000000080c00000, 0x0000000080d00000, 0x0000000080d00000|100%| O|  |TAMS 0x0000000080d00000, 0x0000000080c00000| Untracked 
|  13|0x0000000080d00000, 0x0000000080e00000, 0x0000000080e00000|100%| O|  |TAMS 0x0000000080e00000, 0x0000000080d00000| Untracked 
|  14|0x0000000080e00000, 0x0000000080f00000, 0x0000000080f00000|100%| O|  |TAMS 0x0000000080f00000, 0x0000000080e00000| Untracked 
|  15|0x0000000080f00000, 0x0000000081000000, 0x0000000081000000|100%| O|  |TAMS 0x0000000081000000, 0x0000000080f00000| Untracked 
|  16|0x0000000081000000, 0x0000000081100000, 0x0000000081100000|100%| O|  |TAMS 0x0000000081100000, 0x0000000081000000| Untracked 
|  17|0x0000000081100000, 0x0000000081200000, 0x0000000081200000|100%| O|  |TAMS 0x0000000081200000, 0x0000000081100000| Untracked 
|  18|0x0000000081200000, 0x0000000081300000, 0x0000000081300000|100%| O|  |TAMS 0x0000000081300000, 0x0000000081200000| Untracked 
|  19|0x0000000081300000, 0x0000000081400000, 0x0000000081400000|100%| O|  |TAMS 0x0000000081400000, 0x0000000081300000| Untracked 
|  20|0x0000000081400000, 0x0000000081500000, 0x0000000081500000|100%| O|  |TAMS 0x0000000081500000, 0x0000000081400000| Untracked 
|  21|0x0000000081500000, 0x0000000081600000, 0x0000000081600000|100%| O|  |TAMS 0x0000000081600000, 0x0000000081500000| Untracked 
|  22|0x0000000081600000, 0x0000000081700000, 0x0000000081700000|100%| O|  |TAMS 0x0000000081700000, 0x0000000081600000| Untracked 
|  23|0x0000000081700000, 0x0000000081800000, 0x0000000081800000|100%| O|  |TAMS 0x0000000081800000, 0x0000000081700000| Untracked 
|  24|0x0000000081800000, 0x0000000081900000, 0x0000000081900000|100%| O|  |TAMS 0x0000000081900000, 0x0000000081800000| Untracked 
|  25|0x0000000081900000, 0x0000000081a00000, 0x0000000081a00000|100%| O|  |TAMS 0x0000000081a00000, 0x0000000081900000| Untracked 
|  26|0x0000000081a00000, 0x0000000081b00000, 0x0000000081b00000|100%| O|  |TAMS 0x0000000081b00000, 0x0000000081a00000| Untracked 
|  27|0x0000000081b00000, 0x0000000081c00000, 0x0000000081c00000|100%| O|  |TAMS 0x0000000081c00000, 0x0000000081b00000| Untracked 
|  28|0x0000000081c00000, 0x0000000081d00000, 0x0000000081d00000|100%| O|  |TAMS 0x0000000081d00000, 0x0000000081c00000| Untracked 
|  29|0x0000000081d00000, 0x0000000081e00000, 0x0000000081e00000|100%| O|  |TAMS 0x0000000081e00000, 0x0000000081d00000| Untracked 
|  30|0x0000000081e00000, 0x0000000081f00000, 0x0000000081f00000|100%| O|  |TAMS 0x0000000081f00000, 0x0000000081e00000| Untracked 
|  31|0x0000000081f00000, 0x0000000082000000, 0x0000000082000000|100%|HS|  |TAMS 0x0000000082000000, 0x0000000081f00000| Complete 
|  32|0x0000000082000000, 0x0000000082100000, 0x0000000082100000|100%| O|  |TAMS 0x0000000082100000, 0x0000000082000000| Untracked 
|  33|0x0000000082100000, 0x0000000082200000, 0x0000000082200000|100%| O|  |TAMS 0x0000000082200000, 0x0000000082100000| Untracked 
|  34|0x0000000082200000, 0x0000000082300000, 0x0000000082300000|100%| O|  |TAMS 0x0000000082300000, 0x0000000082200000| Untracked 
|  35|0x0000000082300000, 0x0000000082400000, 0x0000000082400000|100%| O|  |TAMS 0x0000000082400000, 0x0000000082300000| Untracked 
|  36|0x0000000082400000, 0x0000000082500000, 0x0000000082500000|100%| O|  |TAMS 0x0000000082500000, 0x0000000082400000| Untracked 
|  37|0x0000000082500000, 0x0000000082600000, 0x0000000082600000|100%| O|  |TAMS 0x0000000082600000, 0x0000000082500000| Untracked 
|  38|0x0000000082600000, 0x0000000082700000, 0x0000000082700000|100%| O|  |TAMS 0x0000000082700000, 0x0000000082600000| Untracked 
|  39|0x0000000082700000, 0x0000000082800000, 0x0000000082800000|100%| O|  |TAMS 0x0000000082800000, 0x0000000082700000| Untracked 
|  40|0x0000000082800000, 0x0000000082900000, 0x0000000082900000|100%|HS|  |TAMS 0x0000000082800000, 0x0000000082800000| Complete 
|  41|0x0000000082900000, 0x0000000082a00000, 0x0000000082a00000|100%| O|  |TAMS 0x0000000082900000, 0x0000000082900000| Untracked 
|  42|0x0000000082a00000, 0x0000000082b00000, 0x0000000082b00000|100%| O|  |TAMS 0x0000000082a00000, 0x0000000082a00000| Untracked 
|  43|0x0000000082b00000, 0x0000000082c00000, 0x0000000082c00000|100%|HS|  |TAMS 0x0000000082c00000, 0x0000000082b00000| Complete 
|  44|0x0000000082c00000, 0x0000000082d00000, 0x0000000082d00000|100%|HS|  |TAMS 0x0000000082d00000, 0x0000000082c00000| Complete 
|  45|0x0000000082d00000, 0x0000000082e00000, 0x0000000082e00000|100%|HS|  |TAMS 0x0000000082e00000, 0x0000000082d00000| Complete 
|  46|0x0000000082e00000, 0x0000000082f00000, 0x0000000082f00000|100%|HC|  |TAMS 0x0000000082f00000, 0x0000000082e00000| Complete 
|  47|0x0000000082f00000, 0x0000000083000000, 0x0000000083000000|100%|HS|  |TAMS 0x0000000083000000, 0x0000000082f00000| Complete 
|  48|0x0000000083000000, 0x0000000083100000, 0x0000000083100000|100%|HC|  |TAMS 0x0000000083100000, 0x0000000083000000| Complete 
|  49|0x0000000083100000, 0x0000000083200000, 0x0000000083200000|100%|HS|  |TAMS 0x0000000083200000, 0x0000000083100000| Complete 
|  50|0x0000000083200000, 0x0000000083300000, 0x0000000083300000|100%|HS|  |TAMS 0x0000000083300000, 0x0000000083200000| Complete 
|  51|0x0000000083300000, 0x0000000083400000, 0x0000000083400000|100%|HC|  |TAMS 0x0000000083400000, 0x0000000083300000| Complete 
|  52|0x0000000083400000, 0x0000000083500000, 0x0000000083500000|100%|HC|  |TAMS 0x0000000083500000, 0x0000000083400000| Complete 
|  53|0x0000000083500000, 0x0000000083600000, 0x0000000083600000|100%|HC|  |TAMS 0x0000000083600000, 0x0000000083500000| Complete 
|  54|0x0000000083600000, 0x0000000083700000, 0x0000000083700000|100%|HS|  |TAMS 0x0000000083700000, 0x0000000083600000| Complete 
|  55|0x0000000083700000, 0x0000000083800000, 0x0000000083800000|100%| O|  |TAMS 0x0000000083800000, 0x0000000083700000| Untracked 
|  56|0x0000000083800000, 0x0000000083900000, 0x0000000083900000|100%|HS|  |TAMS 0x0000000083900000, 0x0000000083800000| Complete 
|  57|0x0000000083900000, 0x0000000083a00000, 0x0000000083a00000|100%| O|  |TAMS 0x0000000083a00000, 0x0000000083900000| Untracked 
|  58|0x0000000083a00000, 0x0000000083b00000, 0x0000000083b00000|100%| O|  |TAMS 0x0000000083b00000, 0x0000000083a00000| Untracked 
|  59|0x0000000083b00000, 0x0000000083c00000, 0x0000000083c00000|100%| O|  |TAMS 0x0000000083c00000, 0x0000000083b00000| Untracked 
|  60|0x0000000083c00000, 0x0000000083d00000, 0x0000000083d00000|100%| O|  |TAMS 0x0000000083d00000, 0x0000000083c00000| Untracked 
|  61|0x0000000083d00000, 0x0000000083e00000, 0x0000000083e00000|100%| O|  |TAMS 0x0000000083e00000, 0x0000000083d00000| Untracked 
|  62|0x0000000083e00000, 0x0000000083f00000, 0x0000000083f00000|100%| O|  |TAMS 0x0000000083f00000, 0x0000000083e00000| Untracked 
|  63|0x0000000083f00000, 0x0000000084000000, 0x0000000084000000|100%| O|  |TAMS 0x0000000084000000, 0x0000000083f00000| Untracked 
|  64|0x0000000084000000, 0x0000000084100000, 0x0000000084100000|100%| O|  |TAMS 0x0000000084100000, 0x0000000084000000| Untracked 
|  65|0x0000000084100000, 0x0000000084200000, 0x0000000084200000|100%|HS|  |TAMS 0x0000000084100000, 0x0000000084100000| Complete 
|  66|0x0000000084200000, 0x0000000084300000, 0x0000000084300000|100%| O|  |TAMS 0x0000000084300000, 0x0000000084200000| Untracked 
|  67|0x0000000084300000, 0x0000000084400000, 0x0000000084400000|100%| O|  |TAMS 0x0000000084400000, 0x0000000084300000| Untracked 
|  68|0x0000000084400000, 0x0000000084500000, 0x0000000084500000|100%| O|  |TAMS 0x0000000084407c00, 0x0000000084400000| Untracked 
|  69|0x0000000084500000, 0x0000000084600000, 0x0000000084600000|100%| O|  |TAMS 0x0000000084500000, 0x0000000084500000| Untracked 
|  70|0x0000000084600000, 0x0000000084700000, 0x0000000084700000|100%| O|  |TAMS 0x0000000084600000, 0x0000000084600000| Untracked 
|  71|0x0000000084700000, 0x0000000084800000, 0x0000000084800000|100%| O|  |TAMS 0x0000000084700000, 0x0000000084700000| Untracked 
|  72|0x0000000084800000, 0x0000000084900000, 0x0000000084900000|100%|HS|  |TAMS 0x0000000084800000, 0x0000000084800000| Complete 
|  73|0x0000000084900000, 0x0000000084a00000, 0x0000000084a00000|100%|HC|  |TAMS 0x0000000084900000, 0x0000000084900000| Complete 
|  74|0x0000000084a00000, 0x0000000084b00000, 0x0000000084b00000|100%|HC|  |TAMS 0x0000000084a00000, 0x0000000084a00000| Complete 
|  75|0x0000000084b00000, 0x0000000084c00000, 0x0000000084c00000|100%|HC|  |TAMS 0x0000000084b00000, 0x0000000084b00000| Complete 
|  76|0x0000000084c00000, 0x0000000084d00000, 0x0000000084d00000|100%| O|  |TAMS 0x0000000084c00000, 0x0000000084c00000| Untracked 
|  77|0x0000000084d00000, 0x0000000084d00000, 0x0000000084e00000|  0%| F|  |TAMS 0x0000000084d00000, 0x0000000084d00000| Untracked 
|  78|0x0000000084e00000, 0x0000000084f00000, 0x0000000084f00000|100%| O|  |TAMS 0x0000000084e00000, 0x0000000084e00000| Untracked 
|  79|0x0000000084f00000, 0x0000000085000000, 0x0000000085000000|100%| O|  |TAMS 0x0000000084f00000, 0x0000000084f00000| Untracked 
|  80|0x0000000085000000, 0x0000000085100000, 0x0000000085100000|100%| O|  |TAMS 0x0000000085000000, 0x0000000085000000| Untracked 
|  81|0x0000000085100000, 0x0000000085200000, 0x0000000085200000|100%| O|  |TAMS 0x0000000085100000, 0x0000000085100000| Untracked 
|  82|0x0000000085200000, 0x0000000085300000, 0x0000000085300000|100%| O|  |TAMS 0x0000000085200000, 0x0000000085200000| Untracked 
|  83|0x0000000085300000, 0x00000000853ed800, 0x0000000085400000| 92%| O|  |TAMS 0x0000000085300000, 0x0000000085300000| Untracked 
|  84|0x0000000085400000, 0x0000000085400000, 0x0000000085500000|  0%| F|  |TAMS 0x0000000085400000, 0x0000000085400000| Untracked 
|  85|0x0000000085500000, 0x0000000085500000, 0x0000000085600000|  0%| F|  |TAMS 0x0000000085500000, 0x0000000085500000| Untracked 
|  86|0x0000000085600000, 0x0000000085600000, 0x0000000085700000|  0%| F|  |TAMS 0x0000000085600000, 0x0000000085600000| Untracked 
|  87|0x0000000085700000, 0x0000000085700000, 0x0000000085800000|  0%| F|  |TAMS 0x0000000085700000, 0x0000000085700000| Untracked 
|  88|0x0000000085800000, 0x0000000085800000, 0x0000000085900000|  0%| F|  |TAMS 0x0000000085800000, 0x0000000085800000| Untracked 
|  89|0x0000000085900000, 0x0000000085900000, 0x0000000085a00000|  0%| F|  |TAMS 0x0000000085900000, 0x0000000085900000| Untracked 
|  90|0x0000000085a00000, 0x0000000085a00000, 0x0000000085b00000|  0%| F|  |TAMS 0x0000000085a00000, 0x0000000085a00000| Untracked 
|  91|0x0000000085b00000, 0x0000000085b00000, 0x0000000085c00000|  0%| F|  |TAMS 0x0000000085b00000, 0x0000000085b00000| Untracked 
|  92|0x0000000085c00000, 0x0000000085c00000, 0x0000000085d00000|  0%| F|  |TAMS 0x0000000085c00000, 0x0000000085c00000| Untracked 
|  93|0x0000000085d00000, 0x0000000085d00000, 0x0000000085e00000|  0%| F|  |TAMS 0x0000000085d00000, 0x0000000085d00000| Untracked 
|  94|0x0000000085e00000, 0x0000000085e00000, 0x0000000085f00000|  0%| F|  |TAMS 0x0000000085e00000, 0x0000000085e00000| Untracked 
|  95|0x0000000085f00000, 0x0000000085f00000, 0x0000000086000000|  0%| F|  |TAMS 0x0000000085f00000, 0x0000000085f00000| Untracked 
|  96|0x0000000086000000, 0x0000000086000000, 0x0000000086100000|  0%| F|  |TAMS 0x0000000086000000, 0x0000000086000000| Untracked 
|  97|0x0000000086100000, 0x0000000086100000, 0x0000000086200000|  0%| F|  |TAMS 0x0000000086100000, 0x0000000086100000| Untracked 
|  98|0x0000000086200000, 0x0000000086200000, 0x0000000086300000|  0%| F|  |TAMS 0x0000000086200000, 0x0000000086200000| Untracked 
|  99|0x0000000086300000, 0x0000000086300000, 0x0000000086400000|  0%| F|  |TAMS 0x0000000086300000, 0x0000000086300000| Untracked 
| 100|0x0000000086400000, 0x0000000086400000, 0x0000000086500000|  0%| F|  |TAMS 0x0000000086400000, 0x0000000086400000| Untracked 
| 101|0x0000000086500000, 0x0000000086500000, 0x0000000086600000|  0%| F|  |TAMS 0x0000000086500000, 0x0000000086500000| Untracked 
| 102|0x0000000086600000, 0x0000000086600000, 0x0000000086700000|  0%| F|  |TAMS 0x0000000086600000, 0x0000000086600000| Untracked 
| 103|0x0000000086700000, 0x0000000086700000, 0x0000000086800000|  0%| F|  |TAMS 0x0000000086700000, 0x0000000086700000| Untracked 
| 104|0x0000000086800000, 0x0000000086800000, 0x0000000086900000|  0%| F|  |TAMS 0x0000000086800000, 0x0000000086800000| Untracked 
| 105|0x0000000086900000, 0x0000000086900000, 0x0000000086a00000|  0%| F|  |TAMS 0x0000000086900000, 0x0000000086900000| Untracked 
| 106|0x0000000086a00000, 0x0000000086a00000, 0x0000000086b00000|  0%| F|  |TAMS 0x0000000086a00000, 0x0000000086a00000| Untracked 
| 107|0x0000000086b00000, 0x0000000086b00000, 0x0000000086c00000|  0%| F|  |TAMS 0x0000000086b00000, 0x0000000086b00000| Untracked 
| 108|0x0000000086c00000, 0x0000000086c00000, 0x0000000086d00000|  0%| F|  |TAMS 0x0000000086c00000, 0x0000000086c00000| Untracked 
| 109|0x0000000086d00000, 0x0000000086d00000, 0x0000000086e00000|  0%| F|  |TAMS 0x0000000086d00000, 0x0000000086d00000| Untracked 
| 110|0x0000000086e00000, 0x0000000086e00000, 0x0000000086f00000|  0%| F|  |TAMS 0x0000000086e00000, 0x0000000086e00000| Untracked 
| 111|0x0000000086f00000, 0x0000000086f00000, 0x0000000087000000|  0%| F|  |TAMS 0x0000000086f00000, 0x0000000086f00000| Untracked 
| 112|0x0000000087000000, 0x0000000087000000, 0x0000000087100000|  0%| F|  |TAMS 0x0000000087000000, 0x0000000087000000| Untracked 
| 113|0x0000000087100000, 0x0000000087100000, 0x0000000087200000|  0%| F|  |TAMS 0x0000000087100000, 0x0000000087100000| Untracked 
| 114|0x0000000087200000, 0x0000000087200000, 0x0000000087300000|  0%| F|  |TAMS 0x0000000087200000, 0x0000000087200000| Untracked 
| 115|0x0000000087300000, 0x0000000087300000, 0x0000000087400000|  0%| F|  |TAMS 0x0000000087300000, 0x0000000087300000| Untracked 
| 116|0x0000000087400000, 0x0000000087400000, 0x0000000087500000|  0%| F|  |TAMS 0x0000000087400000, 0x0000000087400000| Untracked 
| 117|0x0000000087500000, 0x0000000087500000, 0x0000000087600000|  0%| F|  |TAMS 0x0000000087500000, 0x0000000087500000| Untracked 
| 118|0x0000000087600000, 0x0000000087600000, 0x0000000087700000|  0%| F|  |TAMS 0x0000000087600000, 0x0000000087600000| Untracked 
| 119|0x0000000087700000, 0x0000000087700000, 0x0000000087800000|  0%| F|  |TAMS 0x0000000087700000, 0x0000000087700000| Untracked 
| 120|0x0000000087800000, 0x0000000087800000, 0x0000000087900000|  0%| F|  |TAMS 0x0000000087800000, 0x0000000087800000| Untracked 
| 121|0x0000000087900000, 0x0000000087900000, 0x0000000087a00000|  0%| F|  |TAMS 0x0000000087900000, 0x0000000087900000| Untracked 
| 122|0x0000000087a00000, 0x0000000087a00000, 0x0000000087b00000|  0%| F|  |TAMS 0x0000000087a00000, 0x0000000087a00000| Untracked 
| 123|0x0000000087b00000, 0x0000000087b00000, 0x0000000087c00000|  0%| F|  |TAMS 0x0000000087b00000, 0x0000000087b00000| Untracked 
| 124|0x0000000087c00000, 0x0000000087d00000, 0x0000000087d00000|100%| S|CS|TAMS 0x0000000087c00000, 0x0000000087c00000| Complete 
| 125|0x0000000087d00000, 0x0000000087e00000, 0x0000000087e00000|100%| S|CS|TAMS 0x0000000087d00000, 0x0000000087d00000| Complete 
| 126|0x0000000087e00000, 0x0000000087f00000, 0x0000000087f00000|100%| S|CS|TAMS 0x0000000087e00000, 0x0000000087e00000| Complete 
| 127|0x0000000087f00000, 0x0000000088000000, 0x0000000088000000|100%| S|CS|TAMS 0x0000000087f00000, 0x0000000087f00000| Complete 
| 128|0x0000000088000000, 0x0000000088100000, 0x0000000088100000|100%| S|CS|TAMS 0x0000000088000000, 0x0000000088000000| Complete 
| 129|0x0000000088100000, 0x0000000088200000, 0x0000000088200000|100%| S|CS|TAMS 0x0000000088100000, 0x0000000088100000| Complete 
| 130|0x0000000088200000, 0x0000000088300000, 0x0000000088300000|100%| S|CS|TAMS 0x0000000088200000, 0x0000000088200000| Complete 
| 131|0x0000000088300000, 0x0000000088400000, 0x0000000088400000|100%| S|CS|TAMS 0x0000000088300000, 0x0000000088300000| Complete 
| 132|0x0000000088400000, 0x0000000088400000, 0x0000000088500000|  0%| F|  |TAMS 0x0000000088400000, 0x0000000088400000| Untracked 
| 133|0x0000000088500000, 0x0000000088500000, 0x0000000088600000|  0%| F|  |TAMS 0x0000000088500000, 0x0000000088500000| Untracked 
| 134|0x0000000088600000, 0x0000000088600000, 0x0000000088700000|  0%| F|  |TAMS 0x0000000088600000, 0x0000000088600000| Untracked 
| 135|0x0000000088700000, 0x0000000088700000, 0x0000000088800000|  0%| F|  |TAMS 0x0000000088700000, 0x0000000088700000| Untracked 
| 136|0x0000000088800000, 0x0000000088900000, 0x0000000088900000|100%| S|CS|TAMS 0x0000000088800000, 0x0000000088800000| Complete 
| 137|0x0000000088900000, 0x0000000088a00000, 0x0000000088a00000|100%| S|CS|TAMS 0x0000000088900000, 0x0000000088900000| Complete 
| 138|0x0000000088a00000, 0x0000000088a00000, 0x0000000088b00000|  0%| F|  |TAMS 0x0000000088a00000, 0x0000000088a00000| Untracked 
| 139|0x0000000088b00000, 0x0000000088b00000, 0x0000000088c00000|  0%| F|  |TAMS 0x0000000088b00000, 0x0000000088b00000| Untracked 
| 140|0x0000000088c00000, 0x0000000088c00000, 0x0000000088d00000|  0%| F|  |TAMS 0x0000000088c00000, 0x0000000088c00000| Untracked 
| 141|0x0000000088d00000, 0x0000000088d00000, 0x0000000088e00000|  0%| F|  |TAMS 0x0000000088d00000, 0x0000000088d00000| Untracked 
| 142|0x0000000088e00000, 0x0000000088e00000, 0x0000000088f00000|  0%| F|  |TAMS 0x0000000088e00000, 0x0000000088e00000| Untracked 
| 143|0x0000000088f00000, 0x0000000088f00000, 0x0000000089000000|  0%| F|  |TAMS 0x0000000088f00000, 0x0000000088f00000| Untracked 
| 144|0x0000000089000000, 0x0000000089000000, 0x0000000089100000|  0%| F|  |TAMS 0x0000000089000000, 0x0000000089000000| Untracked 
| 145|0x0000000089100000, 0x0000000089100000, 0x0000000089200000|  0%| F|  |TAMS 0x0000000089100000, 0x0000000089100000| Untracked 
| 146|0x0000000089200000, 0x0000000089200000, 0x0000000089300000|  0%| F|  |TAMS 0x0000000089200000, 0x0000000089200000| Untracked 
| 147|0x0000000089300000, 0x0000000089300000, 0x0000000089400000|  0%| F|  |TAMS 0x0000000089300000, 0x0000000089300000| Untracked 
| 148|0x0000000089400000, 0x0000000089400000, 0x0000000089500000|  0%| F|  |TAMS 0x0000000089400000, 0x0000000089400000| Untracked 
| 149|0x0000000089500000, 0x0000000089500000, 0x0000000089600000|  0%| F|  |TAMS 0x0000000089500000, 0x0000000089500000| Untracked 
| 150|0x0000000089600000, 0x0000000089600000, 0x0000000089700000|  0%| F|  |TAMS 0x0000000089600000, 0x0000000089600000| Untracked 
| 151|0x0000000089700000, 0x0000000089700000, 0x0000000089800000|  0%| F|  |TAMS 0x0000000089700000, 0x0000000089700000| Untracked 
| 152|0x0000000089800000, 0x0000000089800000, 0x0000000089900000|  0%| F|  |TAMS 0x0000000089800000, 0x0000000089800000| Untracked 
| 153|0x0000000089900000, 0x0000000089900000, 0x0000000089a00000|  0%| F|  |TAMS 0x0000000089900000, 0x0000000089900000| Untracked 
| 154|0x0000000089a00000, 0x0000000089a00000, 0x0000000089b00000|  0%| F|  |TAMS 0x0000000089a00000, 0x0000000089a00000| Untracked 
| 155|0x0000000089b00000, 0x0000000089b00000, 0x0000000089c00000|  0%| F|  |TAMS 0x0000000089b00000, 0x0000000089b00000| Untracked 
| 156|0x0000000089c00000, 0x0000000089c00000, 0x0000000089d00000|  0%| F|  |TAMS 0x0000000089c00000, 0x0000000089c00000| Untracked 
| 157|0x0000000089d00000, 0x0000000089d00000, 0x0000000089e00000|  0%| F|  |TAMS 0x0000000089d00000, 0x0000000089d00000| Untracked 
| 158|0x0000000089e00000, 0x0000000089e00000, 0x0000000089f00000|  0%| F|  |TAMS 0x0000000089e00000, 0x0000000089e00000| Untracked 
| 159|0x0000000089f00000, 0x0000000089f00000, 0x000000008a000000|  0%| F|  |TAMS 0x0000000089f00000, 0x0000000089f00000| Untracked 
| 160|0x000000008a000000, 0x000000008a000000, 0x000000008a100000|  0%| F|  |TAMS 0x000000008a000000, 0x000000008a000000| Untracked 
| 161|0x000000008a100000, 0x000000008a100000, 0x000000008a200000|  0%| F|  |TAMS 0x000000008a100000, 0x000000008a100000| Untracked 
| 162|0x000000008a200000, 0x000000008a200000, 0x000000008a300000|  0%| F|  |TAMS 0x000000008a200000, 0x000000008a200000| Untracked 
| 163|0x000000008a300000, 0x000000008a300000, 0x000000008a400000|  0%| F|  |TAMS 0x000000008a300000, 0x000000008a300000| Untracked 
| 164|0x000000008a400000, 0x000000008a400000, 0x000000008a500000|  0%| F|  |TAMS 0x000000008a400000, 0x000000008a400000| Untracked 
| 165|0x000000008a500000, 0x000000008a500000, 0x000000008a600000|  0%| F|  |TAMS 0x000000008a500000, 0x000000008a500000| Untracked 
| 166|0x000000008a600000, 0x000000008a600000, 0x000000008a700000|  0%| F|  |TAMS 0x000000008a600000, 0x000000008a600000| Untracked 
| 167|0x000000008a700000, 0x000000008a700000, 0x000000008a800000|  0%| F|  |TAMS 0x000000008a700000, 0x000000008a700000| Untracked 
| 168|0x000000008a800000, 0x000000008a800000, 0x000000008a900000|  0%| F|  |TAMS 0x000000008a800000, 0x000000008a800000| Untracked 
| 169|0x000000008a900000, 0x000000008a900000, 0x000000008aa00000|  0%| F|  |TAMS 0x000000008a900000, 0x000000008a900000| Untracked 
| 170|0x000000008aa00000, 0x000000008aa00000, 0x000000008ab00000|  0%| F|  |TAMS 0x000000008aa00000, 0x000000008aa00000| Untracked 
| 171|0x000000008ab00000, 0x000000008ab00000, 0x000000008ac00000|  0%| F|  |TAMS 0x000000008ab00000, 0x000000008ab00000| Untracked 
| 172|0x000000008ac00000, 0x000000008ac00000, 0x000000008ad00000|  0%| F|  |TAMS 0x000000008ac00000, 0x000000008ac00000| Untracked 
| 173|0x000000008ad00000, 0x000000008ad00000, 0x000000008ae00000|  0%| F|  |TAMS 0x000000008ad00000, 0x000000008ad00000| Untracked 
| 174|0x000000008ae00000, 0x000000008ae00000, 0x000000008af00000|  0%| F|  |TAMS 0x000000008ae00000, 0x000000008ae00000| Untracked 
| 175|0x000000008af00000, 0x000000008af00000, 0x000000008b000000|  0%| F|  |TAMS 0x000000008af00000, 0x000000008af00000| Untracked 
| 176|0x000000008b000000, 0x000000008b000000, 0x000000008b100000|  0%| F|  |TAMS 0x000000008b000000, 0x000000008b000000| Untracked 
| 177|0x000000008b100000, 0x000000008b100000, 0x000000008b200000|  0%| F|  |TAMS 0x000000008b100000, 0x000000008b100000| Untracked 
| 178|0x000000008b200000, 0x000000008b200000, 0x000000008b300000|  0%| F|  |TAMS 0x000000008b200000, 0x000000008b200000| Untracked 
| 179|0x000000008b300000, 0x000000008b300000, 0x000000008b400000|  0%| F|  |TAMS 0x000000008b300000, 0x000000008b300000| Untracked 
| 180|0x000000008b400000, 0x000000008b400000, 0x000000008b500000|  0%| F|  |TAMS 0x000000008b400000, 0x000000008b400000| Untracked 
| 181|0x000000008b500000, 0x000000008b500000, 0x000000008b600000|  0%| F|  |TAMS 0x000000008b500000, 0x000000008b500000| Untracked 
| 182|0x000000008b600000, 0x000000008b600000, 0x000000008b700000|  0%| F|  |TAMS 0x000000008b600000, 0x000000008b600000| Untracked 
| 183|0x000000008b700000, 0x000000008b700000, 0x000000008b800000|  0%| F|  |TAMS 0x000000008b700000, 0x000000008b700000| Untracked 
| 184|0x000000008b800000, 0x000000008b800000, 0x000000008b900000|  0%| F|  |TAMS 0x000000008b800000, 0x000000008b800000| Untracked 
| 185|0x000000008b900000, 0x000000008b900000, 0x000000008ba00000|  0%| F|  |TAMS 0x000000008b900000, 0x000000008b900000| Untracked 
| 186|0x000000008ba00000, 0x000000008bb00000, 0x000000008bb00000|100%| E|  |TAMS 0x000000008ba00000, 0x000000008ba00000| Complete 
| 187|0x000000008bb00000, 0x000000008bc00000, 0x000000008bc00000|100%| E|CS|TAMS 0x000000008bb00000, 0x000000008bb00000| Complete 
| 188|0x000000008bc00000, 0x000000008bd00000, 0x000000008bd00000|100%| E|CS|TAMS 0x000000008bc00000, 0x000000008bc00000| Complete 
| 189|0x000000008bd00000, 0x000000008be00000, 0x000000008be00000|100%| E|CS|TAMS 0x000000008bd00000, 0x000000008bd00000| Complete 
| 190|0x000000008be00000, 0x000000008bf00000, 0x000000008bf00000|100%| E|CS|TAMS 0x000000008be00000, 0x000000008be00000| Complete 
| 191|0x000000008bf00000, 0x000000008c000000, 0x000000008c000000|100%| E|CS|TAMS 0x000000008bf00000, 0x000000008bf00000| Complete 
| 192|0x000000008c000000, 0x000000008c100000, 0x000000008c100000|100%| E|CS|TAMS 0x000000008c000000, 0x000000008c000000| Complete 
| 193|0x000000008c100000, 0x000000008c200000, 0x000000008c200000|100%| E|CS|TAMS 0x000000008c100000, 0x000000008c100000| Complete 
| 194|0x000000008c200000, 0x000000008c300000, 0x000000008c300000|100%| E|CS|TAMS 0x000000008c200000, 0x000000008c200000| Complete 
| 195|0x000000008c300000, 0x000000008c400000, 0x000000008c400000|100%| E|CS|TAMS 0x000000008c300000, 0x000000008c300000| Complete 
| 196|0x000000008c400000, 0x000000008c500000, 0x000000008c500000|100%| E|CS|TAMS 0x000000008c400000, 0x000000008c400000| Complete 
| 197|0x000000008c500000, 0x000000008c600000, 0x000000008c600000|100%| E|CS|TAMS 0x000000008c500000, 0x000000008c500000| Complete 
| 198|0x000000008c600000, 0x000000008c700000, 0x000000008c700000|100%| E|CS|TAMS 0x000000008c600000, 0x000000008c600000| Complete 
| 199|0x000000008c700000, 0x000000008c800000, 0x000000008c800000|100%| E|CS|TAMS 0x000000008c700000, 0x000000008c700000| Complete 
| 200|0x000000008c800000, 0x000000008c900000, 0x000000008c900000|100%| E|CS|TAMS 0x000000008c800000, 0x000000008c800000| Complete 
| 201|0x000000008c900000, 0x000000008ca00000, 0x000000008ca00000|100%| E|CS|TAMS 0x000000008c900000, 0x000000008c900000| Complete 
| 202|0x000000008ca00000, 0x000000008cb00000, 0x000000008cb00000|100%| E|CS|TAMS 0x000000008ca00000, 0x000000008ca00000| Complete 
| 203|0x000000008cb00000, 0x000000008cc00000, 0x000000008cc00000|100%| E|CS|TAMS 0x000000008cb00000, 0x000000008cb00000| Complete 
| 204|0x000000008cc00000, 0x000000008cd00000, 0x000000008cd00000|100%| E|CS|TAMS 0x000000008cc00000, 0x000000008cc00000| Complete 
| 205|0x000000008cd00000, 0x000000008ce00000, 0x000000008ce00000|100%| E|CS|TAMS 0x000000008cd00000, 0x000000008cd00000| Complete 
| 206|0x000000008ce00000, 0x000000008cf00000, 0x000000008cf00000|100%| E|CS|TAMS 0x000000008ce00000, 0x000000008ce00000| Complete 
| 207|0x000000008cf00000, 0x000000008d000000, 0x000000008d000000|100%| E|CS|TAMS 0x000000008cf00000, 0x000000008cf00000| Complete 
| 208|0x000000008d000000, 0x000000008d100000, 0x000000008d100000|100%| E|CS|TAMS 0x000000008d000000, 0x000000008d000000| Complete 
| 209|0x000000008d100000, 0x000000008d200000, 0x000000008d200000|100%| E|CS|TAMS 0x000000008d100000, 0x000000008d100000| Complete 
| 210|0x000000008d200000, 0x000000008d300000, 0x000000008d300000|100%| E|CS|TAMS 0x000000008d200000, 0x000000008d200000| Complete 
| 211|0x000000008d300000, 0x000000008d400000, 0x000000008d400000|100%| E|CS|TAMS 0x000000008d300000, 0x000000008d300000| Complete 
| 212|0x000000008d400000, 0x000000008d500000, 0x000000008d500000|100%| E|CS|TAMS 0x000000008d400000, 0x000000008d400000| Complete 
| 213|0x000000008d500000, 0x000000008d600000, 0x000000008d600000|100%| E|CS|TAMS 0x000000008d500000, 0x000000008d500000| Complete 
| 214|0x000000008d600000, 0x000000008d700000, 0x000000008d700000|100%| E|CS|TAMS 0x000000008d600000, 0x000000008d600000| Complete 
| 215|0x000000008d700000, 0x000000008d800000, 0x000000008d800000|100%| E|CS|TAMS 0x000000008d700000, 0x000000008d700000| Complete 
| 216|0x000000008d800000, 0x000000008d900000, 0x000000008d900000|100%| E|CS|TAMS 0x000000008d800000, 0x000000008d800000| Complete 
| 217|0x000000008d900000, 0x000000008da00000, 0x000000008da00000|100%| E|CS|TAMS 0x000000008d900000, 0x000000008d900000| Complete 
| 218|0x000000008da00000, 0x000000008db00000, 0x000000008db00000|100%| E|CS|TAMS 0x000000008da00000, 0x000000008da00000| Complete 
| 219|0x000000008db00000, 0x000000008dc00000, 0x000000008dc00000|100%| E|CS|TAMS 0x000000008db00000, 0x000000008db00000| Complete 
| 220|0x000000008dc00000, 0x000000008dd00000, 0x000000008dd00000|100%| E|CS|TAMS 0x000000008dc00000, 0x000000008dc00000| Complete 
| 221|0x000000008dd00000, 0x000000008de00000, 0x000000008de00000|100%| E|CS|TAMS 0x000000008dd00000, 0x000000008dd00000| Complete 
| 222|0x000000008de00000, 0x000000008df00000, 0x000000008df00000|100%| E|CS|TAMS 0x000000008de00000, 0x000000008de00000| Complete 
| 223|0x000000008df00000, 0x000000008e000000, 0x000000008e000000|100%| E|CS|TAMS 0x000000008df00000, 0x000000008df00000| Complete 
| 224|0x000000008e000000, 0x000000008e100000, 0x000000008e100000|100%| E|CS|TAMS 0x000000008e000000, 0x000000008e000000| Complete 
| 225|0x000000008e100000, 0x000000008e200000, 0x000000008e200000|100%| E|CS|TAMS 0x000000008e100000, 0x000000008e100000| Complete 
| 226|0x000000008e200000, 0x000000008e300000, 0x000000008e300000|100%| E|CS|TAMS 0x000000008e200000, 0x000000008e200000| Complete 

Card table byte_map: [0x00000260ccc40000,0x00000260cd040000] _byte_map_base: 0x00000260cc840000

Marking Bits (Prev, Next): (CMBitMap*) 0x00000260b3b741c0, (CMBitMap*) 0x00000260b3b74180
 Prev Bits: [0x00000260cf440000, 0x00000260d1440000)
 Next Bits: [0x00000260cd440000, 0x00000260cf440000)

Polling page: 0x00000260b3ba0000

Metaspace:

Usage:
  Non-class:     76.36 MB used.
      Class:     12.00 MB used.
       Both:     88.36 MB used.

Virtual space:
  Non-class space:      128.00 MB reserved,      77.31 MB ( 60%) committed,  2 nodes.
      Class space:        1.00 GB reserved,      13.06 MB (  1%) committed,  1 nodes.
             Both:        1.12 GB reserved,      90.38 MB (  8%) committed. 

Chunk freelists:
   Non-Class:  1.94 MB
       Class:  2.97 MB
        Both:  4.91 MB

MaxMetaspaceSize: unlimited
CompressedClassSpaceSize: 1.00 GB
Initial GC threshold: 21.00 MB
Current GC threshold: 102.75 MB
CDS: on
MetaspaceReclaimPolicy: balanced
 - commit_granule_bytes: 65536.
 - commit_granule_words: 8192.
 - virtual_space_node_default_size: 8388608.
 - enlarge_chunks_in_place: 1.
 - new_chunks_are_fully_committed: 0.
 - uncommit_free_chunks: 1.
 - use_allocation_guard: 0.


Internal statistics:

num_allocs_failed_limit: 9.
num_arena_births: 3762.
num_arena_deaths: 0.
num_vsnodes_births: 3.
num_vsnodes_deaths: 0.
num_space_committed: 1447.
num_space_uncommitted: 0.
num_chunks_returned_to_freelist: 9.
num_chunks_taken_from_freelist: 7793.
num_chunk_merges: 9.
num_chunk_splits: 5098.
num_chunks_enlarged: 3186.
num_inconsistent_stats: 0.

CodeHeap 'non-profiled nmethods': size=120000Kb used=4902Kb max_used=4902Kb free=115097Kb
 bounds [0x00000260c4ce0000, 0x00000260c51b0000, 0x00000260cc210000]
CodeHeap 'profiled nmethods': size=120000Kb used=18944Kb max_used=18944Kb free=101055Kb
 bounds [0x00000260bd210000, 0x00000260be4a0000, 0x00000260c4740000]
CodeHeap 'non-nmethods': size=5760Kb used=1864Kb max_used=1886Kb free=3895Kb
 bounds [0x00000260c4740000, 0x00000260c49b0000, 0x00000260c4ce0000]
 total_blobs=10621 nmethods=9752 adapters=778
 compilation: enabled
              stopped_count=0, restarted_count=0
 full_count=0

Compilation events (20 events):
Event: 60.132 Thread 0x00000260d3acb140 nmethod 10556 0x00000260be460c90 code [0x00000260be460ea0, 0x00000260be461468]
Event: 60.132 Thread 0x00000260d3acb140 10553       1       org.gradle.api.internal.artifacts.ivyservice.resolveengine.graph.builder.SelectorState::isProject (5 bytes)
Event: 60.132 Thread 0x00000260d3acb140 nmethod 10553 0x00000260c51a6890 code [0x00000260c51a6a20, 0x00000260c51a6af8]
Event: 60.132 Thread 0x00000260d3acb140 10554       1       org.gradle.api.internal.artifacts.dependencies.DefaultResolvedVersionConstraint::isDynamic (5 bytes)
Event: 60.132 Thread 0x00000260d3acb140 nmethod 10554 0x00000260c51a6b90 code [0x00000260c51a6d20, 0x00000260c51a6df8]
Event: 60.132 Thread 0x00000260d3acb140 10557       3       org.gradle.api.internal.artifacts.ivyservice.ivyresolve.ComponentMetaDataResolveState::resolve (93 bytes)
Event: 60.132 Thread 0x00000260d3acb140 nmethod 10557 0x00000260be461690 code [0x00000260be4618e0, 0x00000260be462158]
Event: 60.132 Thread 0x00000260d3acb140 10558       3       org.gradle.api.internal.artifacts.ivyservice.ivyresolve.ComponentMetaDataResolveState::process (68 bytes)
Event: 60.133 Thread 0x00000260d3acb140 nmethod 10558 0x00000260be462410 code [0x00000260be462640, 0x00000260be462e08]
Event: 60.133 Thread 0x00000260d3acb140 10560       3       org.gradle.api.internal.artifacts.ivyservice.resolveengine.graph.builder.ModuleSelectors::first (23 bytes)
Event: 60.133 Thread 0x00000260d3acb140 nmethod 10560 0x00000260be463110 code [0x00000260be4632e0, 0x00000260be463778]
Event: 60.133 Thread 0x00000260d3acb140 10559       1       org.gradle.api.internal.artifacts.ivyservice.ivyresolve.strategy.VersionParser$DefaultVersion::getBaseVersion (5 bytes)
Event: 60.133 Thread 0x00000260d3acb140 nmethod 10559 0x00000260c51a6e90 code [0x00000260c51a7020, 0x00000260c51a70d8]
Event: 60.134 Thread 0x00000260d3acb140 10565       3       org.gradle.api.internal.artifacts.ivyservice.resolveengine.graph.builder.NodeState::forEachCapability (109 bytes)
Event: 60.135 Thread 0x00000260d3acb140 nmethod 10565 0x00000260be463910 code [0x00000260be463bc0, 0x00000260be464ad8]
Event: 60.135 Thread 0x00000260d3acb140 10566       3       org.gradle.api.internal.artifacts.ivyservice.resolveengine.graph.builder.NodeState::collectEndorsedStrictVersions (90 bytes)
Event: 60.135 Thread 0x00000260d3acb140 nmethod 10566 0x00000260be464f90 code [0x00000260be465200, 0x00000260be465e98]
Event: 60.135 Thread 0x00000260d3acb140 10561       3       org.gradle.api.internal.artifacts.ivyservice.resolveengine.graph.builder.ResolveState::pop (18 bytes)
Event: 60.136 Thread 0x00000260d3acb140 nmethod 10561 0x00000260be466290 code [0x00000260be466440, 0x00000260be4667e8]
Event: 60.136 Thread 0x00000260d3acb140 10562       3       org.gradle.api.internal.artifacts.ivyservice.resolveengine.graph.builder.NodeState::dequeue (7 bytes)

GC Heap History (20 events):
Event: 40.845 GC heap before
{Heap before GC invocations=20 (full 0):
 garbage-first heap   total 94208K, used 74835K [0x0000000080000000, 0x0000000100000000)
  region size 1024K, 10 young (10240K), 1 survivors (1024K)
 Metaspace       used 57687K, committed 59328K, reserved 1114112K
  class space    used 7921K, committed 8768K, reserved 1048576K
}
Event: 40.847 GC heap after
{Heap after GC invocations=21 (full 0):
 garbage-first heap   total 94208K, used 67828K [0x0000000080000000, 0x0000000100000000)
  region size 1024K, 1 young (1024K), 1 survivors (1024K)
 Metaspace       used 57687K, committed 59328K, reserved 1114112K
  class space    used 7921K, committed 8768K, reserved 1048576K
}
Event: 41.017 GC heap before
{Heap before GC invocations=22 (full 0):
 garbage-first heap   total 122880K, used 78068K [0x0000000080000000, 0x0000000100000000)
  region size 1024K, 10 young (10240K), 1 survivors (1024K)
 Metaspace       used 58379K, committed 60096K, reserved 1114112K
  class space    used 8010K, committed 8896K, reserved 1048576K
}
Event: 41.019 GC heap after
{Heap after GC invocations=23 (full 0):
 garbage-first heap   total 122880K, used 69091K [0x0000000080000000, 0x0000000100000000)
  region size 1024K, 1 young (1024K), 1 survivors (1024K)
 Metaspace       used 58379K, committed 60096K, reserved 1114112K
  class space    used 8010K, committed 8896K, reserved 1048576K
}
Event: 41.102 GC heap before
{Heap before GC invocations=23 (full 0):
 garbage-first heap   total 122880K, used 74211K [0x0000000080000000, 0x0000000100000000)
  region size 1024K, 6 young (6144K), 1 survivors (1024K)
 Metaspace       used 58812K, committed 60480K, reserved 1114112K
  class space    used 8066K, committed 8960K, reserved 1048576K
}
Event: 41.105 GC heap after
{Heap after GC invocations=24 (full 0):
 garbage-first heap   total 122880K, used 68069K [0x0000000080000000, 0x0000000100000000)
  region size 1024K, 1 young (1024K), 1 survivors (1024K)
 Metaspace       used 58812K, committed 60480K, reserved 1114112K
  class space    used 8066K, committed 8960K, reserved 1048576K
}
Event: 42.069 GC heap before
{Heap before GC invocations=24 (full 0):
 garbage-first heap   total 122880K, used 93669K [0x0000000080000000, 0x0000000100000000)
  region size 1024K, 27 young (27648K), 1 survivors (1024K)
 Metaspace       used 61301K, committed 63040K, reserved 1114112K
  class space    used 8326K, committed 9216K, reserved 1048576K
}
Event: 42.074 GC heap after
{Heap after GC invocations=25 (full 0):
 garbage-first heap   total 122880K, used 68768K [0x0000000080000000, 0x0000000100000000)
  region size 1024K, 2 young (2048K), 2 survivors (2048K)
 Metaspace       used 61301K, committed 63040K, reserved 1114112K
  class space    used 8326K, committed 9216K, reserved 1048576K
}
Event: 42.800 GC heap before
{Heap before GC invocations=26 (full 0):
 garbage-first heap   total 122880K, used 96416K [0x0000000080000000, 0x0000000100000000)
  region size 1024K, 29 young (29696K), 2 survivors (2048K)
 Metaspace       used 64148K, committed 65920K, reserved 1114112K
  class space    used 8605K, committed 9536K, reserved 1048576K
}
Event: 42.805 GC heap after
{Heap after GC invocations=27 (full 0):
 garbage-first heap   total 122880K, used 69541K [0x0000000080000000, 0x0000000100000000)
  region size 1024K, 2 young (2048K), 2 survivors (2048K)
 Metaspace       used 64148K, committed 65920K, reserved 1114112K
  class space    used 8605K, committed 9536K, reserved 1048576K
}
Event: 42.915 GC heap before
{Heap before GC invocations=27 (full 0):
 garbage-first heap   total 122880K, used 73637K [0x0000000080000000, 0x0000000100000000)
  region size 1024K, 6 young (6144K), 2 survivors (2048K)
 Metaspace       used 64493K, committed 66240K, reserved 1114112K
  class space    used 8650K, committed 9600K, reserved 1048576K
}
Event: 42.922 GC heap after
{Heap after GC invocations=28 (full 0):
 garbage-first heap   total 122880K, used 68920K [0x0000000080000000, 0x0000000100000000)
  region size 1024K, 1 young (1024K), 1 survivors (1024K)
 Metaspace       used 64493K, committed 66240K, reserved 1114112K
  class space    used 8650K, committed 9600K, reserved 1048576K
}
Event: 47.114 GC heap before
{Heap before GC invocations=28 (full 0):
 garbage-first heap   total 122880K, used 101688K [0x0000000080000000, 0x0000000100000000)
  region size 1024K, 30 young (30720K), 1 survivors (1024K)
 Metaspace       used 66781K, committed 68608K, reserved 1114112K
  class space    used 9014K, committed 9984K, reserved 1048576K
}
Event: 47.128 GC heap after
{Heap after GC invocations=29 (full 0):
 garbage-first heap   total 232448K, used 76504K [0x0000000080000000, 0x0000000100000000)
  region size 1024K, 4 young (4096K), 4 survivors (4096K)
 Metaspace       used 66781K, committed 68608K, reserved 1114112K
  class space    used 9014K, committed 9984K, reserved 1048576K
}
Event: 53.270 GC heap before
{Heap before GC invocations=29 (full 0):
 garbage-first heap   total 232448K, used 177880K [0x0000000080000000, 0x0000000100000000)
  region size 1024K, 99 young (101376K), 4 survivors (4096K)
 Metaspace       used 74774K, committed 76608K, reserved 1179648K
  class space    used 10034K, committed 11008K, reserved 1048576K
}
Event: 53.282 GC heap after
{Heap after GC invocations=30 (full 0):
 garbage-first heap   total 232448K, used 84998K [0x0000000080000000, 0x0000000100000000)
  region size 1024K, 10 young (10240K), 10 survivors (10240K)
 Metaspace       used 74774K, committed 76608K, reserved 1179648K
  class space    used 10034K, committed 11008K, reserved 1048576K
}
Event: 56.592 GC heap before
{Heap before GC invocations=30 (full 0):
 garbage-first heap   total 232448K, used 178182K [0x0000000080000000, 0x0000000100000000)
  region size 1024K, 101 young (103424K), 10 survivors (10240K)
 Metaspace       used 81108K, committed 83008K, reserved 1179648K
  class space    used 10822K, committed 11840K, reserved 1048576K
}
Event: 56.607 GC heap after
{Heap after GC invocations=31 (full 0):
 garbage-first heap   total 232448K, used 91474K [0x0000000080000000, 0x0000000100000000)
  region size 1024K, 13 young (13312K), 13 survivors (13312K)
 Metaspace       used 81108K, committed 83008K, reserved 1179648K
  class space    used 10822K, committed 11840K, reserved 1048576K
}
Event: 59.462 GC heap before
{Heap before GC invocations=31 (full 0):
 garbage-first heap   total 232448K, used 182610K [0x0000000080000000, 0x0000000100000000)
  region size 1024K, 102 young (104448K), 13 survivors (13312K)
 Metaspace       used 87597K, committed 89600K, reserved 1179648K
  class space    used 11875K, committed 12928K, reserved 1048576K
}
Event: 59.483 GC heap after
{Heap after GC invocations=32 (full 0):
 garbage-first heap   total 232448K, used 95158K [0x0000000080000000, 0x0000000100000000)
  region size 1024K, 10 young (10240K), 10 survivors (10240K)
 Metaspace       used 87597K, committed 89600K, reserved 1179648K
  class space    used 11875K, committed 12928K, reserved 1048576K
}

Dll operation events (15 events):
Event: 0.407 Loaded shared library C:\Program Files\Java\jdk-19\bin\java.dll
Event: 0.437 Loaded shared library C:\Program Files\Java\jdk-19\bin\jsvml.dll
Event: 0.674 Loaded shared library C:\Program Files\Java\jdk-19\bin\zip.dll
Event: 0.679 Loaded shared library C:\Program Files\Java\jdk-19\bin\instrument.dll
Event: 0.703 Loaded shared library C:\Program Files\Java\jdk-19\bin\net.dll
Event: 0.713 Loaded shared library C:\Program Files\Java\jdk-19\bin\nio.dll
Event: 0.794 Loaded shared library C:\Program Files\Java\jdk-19\bin\zip.dll
Event: 1.609 Loaded shared library C:\Program Files\Java\jdk-19\bin\jimage.dll
Event: 1.797 Loaded shared library C:\Program Files\Java\jdk-19\bin\verify.dll
Event: 2.022 Loaded shared library C:\Users\emuan\.gradle\native\c067742578af261105cb4f569cf0c3c89f3d7b1fecec35dd04571415982c5e48\windows-amd64\native-platform.dll
Event: 2.105 Loaded shared library C:\Users\emuan\.gradle\native\38dada09dfb8b06ba9b0570ebf7e218e3eb74d4ef43ca46872605cf95ebc2f47\windows-amd64\native-platform-file-events.dll
Event: 6.068 Loaded shared library C:\Program Files\Java\jdk-19\bin\management.dll
Event: 6.121 Loaded shared library C:\Program Files\Java\jdk-19\bin\management_ext.dll
Event: 6.526 Loaded shared library C:\Program Files\Java\jdk-19\bin\extnet.dll
Event: 7.018 Loaded shared library C:\Program Files\Java\jdk-19\bin\sunmscapi.dll

Deoptimization events (20 events):
Event: 60.082 Thread 0x00000260d8b4a5a0 Uncommon trap: trap_request=0xffffffbe fr.pc=0x00000260c5110c38 relative=0x0000000000000bd8
Event: 60.082 Thread 0x00000260d8b4a5a0 Uncommon trap: reason=profile_predicate action=maybe_recompile pc=0x00000260c5110c38 method=org.gradle.tooling.internal.provider.runner.ClientBuildEventGenerator.started(Lorg/gradle/internal/operations/BuildOperationDescriptor;Lorg/gradle/internal/operati
Event: 60.082 Thread 0x00000260d8b4a5a0 DEOPT PACKING pc=0x00000260c5110c38 sp=0x000000738dffa140
Event: 60.082 Thread 0x00000260d8b4a5a0 DEOPT UNPACKING pc=0x00000260c47aa5a3 sp=0x000000738dffa0f8 mode 2
Event: 60.082 Thread 0x00000260d8b4a5a0 Uncommon trap: trap_request=0xfffffff4 fr.pc=0x00000260c510fc78 relative=0x00000000000000d8
Event: 60.082 Thread 0x00000260d8b4a5a0 Uncommon trap: reason=null_check action=make_not_entrant pc=0x00000260c510fc78 method=org.gradle.tooling.internal.provider.runner.ClientBuildEventGenerator$Disabled.accept(Lorg/gradle/internal/operations/BuildOperationDescriptor;)Lorg/gradle/tooling/inter
Event: 60.082 Thread 0x00000260d8b4a5a0 DEOPT PACKING pc=0x00000260c510fc78 sp=0x000000738dffa0e0
Event: 60.082 Thread 0x00000260d8b4a5a0 DEOPT UNPACKING pc=0x00000260c47aa5a3 sp=0x000000738dffa078 mode 2
Event: 60.082 Thread 0x00000260d8b4a5a0 Uncommon trap: trap_request=0xffffffbe fr.pc=0x00000260c5110c38 relative=0x0000000000000bd8
Event: 60.082 Thread 0x00000260d8b4a5a0 Uncommon trap: reason=profile_predicate action=maybe_recompile pc=0x00000260c5110c38 method=org.gradle.tooling.internal.provider.runner.ClientBuildEventGenerator.started(Lorg/gradle/internal/operations/BuildOperationDescriptor;Lorg/gradle/internal/operati
Event: 60.082 Thread 0x00000260d8b4a5a0 DEOPT PACKING pc=0x00000260c5110c38 sp=0x000000738dffa140
Event: 60.082 Thread 0x00000260d8b4a5a0 DEOPT UNPACKING pc=0x00000260c47aa5a3 sp=0x000000738dffa0f8 mode 2
Event: 60.082 Thread 0x00000260d8b4a5a0 Uncommon trap: trap_request=0xffffffbe fr.pc=0x00000260c5110c38 relative=0x0000000000000bd8
Event: 60.082 Thread 0x00000260d8b4a5a0 Uncommon trap: reason=profile_predicate action=maybe_recompile pc=0x00000260c5110c38 method=org.gradle.tooling.internal.provider.runner.ClientBuildEventGenerator.started(Lorg/gradle/internal/operations/BuildOperationDescriptor;Lorg/gradle/internal/operati
Event: 60.082 Thread 0x00000260d8b4a5a0 DEOPT PACKING pc=0x00000260c5110c38 sp=0x000000738dffa140
Event: 60.082 Thread 0x00000260d8b4a5a0 DEOPT UNPACKING pc=0x00000260c47aa5a3 sp=0x000000738dffa0f8 mode 2
Event: 60.083 Thread 0x00000260d8b4a5a0 Uncommon trap: trap_request=0xffffffbe fr.pc=0x00000260c5110c38 relative=0x0000000000000bd8
Event: 60.083 Thread 0x00000260d8b4a5a0 Uncommon trap: reason=profile_predicate action=maybe_recompile pc=0x00000260c5110c38 method=org.gradle.tooling.internal.provider.runner.ClientBuildEventGenerator.started(Lorg/gradle/internal/operations/BuildOperationDescriptor;Lorg/gradle/internal/operati
Event: 60.083 Thread 0x00000260d8b4a5a0 DEOPT PACKING pc=0x00000260c5110c38 sp=0x000000738dff9860
Event: 60.083 Thread 0x00000260d8b4a5a0 DEOPT UNPACKING pc=0x00000260c47aa5a3 sp=0x000000738dff9818 mode 2

Classes loaded (20 events):
Event: 54.935 Loading class java/lang/Override
Event: 54.936 Loading class java/lang/Override done
Event: 55.270 Loading class java/lang/StackTraceElement$HashedModules
Event: 55.270 Loading class java/lang/StackTraceElement$HashedModules done
Event: 55.487 Loading class com/sun/beans/finder/MethodFinder
Event: 55.487 Loading class com/sun/beans/finder/AbstractFinder
Event: 55.488 Loading class com/sun/beans/finder/AbstractFinder done
Event: 55.488 Loading class com/sun/beans/finder/MethodFinder done
Event: 55.488 Loading class com/sun/beans/finder/MethodFinder$1
Event: 55.488 Loading class com/sun/beans/finder/MethodFinder$1 done
Event: 55.488 Loading class com/sun/beans/finder/FinderUtils
Event: 55.489 Loading class com/sun/beans/finder/FinderUtils done
Event: 56.993 Loading class sun/reflect/generics/repository/FieldRepository
Event: 56.994 Loading class sun/reflect/generics/repository/FieldRepository done
Event: 57.023 Loading class jdk/internal/vm/annotation/ForceInline
Event: 57.024 Loading class jdk/internal/vm/annotation/ForceInline done
Event: 57.122 Loading class java/util/regex/Pattern$Caret
Event: 57.123 Loading class java/util/regex/Pattern$Caret done
Event: 60.077 Loading class java/lang/AbstractMethodError
Event: 60.077 Loading class java/lang/AbstractMethodError done

Classes unloaded (0 events):
No events

Classes redefined (0 events):
No events

Internal exceptions (20 events):
Event: 55.554 Thread 0x00000260d8b4a5a0 Exception <a 'java/lang/ClassNotFoundException'{0x000000008b2d9060}: org/jetbrains/kotlin/gradle/targets/js/npm/DefaultPeerNpmDependencyExtension$delegate$1Customizer> (0x000000008b2d9060) 
thrown [s\open\src\hotspot\share\classfile\systemDictionary.cpp, line 255]
Event: 56.418 Thread 0x00000260d8b4a5a0 Exception <a 'java/lang/NoSuchMethodError'{0x0000000089174660}: 'int java.lang.invoke.DirectMethodHandle$Holder.invokeSpecialIFC(java.lang.Object, java.lang.Object, java.lang.Object, java.lang.Object, java.lang.Object)'> (0x0000000089174660) 
thrown [s\open\src\hotspot\share\interpreter\linkResolver.cpp, line 774]
Event: 56.825 Thread 0x00000260d8b4a5a0 Exception <a 'java/lang/NoSuchMethodError'{0x000000008d3ef790}: 'java.lang.Object java.lang.invoke.DirectMethodHandle$Holder.newInvokeSpecial(java.lang.Object, java.lang.Object, java.lang.Object, java.lang.Object, java.lang.Object, java.lang.Object, java.lang.Object, java.lang.Object, java.lang.Object, java.lang.Object, java.lang.Object, java.lang.Object, java.lang.Object, java.lang.Object, java.lang.Object)'> (0x000000008d3ef790) 
thrown [s\open\src\hotspot\share\interpreter\linkResolver.cpp, line 774]
Event: 57.025 Thread 0x00000260d8b4a5a0 Exception <a 'java/lang/NoSuchMethodError'{0x000000008c7d3ee8}: 'void java.lang.invoke.Invokers$Holder.invokeExact_MT(java.lang.Object, java.lang.Object, java.lang.Object, java.lang.Object)'> (0x000000008c7d3ee8) 
thrown [s\open\src\hotspot\share\interpreter\linkResolver.cpp, line 774]
Event: 59.199 Thread 0x00000260d8b4a5a0 Exception <a 'java/lang/NoSuchMethodError'{0x0000000089303f28}: 'java.lang.Object java.lang.invoke.Invokers$Holder.invokeExact_MT(java.lang.Object, java.lang.Object, java.lang.Object, int, java.lang.Object, java.lang.Object)'> (0x0000000089303f28) 
thrown [s\open\src\hotspot\share\interpreter\linkResolver.cpp, line 774]
Event: 59.624 Thread 0x00000260d8b4a5a0 Exception <a 'java/lang/ClassNotFoundException'{0x000000008db92f90}: com/android/build/gradle/internal/api/ApkVariantOutputImpl_DecoratedBeanInfo> (0x000000008db92f90) 
thrown [s\open\src\hotspot\share\classfile\systemDictionary.cpp, line 255]
Event: 59.625 Thread 0x00000260d8b4a5a0 Exception <a 'java/lang/ClassNotFoundException'{0x000000008dba1be0}: com/android/build/gradle/internal/api/ApkVariantOutputImplBeanInfo> (0x000000008dba1be0) 
thrown [s\open\src\hotspot\share\classfile\systemDictionary.cpp, line 255]
Event: 59.626 Thread 0x00000260d8b4a5a0 Exception <a 'java/lang/ClassNotFoundException'{0x000000008dbb0858}: com/android/build/gradle/internal/api/BaseVariantOutputImplBeanInfo> (0x000000008dbb0858) 
thrown [s\open\src\hotspot\share\classfile\systemDictionary.cpp, line 255]
Event: 59.627 Thread 0x00000260d8b4a5a0 Exception <a 'java/lang/ClassNotFoundException'{0x000000008dbbf4a8}: com/android/build/gradle/internal/api/BaseVariantOutputImplCustomizer> (0x000000008dbbf4a8) 
thrown [s\open\src\hotspot\share\classfile\systemDictionary.cpp, line 255]
Event: 59.629 Thread 0x00000260d8b4a5a0 Exception <a 'java/lang/ClassNotFoundException'{0x000000008dbe0e18}: com/android/build/gradle/internal/api/ApkVariantOutputImplCustomizer> (0x000000008dbe0e18) 
thrown [s\open\src\hotspot\share\classfile\systemDictionary.cpp, line 255]
Event: 59.631 Thread 0x00000260d8b4a5a0 Exception <a 'java/lang/ClassNotFoundException'{0x000000008dbfd890}: com/android/build/gradle/internal/api/ApkVariantOutputImpl_DecoratedCustomizer> (0x000000008dbfd890) 
thrown [s\open\src\hotspot\share\classfile\systemDictionary.cpp, line 255]
Event: 59.762 Thread 0x00000260d8b4a5a0 Exception <a 'java/lang/ClassNotFoundException'{0x000000008d128728}: com/android/build/gradle/internal/api/ReadOnlyBuildTypeBeanInfo> (0x000000008d128728) 
thrown [s\open\src\hotspot\share\classfile\systemDictionary.cpp, line 255]
Event: 59.763 Thread 0x00000260d8b4a5a0 Exception <a 'java/lang/ClassNotFoundException'{0x000000008d137310}: com/android/build/gradle/internal/api/ReadOnlyBaseConfigBeanInfo> (0x000000008d137310) 
thrown [s\open\src\hotspot\share\classfile\systemDictionary.cpp, line 255]
Event: 59.763 Thread 0x00000260d8b4a5a0 Exception <a 'java/lang/ClassNotFoundException'{0x000000008d145f28}: com/android/build/gradle/internal/api/ReadOnlyBaseConfigCustomizer> (0x000000008d145f28) 
thrown [s\open\src\hotspot\share\classfile\systemDictionary.cpp, line 255]
Event: 59.766 Thread 0x00000260d8b4a5a0 Exception <a 'java/lang/ClassNotFoundException'{0x000000008d165690}: com/android/build/gradle/internal/api/ReadOnlyBuildTypeCustomizer> (0x000000008d165690) 
thrown [s\open\src\hotspot\share\classfile\systemDictionary.cpp, line 255]
Event: 60.082 Thread 0x00000260d8b4a5a0 Implicit null exception at 0x00000260c51102f5 to 0x00000260c5110c28
Event: 60.082 Thread 0x00000260d8b4a5a0 Implicit null exception at 0x00000260c510fbdb to 0x00000260c510fc6c
Event: 60.082 Thread 0x00000260d8b4a5a0 Implicit null exception at 0x00000260c51102f5 to 0x00000260c5110c28
Event: 60.082 Thread 0x00000260d8b4a5a0 Implicit null exception at 0x00000260c51102f5 to 0x00000260c5110c28
Event: 60.083 Thread 0x00000260d8b4a5a0 Implicit null exception at 0x00000260c51102f5 to 0x00000260c5110c28

VM Operations (20 events):
Event: 54.292 Executing VM operation: Cleanup
Event: 54.292 Executing VM operation: Cleanup done
Event: 55.295 Executing VM operation: Cleanup
Event: 55.295 Executing VM operation: Cleanup done
Event: 56.289 Executing VM operation: ICBufferFull
Event: 56.289 Executing VM operation: ICBufferFull done
Event: 56.410 Executing VM operation: HandshakeAllThreads
Event: 56.410 Executing VM operation: HandshakeAllThreads done
Event: 56.592 Executing VM operation: G1CollectForAllocation
Event: 56.608 Executing VM operation: G1CollectForAllocation done
Event: 56.660 Executing VM operation: HandshakeAllThreads
Event: 56.660 Executing VM operation: HandshakeAllThreads done
Event: 57.671 Executing VM operation: Cleanup
Event: 57.671 Executing VM operation: Cleanup done
Event: 58.673 Executing VM operation: Cleanup
Event: 58.690 Executing VM operation: Cleanup done
Event: 59.462 Executing VM operation: G1CollectForAllocation
Event: 59.483 Executing VM operation: G1CollectForAllocation done
Event: 60.124 Executing VM operation: ICBufferFull
Event: 60.124 Executing VM operation: ICBufferFull done

Events (20 events):
Event: 29.278 Thread 0x00000260d3ad96a0 flushing nmethod 0x00000260bdba2410
Event: 29.278 Thread 0x00000260d3ad96a0 flushing nmethod 0x00000260bdba5710
Event: 29.278 Thread 0x00000260d3ad96a0 flushing nmethod 0x00000260bdbafb10
Event: 29.278 Thread 0x00000260d3ad96a0 flushing nmethod 0x00000260bdbb3210
Event: 29.278 Thread 0x00000260d3ad96a0 flushing nmethod 0x00000260bdbc6690
Event: 29.278 Thread 0x00000260d3ad96a0 flushing nmethod 0x00000260bdbc6a90
Event: 29.278 Thread 0x00000260d3ad96a0 flushing nmethod 0x00000260bdbc7e90
Event: 29.278 Thread 0x00000260d3ad96a0 flushing nmethod 0x00000260bdbc9010
Event: 29.278 Thread 0x00000260d3ad96a0 flushing nmethod 0x00000260bdbc9510
Event: 36.553 Thread 0x00000260db6b44b0 Thread added: 0x00000260db6b44b0
Event: 36.554 Thread 0x00000260db6b79d0 Thread added: 0x00000260db6b79d0
Event: 36.555 Thread 0x00000260db6b3a10 Thread added: 0x00000260db6b3a10
Event: 36.835 Thread 0x00000260db6b4a00 Thread added: 0x00000260db6b4a00
Event: 36.838 Thread 0x00000260db6b8470 Thread added: 0x00000260db6b8470
Event: 36.841 Thread 0x00000260db6b89c0 Thread added: 0x00000260db6b89c0
Event: 42.375 Thread 0x00000260db6b9460 Thread added: 0x00000260db6b9460
Event: 43.258 Thread 0x00000260db6b24d0 Thread added: 0x00000260db6b24d0
Event: 48.504 Thread 0x00000260d3ad96a0 flushing nmethod 0x00000260c4ed3990
Event: 48.509 Thread 0x00000260d3ad96a0 flushing nmethod 0x00000260bd39d990
Event: 52.531 Thread 0x00000260dc46f640 Thread added: 0x00000260dc46f640


Dynamic libraries:
0x00007ff634960000 - 0x00007ff634970000 	C:\Program Files\Java\jdk-19\bin\java.exe
0x00007ffcffdf0000 - 0x00007ffd00007000 	C:\Windows\SYSTEM32\ntdll.dll
0x00007ffcfee30000 - 0x00007ffcfeef4000 	C:\Windows\System32\KERNEL32.DLL
0x00007ffcfd6e0000 - 0x00007ffcfda8c000 	C:\Windows\System32\KERNELBASE.dll
0x000000006ba50000 - 0x000000006bd82000 	C:\Program Files\Norton Security\NortonData\22.24.2.6\Definitions\IPSDefs\20240626.064\IPSEng64.dll
0x00007ffcfe1f0000 - 0x00007ffcfe2a2000 	C:\Windows\System32\ADVAPI32.dll
0x00007ffcffb40000 - 0x00007ffcffbe7000 	C:\Windows\System32\msvcrt.dll
0x00007ffcff6d0000 - 0x00007ffcff77a000 	C:\Windows\System32\sechost.dll
0x00007ffcfdb00000 - 0x00007ffcfdb28000 	C:\Windows\System32\bcrypt.dll
0x00007ffcfe2c0000 - 0x00007ffcfe3d5000 	C:\Windows\System32\RPCRT4.dll
0x00007ffcfe2b0000 - 0x00007ffcfe2b8000 	C:\Windows\System32\PSAPI.DLL
0x00007ffcfd1d0000 - 0x00007ffcfd2e1000 	C:\Windows\System32\ucrtbase.dll
0x00007ffce8aa0000 - 0x00007ffce8abb000 	C:\Program Files\Java\jdk-19\bin\VCRUNTIME140.dll
0x00007ffcf4910000 - 0x00007ffcf4928000 	C:\Program Files\Java\jdk-19\bin\jli.dll
0x00007ffcff820000 - 0x00007ffcff9ce000 	C:\Windows\System32\USER32.dll
0x00007ffcfd120000 - 0x00007ffcfd146000 	C:\Windows\System32\win32u.dll
0x00007ffcfef00000 - 0x00007ffcfef29000 	C:\Windows\System32\GDI32.dll
0x00007ffce57c0000 - 0x00007ffce5a53000 	C:\Windows\WinSxS\amd64_microsoft.windows.common-controls_6595b64144ccf1df_6.0.22621.3672_none_2713b9d173822955\COMCTL32.dll
0x00007ffcfd390000 - 0x00007ffcfd4a9000 	C:\Windows\System32\gdi32full.dll
0x00007ffcfd2f0000 - 0x00007ffcfd38a000 	C:\Windows\System32\msvcp_win.dll
0x00007ffcef140000 - 0x00007ffcef14a000 	C:\Windows\SYSTEM32\VERSION.dll
0x00007ffcff480000 - 0x00007ffcff4b1000 	C:\Windows\System32\IMM32.DLL
0x00007ffceb2a0000 - 0x00007ffceb2ac000 	C:\Program Files\Java\jdk-19\bin\vcruntime140_1.dll
0x00007ffccfdf0000 - 0x00007ffccfe7e000 	C:\Program Files\Java\jdk-19\bin\msvcp140.dll
0x00007ffc9b800000 - 0x00007ffc9c4c0000 	C:\Program Files\Java\jdk-19\bin\server\jvm.dll
0x00007ffcf6c90000 - 0x00007ffcf6cc4000 	C:\Windows\SYSTEM32\WINMM.dll
0x00007ffcdf8b0000 - 0x00007ffcdf8b9000 	C:\Windows\SYSTEM32\WSOCK32.dll
0x00007ffcff780000 - 0x00007ffcff7f1000 	C:\Windows\System32\WS2_32.dll
0x00007ffcfc110000 - 0x00007ffcfc128000 	C:\Windows\SYSTEM32\kernel.appcore.dll
0x00007ffce8a90000 - 0x00007ffce8a9a000 	C:\Program Files\Java\jdk-19\bin\jimage.dll
0x00007ffcfaa00000 - 0x00007ffcfac32000 	C:\Windows\SYSTEM32\DBGHELP.DLL
0x00007ffcfeff0000 - 0x00007ffcff378000 	C:\Windows\System32\combase.dll
0x00007ffcfe110000 - 0x00007ffcfe1e7000 	C:\Windows\System32\OLEAUT32.dll
0x00007ffcdf870000 - 0x00007ffcdf8a2000 	C:\Windows\SYSTEM32\dbgcore.DLL
0x00007ffcfd150000 - 0x00007ffcfd1cb000 	C:\Windows\System32\bcryptPrimitives.dll
0x00007ffce8a80000 - 0x00007ffce8a8e000 	C:\Program Files\Java\jdk-19\bin\instrument.dll
0x00007ffce4320000 - 0x00007ffce4346000 	C:\Program Files\Java\jdk-19\bin\java.dll
0x00007ffcbfc70000 - 0x00007ffcbfd47000 	C:\Program Files\Java\jdk-19\bin\jsvml.dll
0x00007ffcfe3e0000 - 0x00007ffcfec3c000 	C:\Windows\System32\SHELL32.dll
0x00007ffcfb020000 - 0x00007ffcfb917000 	C:\Windows\SYSTEM32\windows.storage.dll
0x00007ffcfaee0000 - 0x00007ffcfb01f000 	C:\Windows\SYSTEM32\wintypes.dll
0x00007ffcff380000 - 0x00007ffcff474000 	C:\Windows\System32\SHCORE.dll
0x00007ffcfedd0000 - 0x00007ffcfee2e000 	C:\Windows\System32\shlwapi.dll
0x00007ffcfd050000 - 0x00007ffcfd071000 	C:\Windows\SYSTEM32\profapi.dll
0x00007ffce5540000 - 0x00007ffce5558000 	C:\Program Files\Java\jdk-19\bin\zip.dll
0x00007ffce4700000 - 0x00007ffce4713000 	C:\Program Files\Java\jdk-19\bin\net.dll
0x00007ffcf9a30000 - 0x00007ffcf9b66000 	C:\Windows\SYSTEM32\WINHTTP.dll
0x00007ffcfc570000 - 0x00007ffcfc5d9000 	C:\Windows\system32\mswsock.dll
0x00007ffcdead0000 - 0x00007ffcdeae6000 	C:\Program Files\Java\jdk-19\bin\nio.dll
0x00007ffce71b0000 - 0x00007ffce71c0000 	C:\Program Files\Java\jdk-19\bin\verify.dll
0x00007ffce4890000 - 0x00007ffce48b7000 	C:\Users\emuan\.gradle\native\c067742578af261105cb4f569cf0c3c89f3d7b1fecec35dd04571415982c5e48\windows-amd64\native-platform.dll
0x00007ffcbef90000 - 0x00007ffcbf0d4000 	C:\Users\emuan\.gradle\native\38dada09dfb8b06ba9b0570ebf7e218e3eb74d4ef43ca46872605cf95ebc2f47\windows-amd64\native-platform-file-events.dll
0x00007ffce7110000 - 0x00007ffce711a000 	C:\Program Files\Java\jdk-19\bin\management.dll
0x00007ffce70b0000 - 0x00007ffce70bb000 	C:\Program Files\Java\jdk-19\bin\management_ext.dll
0x00007ffcfc8c0000 - 0x00007ffcfc8db000 	C:\Windows\SYSTEM32\CRYPTSP.dll
0x00007ffcfc070000 - 0x00007ffcfc0a5000 	C:\Windows\system32\rsaenh.dll
0x00007ffcfc610000 - 0x00007ffcfc638000 	C:\Windows\SYSTEM32\USERENV.dll
0x00007ffcfc8a0000 - 0x00007ffcfc8ac000 	C:\Windows\SYSTEM32\CRYPTBASE.dll
0x00007ffcfbbc0000 - 0x00007ffcfbbed000 	C:\Windows\SYSTEM32\IPHLPAPI.DLL
0x00007ffcfef30000 - 0x00007ffcfef39000 	C:\Windows\System32\NSI.dll
0x00007ffcf9a10000 - 0x00007ffcf9a29000 	C:\Windows\SYSTEM32\dhcpcsvc6.DLL
0x00007ffcf99f0000 - 0x00007ffcf9a0f000 	C:\Windows\SYSTEM32\dhcpcsvc.DLL
0x00007ffcfbbf0000 - 0x00007ffcfbce8000 	C:\Windows\SYSTEM32\DNSAPI.dll
0x00007ffce6d90000 - 0x00007ffce6d98000 	C:\Program Files\Java\jdk-19\bin\extnet.dll
0x00007ffce6270000 - 0x00007ffce627e000 	C:\Program Files\Java\jdk-19\bin\sunmscapi.dll
0x00007ffcfd570000 - 0x00007ffcfd6d7000 	C:\Windows\System32\CRYPT32.dll
0x00007ffcfc9c0000 - 0x00007ffcfc9ee000 	C:\Windows\SYSTEM32\ncrypt.dll
0x00007ffcfc980000 - 0x00007ffcfc9b7000 	C:\Windows\SYSTEM32\NTASN1.dll
0x00007ffcf54e0000 - 0x00007ffcf54e8000 	C:\Windows\system32\wshunix.dll
0x000000006d500000 - 0x000000006d526000 	C:\Program Files\Bonjour\mdnsNSP.dll
0x00007ffced0e0000 - 0x00007ffced0ea000 	C:\Windows\System32\rasadhlp.dll
0x00007ffcf6a90000 - 0x00007ffcf6b13000 	C:\Windows\System32\fwpuclnt.dll

dbghelp: loaded successfully - version: 4.0.5 - missing functions: none
symbol engine: initialized successfully - sym options: 0x614 - pdb path: .;C:\Program Files\Java\jdk-19\bin;C:\Windows\SYSTEM32;C:\Program Files\Norton Security\NortonData\22.24.2.6\Definitions\IPSDefs\20240626.064;C:\Windows\WinSxS\amd64_microsoft.windows.common-controls_6595b64144ccf1df_6.0.22621.3672_none_2713b9d173822955;C:\Program Files\Java\jdk-19\bin\server;C:\Users\emuan\.gradle\native\c067742578af261105cb4f569cf0c3c89f3d7b1fecec35dd04571415982c5e48\windows-amd64;C:\Users\emuan\.gradle\native\38dada09dfb8b06ba9b0570ebf7e218e3eb74d4ef43ca46872605cf95ebc2f47\windows-amd64;C:\Program Files\Bonjour

VM Arguments:
jvm_args: --add-opens=java.base/java.util=ALL-UNNAMED --add-opens=java.base/java.lang=ALL-UNNAMED --add-opens=java.base/java.lang.invoke=ALL-UNNAMED --add-opens=java.prefs/java.util.prefs=ALL-UNNAMED --add-opens=java.base/java.nio.charset=ALL-UNNAMED --add-opens=java.base/java.net=ALL-UNNAMED --add-opens=java.base/java.util.concurrent.atomic=ALL-UNNAMED -Xmx2048m -Dfile.encoding=UTF-8 -Duser.country=US -Duser.language=en -Duser.variant -javaagent:C:\Users\emuan\.gradle\wrapper\dists\gradle-8.7-bin\bhs2wmbdwecv87pi65oeuq5iu\gradle-8.7\lib\agents\gradle-instrumentation-agent-8.7.jar 
java_command: org.gradle.launcher.daemon.bootstrap.GradleDaemon 8.7
java_class_path (initial): C:\Users\emuan\.gradle\wrapper\dists\gradle-8.7-bin\bhs2wmbdwecv87pi65oeuq5iu\gradle-8.7\lib\gradle-launcher-8.7.jar
Launcher Type: SUN_STANDARD

[Global flags]
     intx CICompilerCount                          = 3                                         {product} {ergonomic}
     uint ConcGCThreads                            = 1                                         {product} {ergonomic}
     uint G1ConcRefinementThreads                  = 4                                         {product} {ergonomic}
   size_t G1HeapRegionSize                         = 1048576                                   {product} {ergonomic}
    uintx GCDrainStackTargetSize                   = 64                                        {product} {ergonomic}
   size_t InitialHeapSize                          = 130023424                                 {product} {ergonomic}
   size_t MarkStackSize                            = 4194304                                   {product} {ergonomic}
   size_t MaxHeapSize                              = 2147483648                                {product} {command line}
   size_t MaxNewSize                               = 1287651328                                {product} {ergonomic}
   size_t MinHeapDeltaBytes                        = 1048576                                   {product} {ergonomic}
   size_t MinHeapSize                              = 8388608                                   {product} {ergonomic}
    uintx NonNMethodCodeHeapSize                   = 5832780                                {pd product} {ergonomic}
    uintx NonProfiledCodeHeapSize                  = 122912730                              {pd product} {ergonomic}
    uintx ProfiledCodeHeapSize                     = 122912730                              {pd product} {ergonomic}
    uintx ReservedCodeCacheSize                    = 251658240                              {pd product} {ergonomic}
     bool SegmentedCodeCache                       = true                                      {product} {ergonomic}
   size_t SoftMaxHeapSize                          = 2147483648                             {manageable} {ergonomic}
     bool UseCompressedClassPointers               = true                           {product lp64_product} {ergonomic}
     bool UseCompressedOops                        = true                           {product lp64_product} {ergonomic}
     bool UseG1GC                                  = true                                      {product} {ergonomic}
     bool UseLargePagesIndividualAllocation        = false                                  {pd product} {ergonomic}

Logging:
Log output configuration:
 #0: stdout all=warning uptime,level,tags foldmultilines=false
 #1: stderr all=off uptime,level,tags foldmultilines=false

Environment Variables:
PATH=C:\Program Files\Zulu\zulu-17\bin\;C:\Program Files\Common Files\Oracle\Java\javapath;C:\Program Files (x86)\Common Files\Oracle\Java\javapath;C:\Windows\system32;C:\Windows;C:\Windows\System32\Wbem;C:\Windows\System32\WindowsPowerShell\v1.0\;C:\Windows\System32\OpenSSH\;C:\Program Files\dotnet\;C:\Program Files (x86)\Windows Kits\10\Windows Performance Toolkit\;C:\Program Files\Git\cmd;C:\Users\emuan\AppData\Local\Programs\Python\Python312\Scripts\;C:\Users\emuan\AppData\Local\Programs\Python\Python312\;C:\Users\emuan\AppData\Local\Microsoft\WindowsApps;C:\Users\emuan\AppData\Local\Programs\Microsoft VS Code\bin;C:\Users\emuan\.dotnet\tools;C:\Program Files\sf\bin;C:\ProgramData\emuan\GitHubDesktop\bin
USERNAME=emuan
OS=Windows_NT
PROCESSOR_IDENTIFIER=Intel64 Family 6 Model 126 Stepping 5, GenuineIntel
TMP=C:\Users\emuan\AppData\Local\Temp
TEMP=C:\Users\emuan\AppData\Local\Temp



---------------  S Y S T E M  ---------------

OS:
 Windows 11 , 64 bit Build 22621 (10.0.22621.3672)
OS uptime: 12 days 1:47 hours
Hyper-V role detected

CPU: total 4 (initial active 4) (2 cores per cpu, 2 threads per core) family 6 model 126 stepping 5 microcode 0xa8, cx8, cmov, fxsr, ht, mmx, 3dnowpref, sse, sse2, sse3, ssse3, sse4.1, sse4.2, popcnt, lzcnt, tsc, tscinvbit, avx, avx2, aes, erms, clmul, bmi1, bmi2, adx, avx512f, avx512dq, avx512cd, avx512bw, avx512vl, sha, fma, vzeroupper, avx512_vpopcntdq, avx512_vpclmulqdq, avx512_vaes, avx512_vnni, clflush, clflushopt, avx512_vbmi2, avx512_vbmi, hv, rdtscp, rdpid, fsrm, gfni, avx512_bitalg

Memory: 4k page, system-wide physical 7934M (266M free)
TotalPageFile size 32510M (AvailPageFile size 3M)
current process WorkingSet (physical memory assigned to process): 394M, peak: 398M
current process commit charge ("private bytes"): 494M, peak: 495M

vm_info: Java HotSpot(TM) 64-Bit Server VM (19.0.2+7-44) for windows-amd64 JRE (19.0.2+7-44), built on 2022-11-30T18:02:09Z by "mach5one" with MS VC++ 17.1 (VS2022)

END.
