#
# There is insufficient memory for the Java Runtime Environment to continue.
# Native memory allocation (malloc) failed to allocate 1109136 bytes for Chunk::new
# Possible reasons:
#   The system is out of physical RAM or swap space
#   The process is running with CompressedOops enabled, and the Java Heap may be blocking the growth of the native heap
# Possible solutions:
#   Reduce memory load on the system
#   Increase physical memory or swap space
#   Check if swap backing store is full
#   Decrease Java heap size (-Xmx/-Xms)
#   Decrease number of Java threads
#   Decrease Java thread stack sizes (-Xss)
#   Set larger code cache with -XX:ReservedCodeCacheSize=
#   JVM is running with Unscaled Compressed Oops mode in which the Java heap is
#     placed in the first 4GB address space. The Java Heap base address is the
#     maximum limit for the native heap growth. Please use -XX:HeapBaseMinAddress
#     to set the Java Heap base and to place the Java Heap above 4GB virtual address.
# This output file may be truncated or incomplete.
#
#  Out of Memory Error (arena.cpp:184), pid=7536, tid=3400
#
# JRE version: Java(TM) SE Runtime Environment (19.0.2+7) (build 19.0.2+7-44)
# Java VM: Java HotSpot(TM) 64-Bit Server VM (19.0.2+7-44, mixed mode, sharing, tiered, compressed oops, compressed class ptrs, g1 gc, windows-amd64)
# No core dump will be written. Minidumps are not enabled by default on client versions of Windows
#

---------------  S U M M A R Y ------------

Command Line: --add-opens=java.base/java.util=ALL-UNNAMED --add-opens=java.base/java.lang=ALL-UNNAMED --add-opens=java.base/java.lang.invoke=ALL-UNNAMED --add-opens=java.prefs/java.util.prefs=ALL-UNNAMED --add-opens=java.base/java.nio.charset=ALL-UNNAMED --add-opens=java.base/java.net=ALL-UNNAMED --add-opens=java.base/java.util.concurrent.atomic=ALL-UNNAMED -Xmx2048m -Dfile.encoding=UTF-8 -Duser.country=US -Duser.language=en -Duser.variant -javaagent:C:\Users\emuan\.gradle\wrapper\dists\gradle-8.7-bin\bhs2wmbdwecv87pi65oeuq5iu\gradle-8.7\lib\agents\gradle-instrumentation-agent-8.7.jar org.gradle.launcher.daemon.bootstrap.GradleDaemon 8.7

Host: Intel(R) Core(TM) i3-1005G1 CPU @ 1.20GHz, 4 cores, 7G,  Windows 11 , 64 bit Build 22621 (10.0.22621.3672)
Time: Wed Jun 26 21:47:38 2024 GMT Daylight Time elapsed time: 12.167699 seconds (0d 0h 0m 12s)

---------------  T H R E A D  ---------------

Current thread (0x00000186fe79c7d0):  JavaThread "C2 CompilerThread0" daemon [_thread_in_native, id=3400, stack(0x00000025f1f00000,0x00000025f2000000)]


Current CompileTask:
C2:  12167 4041       4       java.util.regex.Pattern::split (288 bytes)

Stack: [0x00000025f1f00000,0x00000025f2000000]
Native frames: (J=compiled Java code, j=interpreted, Vv=VM code, C=native code)
V  [jvm.dll+0x6ee21a]
V  [jvm.dll+0x85765e]
V  [jvm.dll+0x85904e]
V  [jvm.dll+0x859703]
V  [jvm.dll+0x28298f]
V  [jvm.dll+0xc9adf]
V  [jvm.dll+0xc9e65]
V  [jvm.dll+0x3bca12]
V  [jvm.dll+0x3860e1]
V  [jvm.dll+0x38555a]
V  [jvm.dll+0x24c3d9]
V  [jvm.dll+0x24b781]
V  [jvm.dll+0x1d6ce1]
V  [jvm.dll+0x25b25a]
V  [jvm.dll+0x2596e8]
V  [jvm.dll+0x807588]
V  [jvm.dll+0x80125a]
V  [jvm.dll+0x6ecf0b]
C  [ucrtbase.dll+0x29333]
C  [KERNEL32.DLL+0x1257d]
C  [ntdll.dll+0x5af28]


---------------  P R O C E S S  ---------------

Threads class SMR info:
_java_thread_list=0x000001868b8b7980, length=32, elements={
0x00000186e676d730, 0x00000186fe795780, 0x00000186fe796800, 0x00000186fe7976e0,
0x00000186fe7994b0, 0x00000186fe79ec80, 0x00000186fe79f6a0, 0x00000186fe79c7d0,
0x00000186fe7a6430, 0x00000186fe7c9ca0, 0x00000186fe769300, 0x00000186feab3380,
0x000001868a34c120, 0x000001868ad967a0, 0x000001868adc2a20, 0x00000186fe9e9d60,
0x00000186fe92d960, 0x00000186fec0b590, 0x00000186fec0bad0, 0x00000186fecc1490,
0x00000186fecbff50, 0x00000186fecc04a0, 0x00000186fecc09f0, 0x00000186fecbfa00,
0x00000186fecc0f40, 0x00000186fecc1f30, 0x00000186fecc2480, 0x00000186fecbef60,
0x00000186fecbf4b0, 0x000001868b891070, 0x000001868b88d600, 0x000001868b892060
}

Java Threads: ( => current thread )
  0x00000186e676d730 JavaThread "main" [_thread_blocked, id=6852, stack(0x00000025f1200000,0x00000025f1300000)]
  0x00000186fe795780 JavaThread "Reference Handler" daemon [_thread_blocked, id=21028, stack(0x00000025f1900000,0x00000025f1a00000)]
  0x00000186fe796800 JavaThread "Finalizer" daemon [_thread_blocked, id=20496, stack(0x00000025f1a00000,0x00000025f1b00000)]
  0x00000186fe7976e0 JavaThread "Signal Dispatcher" daemon [_thread_blocked, id=11432, stack(0x00000025f1b00000,0x00000025f1c00000)]
  0x00000186fe7994b0 JavaThread "Attach Listener" daemon [_thread_blocked, id=22312, stack(0x00000025f1c00000,0x00000025f1d00000)]
  0x00000186fe79ec80 JavaThread "Service Thread" daemon [_thread_blocked, id=8284, stack(0x00000025f1d00000,0x00000025f1e00000)]
  0x00000186fe79f6a0 JavaThread "Monitor Deflation Thread" daemon [_thread_blocked, id=20924, stack(0x00000025f1e00000,0x00000025f1f00000)]
=>0x00000186fe79c7d0 JavaThread "C2 CompilerThread0" daemon [_thread_in_native, id=3400, stack(0x00000025f1f00000,0x00000025f2000000)]
  0x00000186fe7a6430 JavaThread "C1 CompilerThread0" daemon [_thread_in_native, id=22956, stack(0x00000025f2000000,0x00000025f2100000)]
  0x00000186fe7c9ca0 JavaThread "Sweeper thread" daemon [_thread_blocked, id=16220, stack(0x00000025f2100000,0x00000025f2200000)]
  0x00000186fe769300 JavaThread "Common-Cleaner" daemon [_thread_blocked, id=15600, stack(0x00000025f2200000,0x00000025f2300000)]
  0x00000186feab3380 JavaThread "Notification Thread" daemon [_thread_blocked, id=13024, stack(0x00000025f2300000,0x00000025f2400000)]
  0x000001868a34c120 JavaThread "Daemon health stats" [_thread_blocked, id=7808, stack(0x00000025f2800000,0x00000025f2900000)]
  0x000001868ad967a0 JavaThread "Incoming local TCP Connector on port 51557" [_thread_in_native, id=22072, stack(0x00000025f2900000,0x00000025f2a00000)]
  0x000001868adc2a20 JavaThread "Daemon periodic checks" [_thread_blocked, id=26048, stack(0x00000025f2a00000,0x00000025f2b00000)]
  0x00000186fe9e9d60 JavaThread "Daemon" [_thread_blocked, id=25068, stack(0x00000025f2b00000,0x00000025f2c00000)]
  0x00000186fe92d960 JavaThread "Handler for socket connection from /127.0.0.1:51557 to /127.0.0.1:51558" [_thread_in_native, id=17064, stack(0x00000025f2c00000,0x00000025f2d00000)]
  0x00000186fec0b590 JavaThread "Cancel handler" [_thread_blocked, id=12168, stack(0x00000025f2d00000,0x00000025f2e00000)]
  0x00000186fec0bad0 JavaThread "Daemon worker" [_thread_in_vm, id=23908, stack(0x00000025f2e00000,0x00000025f2f00000)]
  0x00000186fecc1490 JavaThread "Asynchronous log dispatcher for DefaultDaemonConnection: socket connection from /127.0.0.1:51557 to /127.0.0.1:51558" [_thread_blocked, id=11016, stack(0x00000025f2f00000,0x00000025f3000000)]
  0x00000186fecbff50 JavaThread "Stdin handler" [_thread_blocked, id=17868, stack(0x00000025f3000000,0x00000025f3100000)]
  0x00000186fecc04a0 JavaThread "Daemon client event forwarder" [_thread_blocked, id=2568, stack(0x00000025f3100000,0x00000025f3200000)]
  0x00000186fecc09f0 JavaThread "Cache worker for journal cache (C:\Users\emuan\.gradle\caches\journal-1)" [_thread_blocked, id=18716, stack(0x00000025f3200000,0x00000025f3300000)]
  0x00000186fecbfa00 JavaThread "File lock request listener" [_thread_in_native, id=10520, stack(0x00000025f3300000,0x00000025f3400000)]
  0x00000186fecc0f40 JavaThread "Cache worker for file hash cache (C:\Users\emuan\.gradle\caches\8.7\fileHashes)" [_thread_blocked, id=7628, stack(0x00000025f3400000,0x00000025f3500000)]
  0x00000186fecc1f30 JavaThread "Cache worker for file hash cache (C:\Users\emuan\Documents\GitHub\ProjetoFinal\.gradle\8.7\fileHashes)" [_thread_blocked, id=16188, stack(0x00000025f3500000,0x00000025f3600000)]
  0x00000186fecc2480 JavaThread "File watcher server" daemon [_thread_in_native, id=24204, stack(0x00000025f3600000,0x00000025f3700000)]
  0x00000186fecbef60 JavaThread "File watcher consumer" daemon [_thread_blocked, id=9204, stack(0x00000025f3700000,0x00000025f3800000)]
  0x00000186fecbf4b0 JavaThread "Cache worker for checksums cache (C:\Users\emuan\Documents\GitHub\ProjetoFinal\.gradle\8.7\checksums)" [_thread_blocked, id=24812, stack(0x00000025f3800000,0x00000025f3900000)]
  0x000001868b891070 JavaThread "Cache worker for cache directory md-supplier (C:\Users\emuan\.gradle\caches\8.7\md-supplier)" [_thread_blocked, id=12580, stack(0x00000025f3900000,0x00000025f3a00000)]
  0x000001868b88d600 JavaThread "Cache worker for cache directory md-rule (C:\Users\emuan\.gradle\caches\8.7\md-rule)" [_thread_blocked, id=26300, stack(0x00000025f3a00000,0x00000025f3b00000)]
  0x000001868b892060 JavaThread "Cache worker for file content cache (C:\Users\emuan\.gradle\caches\8.7\fileContent)" [_thread_blocked, id=19556, stack(0x00000025f3b00000,0x00000025f3c00000)]

Other Threads:
  0x00000186fe780350 VMThread "VM Thread" [stack: 0x00000025f1800000,0x00000025f1900000] [id=23800]
  0x00000186e676e610 WatcherThread "VM Periodic Task Thread" [stack: 0x00000025f2400000,0x00000025f2500000] [id=2268]
  0x00000186e67cce00 WorkerThread "GC Thread#0" [stack: 0x00000025f1300000,0x00000025f1400000] [id=24152]
  0x00000186feb20290 WorkerThread "GC Thread#1" [stack: 0x00000025f2500000,0x00000025f2600000] [id=24700]
  0x00000186fee67b60 WorkerThread "GC Thread#2" [stack: 0x00000025f2600000,0x00000025f2700000] [id=19152]
  0x000001868a0d5780 WorkerThread "GC Thread#3" [stack: 0x00000025f2700000,0x00000025f2800000] [id=23932]
  0x00000186e67ddd60 ConcurrentGCThread "G1 Main Marker" [stack: 0x00000025f1400000,0x00000025f1500000] [id=16792]
  0x00000186e67de790 WorkerThread "G1 Conc#0" [stack: 0x00000025f1500000,0x00000025f1600000] [id=7680]
  0x00000186fe62efa0 ConcurrentGCThread "G1 Refine#0" [stack: 0x00000025f1600000,0x00000025f1700000] [id=25876]
  0x00000186fe630750 ConcurrentGCThread "G1 Service" [stack: 0x00000025f1700000,0x00000025f1800000] [id=25844]

Threads with active compile tasks:
C2 CompilerThread0    12222 4041       4       java.util.regex.Pattern::split (288 bytes)

VM state: not at safepoint (normal execution)

VM Mutex/Monitor currently owned by a thread: None

Heap address: 0x0000000080000000, size: 2048 MB, Compressed Oops mode: 32-bit

CDS archive(s) mapped at: [0x0000000800000000-0x0000000800c40000-0x0000000800c40000), size 12845056, SharedBaseAddress: 0x0000000800000000, ArchiveRelocationMode: 0.
Compressed class space mapped at: 0x0000000801000000-0x0000000841000000, reserved size: 1073741824
Narrow klass base: 0x0000000800000000, Narrow klass shift: 0, Narrow klass range: 0x100000000

GC Precious Log:
 CardTable entry size: 512
 Card Set container configuration: InlinePtr #cards 5 size 8 Array Of Cards #cards 12 size 40 Howl #buckets 4 coarsen threshold 1843 Howl Bitmap #cards 512 size 80 coarsen threshold 460 Card regions per heap region 1 cards per card region 2048
 CPUs: 4 total, 4 available
 Memory: 7934M
 Large Page Support: Disabled
 NUMA Support: Disabled
 Compressed Oops: Enabled (32-bit)
 Heap Region Size: 1M
 Heap Min Capacity: 8M
 Heap Initial Capacity: 124M
 Heap Max Capacity: 2G
 Pre-touch: Disabled
 Parallel Workers: 4
 Concurrent Workers: 1
 Concurrent Refinement Workers: 4
 Periodic GC: Disabled

Heap:
 garbage-first heap   total 81920K, used 41299K [0x0000000080000000, 0x0000000100000000)
  region size 1024K, 17 young (17408K), 4 survivors (4096K)
 Metaspace       used 33704K, committed 34880K, reserved 1114112K
  class space    used 4687K, committed 5312K, reserved 1048576K

Heap Regions: E=young(eden), S=young(survivor), O=old, HS=humongous(starts), HC=humongous(continues), CS=collection set, F=free, OA=open archive, CA=closed archive, TAMS=top-at-mark-start (previous, next)
|   0|0x0000000080000000, 0x0000000080100000, 0x0000000080100000|100%| O|  |TAMS 0x0000000080100000, 0x0000000080000000| Untracked 
|   1|0x0000000080100000, 0x0000000080200000, 0x0000000080200000|100%|HS|  |TAMS 0x0000000080200000, 0x0000000080100000| Complete 
|   2|0x0000000080200000, 0x0000000080300000, 0x0000000080300000|100%|HC|  |TAMS 0x0000000080300000, 0x0000000080200000| Complete 
|   3|0x0000000080300000, 0x0000000080400000, 0x0000000080400000|100%|HC|  |TAMS 0x0000000080400000, 0x0000000080300000| Complete 
|   4|0x0000000080400000, 0x0000000080500000, 0x0000000080500000|100%|HC|  |TAMS 0x0000000080500000, 0x0000000080400000| Complete 
|   5|0x0000000080500000, 0x0000000080600000, 0x0000000080600000|100%| O|  |TAMS 0x0000000080600000, 0x0000000080500000| Untracked 
|   6|0x0000000080600000, 0x0000000080700000, 0x0000000080700000|100%| O|  |TAMS 0x0000000080700000, 0x0000000080600000| Untracked 
|   7|0x0000000080700000, 0x0000000080800000, 0x0000000080800000|100%| O|  |TAMS 0x0000000080800000, 0x0000000080700000| Untracked 
|   8|0x0000000080800000, 0x0000000080900000, 0x0000000080900000|100%| O|  |TAMS 0x0000000080900000, 0x0000000080800000| Untracked 
|   9|0x0000000080900000, 0x0000000080a00000, 0x0000000080a00000|100%| O|  |TAMS 0x0000000080a00000, 0x0000000080900000| Untracked 
|  10|0x0000000080a00000, 0x0000000080b00000, 0x0000000080b00000|100%| O|  |TAMS 0x0000000080aa7e00, 0x0000000080a00000| Untracked 
|  11|0x0000000080b00000, 0x0000000080c00000, 0x0000000080c00000|100%| O|  |TAMS 0x0000000080b00000, 0x0000000080b00000| Untracked 
|  12|0x0000000080c00000, 0x0000000080d00000, 0x0000000080d00000|100%| O|  |TAMS 0x0000000080c00000, 0x0000000080c00000| Untracked 
|  13|0x0000000080d00000, 0x0000000080e00000, 0x0000000080e00000|100%| O|  |TAMS 0x0000000080d00000, 0x0000000080d00000| Untracked 
|  14|0x0000000080e00000, 0x0000000080f00000, 0x0000000080f00000|100%| O|  |TAMS 0x0000000080e00000, 0x0000000080e00000| Untracked 
|  15|0x0000000080f00000, 0x0000000081000000, 0x0000000081000000|100%| O|  |TAMS 0x0000000080f00000, 0x0000000080f00000| Untracked 
|  16|0x0000000081000000, 0x0000000081100000, 0x0000000081100000|100%| O|  |TAMS 0x0000000081000000, 0x0000000081000000| Untracked 
|  17|0x0000000081100000, 0x0000000081200000, 0x0000000081200000|100%| O|  |TAMS 0x0000000081100000, 0x0000000081100000| Untracked 
|  18|0x0000000081200000, 0x0000000081300000, 0x0000000081300000|100%| O|  |TAMS 0x0000000081200000, 0x0000000081200000| Untracked 
|  19|0x0000000081300000, 0x0000000081300000, 0x0000000081400000|  0%| F|  |TAMS 0x0000000081300000, 0x0000000081300000| Untracked 
|  20|0x0000000081400000, 0x0000000081500000, 0x0000000081500000|100%| O|  |TAMS 0x0000000081400000, 0x0000000081400000| Untracked 
|  21|0x0000000081500000, 0x0000000081600000, 0x0000000081600000|100%| O|  |TAMS 0x0000000081500000, 0x0000000081500000| Untracked 
|  22|0x0000000081600000, 0x0000000081700000, 0x0000000081700000|100%| O|  |TAMS 0x0000000081600000, 0x0000000081600000| Untracked 
|  23|0x0000000081700000, 0x0000000081800000, 0x0000000081800000|100%| O|  |TAMS 0x0000000081700000, 0x0000000081700000| Untracked 
|  24|0x0000000081800000, 0x0000000081900000, 0x0000000081900000|100%| O|  |TAMS 0x0000000081800000, 0x0000000081800000| Untracked 
|  25|0x0000000081900000, 0x0000000081956c00, 0x0000000081a00000| 33%| O|  |TAMS 0x0000000081900000, 0x0000000081900000| Untracked 
|  26|0x0000000081a00000, 0x0000000081a00000, 0x0000000081b00000|  0%| F|  |TAMS 0x0000000081a00000, 0x0000000081a00000| Untracked 
|  27|0x0000000081b00000, 0x0000000081b00000, 0x0000000081c00000|  0%| F|  |TAMS 0x0000000081b00000, 0x0000000081b00000| Untracked 
|  28|0x0000000081c00000, 0x0000000081c00000, 0x0000000081d00000|  0%| F|  |TAMS 0x0000000081c00000, 0x0000000081c00000| Untracked 
|  29|0x0000000081d00000, 0x0000000081d00000, 0x0000000081e00000|  0%| F|  |TAMS 0x0000000081d00000, 0x0000000081d00000| Untracked 
|  30|0x0000000081e00000, 0x0000000081e00000, 0x0000000081f00000|  0%| F|  |TAMS 0x0000000081e00000, 0x0000000081e00000| Untracked 
|  31|0x0000000081f00000, 0x0000000081f00000, 0x0000000082000000|  0%| F|  |TAMS 0x0000000081f00000, 0x0000000081f00000| Untracked 
|  32|0x0000000082000000, 0x0000000082000000, 0x0000000082100000|  0%| F|  |TAMS 0x0000000082000000, 0x0000000082000000| Untracked 
|  33|0x0000000082100000, 0x0000000082100000, 0x0000000082200000|  0%| F|  |TAMS 0x0000000082100000, 0x0000000082100000| Untracked 
|  34|0x0000000082200000, 0x0000000082200000, 0x0000000082300000|  0%| F|  |TAMS 0x0000000082200000, 0x0000000082200000| Untracked 
|  35|0x0000000082300000, 0x0000000082300000, 0x0000000082400000|  0%| F|  |TAMS 0x0000000082300000, 0x0000000082300000| Untracked 
|  36|0x0000000082400000, 0x0000000082400000, 0x0000000082500000|  0%| F|  |TAMS 0x0000000082400000, 0x0000000082400000| Untracked 
|  37|0x0000000082500000, 0x0000000082500000, 0x0000000082600000|  0%| F|  |TAMS 0x0000000082500000, 0x0000000082500000| Untracked 
|  38|0x0000000082600000, 0x0000000082600000, 0x0000000082700000|  0%| F|  |TAMS 0x0000000082600000, 0x0000000082600000| Untracked 
|  39|0x0000000082700000, 0x00000000827fe1d8, 0x0000000082800000| 99%| S|CS|TAMS 0x0000000082700000, 0x0000000082700000| Complete 
|  40|0x0000000082800000, 0x0000000082900000, 0x0000000082900000|100%| S|CS|TAMS 0x0000000082800000, 0x0000000082800000| Complete 
|  41|0x0000000082900000, 0x0000000082a00000, 0x0000000082a00000|100%| S|CS|TAMS 0x0000000082900000, 0x0000000082900000| Complete 
|  42|0x0000000082a00000, 0x0000000082b00000, 0x0000000082b00000|100%| S|CS|TAMS 0x0000000082a00000, 0x0000000082a00000| Complete 
|  43|0x0000000082b00000, 0x0000000082b00000, 0x0000000082c00000|  0%| F|  |TAMS 0x0000000082b00000, 0x0000000082b00000| Untracked 
|  44|0x0000000082c00000, 0x0000000082c00000, 0x0000000082d00000|  0%| F|  |TAMS 0x0000000082c00000, 0x0000000082c00000| Untracked 
|  45|0x0000000082d00000, 0x0000000082d00000, 0x0000000082e00000|  0%| F|  |TAMS 0x0000000082d00000, 0x0000000082d00000| Untracked 
|  46|0x0000000082e00000, 0x0000000082e00000, 0x0000000082f00000|  0%| F|  |TAMS 0x0000000082e00000, 0x0000000082e00000| Untracked 
|  47|0x0000000082f00000, 0x0000000082f00000, 0x0000000083000000|  0%| F|  |TAMS 0x0000000082f00000, 0x0000000082f00000| Untracked 
|  48|0x0000000083000000, 0x0000000083000000, 0x0000000083100000|  0%| F|  |TAMS 0x0000000083000000, 0x0000000083000000| Untracked 
|  49|0x0000000083100000, 0x0000000083100000, 0x0000000083200000|  0%| F|  |TAMS 0x0000000083100000, 0x0000000083100000| Untracked 
|  50|0x0000000083200000, 0x0000000083200000, 0x0000000083300000|  0%| F|  |TAMS 0x0000000083200000, 0x0000000083200000| Untracked 
|  51|0x0000000083300000, 0x0000000083300000, 0x0000000083400000|  0%| F|  |TAMS 0x0000000083300000, 0x0000000083300000| Untracked 
|  52|0x0000000083400000, 0x0000000083400000, 0x0000000083500000|  0%| F|  |TAMS 0x0000000083400000, 0x0000000083400000| Untracked 
|  53|0x0000000083500000, 0x0000000083500000, 0x0000000083600000|  0%| F|  |TAMS 0x0000000083500000, 0x0000000083500000| Untracked 
|  54|0x0000000083600000, 0x0000000083600000, 0x0000000083700000|  0%| F|  |TAMS 0x0000000083600000, 0x0000000083600000| Untracked 
|  55|0x0000000083700000, 0x0000000083700000, 0x0000000083800000|  0%| F|  |TAMS 0x0000000083700000, 0x0000000083700000| Untracked 
|  56|0x0000000083800000, 0x0000000083800000, 0x0000000083900000|  0%| F|  |TAMS 0x0000000083800000, 0x0000000083800000| Untracked 
|  57|0x0000000083900000, 0x0000000083900000, 0x0000000083a00000|  0%| F|  |TAMS 0x0000000083900000, 0x0000000083900000| Untracked 
|  58|0x0000000083a00000, 0x0000000083a00000, 0x0000000083b00000|  0%| F|  |TAMS 0x0000000083a00000, 0x0000000083a00000| Untracked 
|  59|0x0000000083b00000, 0x0000000083b00000, 0x0000000083c00000|  0%| F|  |TAMS 0x0000000083b00000, 0x0000000083b00000| Untracked 
|  60|0x0000000083c00000, 0x0000000083c00000, 0x0000000083d00000|  0%| F|  |TAMS 0x0000000083c00000, 0x0000000083c00000| Untracked 
|  61|0x0000000083d00000, 0x0000000083d00000, 0x0000000083e00000|  0%| F|  |TAMS 0x0000000083d00000, 0x0000000083d00000| Untracked 
|  62|0x0000000083e00000, 0x0000000083e00000, 0x0000000083f00000|  0%| F|  |TAMS 0x0000000083e00000, 0x0000000083e00000| Untracked 
|  63|0x0000000083f00000, 0x0000000083f00000, 0x0000000084000000|  0%| F|  |TAMS 0x0000000083f00000, 0x0000000083f00000| Untracked 
|  64|0x0000000084000000, 0x0000000084000000, 0x0000000084100000|  0%| F|  |TAMS 0x0000000084000000, 0x0000000084000000| Untracked 
|  65|0x0000000084100000, 0x0000000084100000, 0x0000000084200000|  0%| F|  |TAMS 0x0000000084100000, 0x0000000084100000| Untracked 
|  66|0x0000000084200000, 0x0000000084200000, 0x0000000084300000|  0%| F|  |TAMS 0x0000000084200000, 0x0000000084200000| Untracked 
|  67|0x0000000084300000, 0x00000000843fc910, 0x0000000084400000| 98%| E|  |TAMS 0x0000000084300000, 0x0000000084300000| Complete 
|  68|0x0000000084400000, 0x0000000084500000, 0x0000000084500000|100%| E|CS|TAMS 0x0000000084400000, 0x0000000084400000| Complete 
|  69|0x0000000084500000, 0x0000000084600000, 0x0000000084600000|100%| E|CS|TAMS 0x0000000084500000, 0x0000000084500000| Complete 
|  70|0x0000000084600000, 0x0000000084700000, 0x0000000084700000|100%| E|CS|TAMS 0x0000000084600000, 0x0000000084600000| Complete 
|  71|0x0000000084700000, 0x0000000084800000, 0x0000000084800000|100%| E|CS|TAMS 0x0000000084700000, 0x0000000084700000| Complete 
|  72|0x0000000084800000, 0x0000000084900000, 0x0000000084900000|100%| E|CS|TAMS 0x0000000084800000, 0x0000000084800000| Complete 
|  73|0x0000000084900000, 0x0000000084a00000, 0x0000000084a00000|100%| E|CS|TAMS 0x0000000084900000, 0x0000000084900000| Complete 
|  74|0x0000000084a00000, 0x0000000084b00000, 0x0000000084b00000|100%| E|CS|TAMS 0x0000000084a00000, 0x0000000084a00000| Complete 
|  75|0x0000000084b00000, 0x0000000084c00000, 0x0000000084c00000|100%| E|CS|TAMS 0x0000000084b00000, 0x0000000084b00000| Complete 
|  88|0x0000000085800000, 0x0000000085900000, 0x0000000085900000|100%| E|CS|TAMS 0x0000000085800000, 0x0000000085800000| Complete 
|  89|0x0000000085900000, 0x0000000085a00000, 0x0000000085a00000|100%| E|CS|TAMS 0x0000000085900000, 0x0000000085900000| Complete 
|  90|0x0000000085a00000, 0x0000000085b00000, 0x0000000085b00000|100%| E|CS|TAMS 0x0000000085a00000, 0x0000000085a00000| Complete 
| 123|0x0000000087b00000, 0x0000000087c00000, 0x0000000087c00000|100%| E|CS|TAMS 0x0000000087b00000, 0x0000000087b00000| Complete 

Card table byte_map: [0x00000186fdaa0000,0x00000186fdea0000] _byte_map_base: 0x00000186fd6a0000

Marking Bits (Prev, Next): (CMBitMap*) 0x00000186e67cd470, (CMBitMap*) 0x00000186e67cd430
 Prev Bits: [0x0000018682000000, 0x0000018684000000)
 Next Bits: [0x0000018680000000, 0x0000018682000000)

Polling page: 0x00000186e4690000

Metaspace:

Usage:
  Non-class:     28.35 MB used.
      Class:      4.58 MB used.
       Both:     32.93 MB used.

Virtual space:
  Non-class space:       64.00 MB reserved,      28.88 MB ( 45%) committed,  1 nodes.
      Class space:        1.00 GB reserved,       5.19 MB ( <1%) committed,  1 nodes.
             Both:        1.06 GB reserved,      34.06 MB (  3%) committed. 

Chunk freelists:
   Non-Class:  2.33 MB
       Class:  2.64 MB
        Both:  4.97 MB

MaxMetaspaceSize: unlimited
CompressedClassSpaceSize: 1.00 GB
Initial GC threshold: 21.00 MB
Current GC threshold: 35.12 MB
CDS: on
MetaspaceReclaimPolicy: balanced
 - commit_granule_bytes: 65536.
 - commit_granule_words: 8192.
 - virtual_space_node_default_size: 8388608.
 - enlarge_chunks_in_place: 1.
 - new_chunks_are_fully_committed: 0.
 - uncommit_free_chunks: 1.
 - use_allocation_guard: 0.


Internal statistics:

num_allocs_failed_limit: 3.
num_arena_births: 1978.
num_arena_deaths: 0.
num_vsnodes_births: 2.
num_vsnodes_deaths: 0.
num_space_committed: 545.
num_space_uncommitted: 0.
num_chunks_returned_to_freelist: 3.
num_chunks_taken_from_freelist: 3475.
num_chunk_merges: 3.
num_chunk_splits: 2247.
num_chunks_enlarged: 1377.
num_inconsistent_stats: 0.

CodeHeap 'non-profiled nmethods': size=120000Kb used=2056Kb max_used=2056Kb free=117943Kb
 bounds [0x00000186f6170000, 0x00000186f63e0000, 0x00000186fd6a0000]
CodeHeap 'profiled nmethods': size=120000Kb used=8308Kb max_used=8308Kb free=111691Kb
 bounds [0x00000186ee6a0000, 0x00000186eeec0000, 0x00000186f5bd0000]
CodeHeap 'non-nmethods': size=5760Kb used=1708Kb max_used=1732Kb free=4051Kb
 bounds [0x00000186f5bd0000, 0x00000186f5e40000, 0x00000186f6170000]
 total_blobs=4748 nmethods=4073 adapters=585
 compilation: enabled
              stopped_count=0, restarted_count=0
 full_count=0

Compilation events (20 events):
Event: 12.116 Thread 0x00000186fe7a6430 4050       3       java.util.stream.Collectors::toSet (26 bytes)
Event: 12.116 Thread 0x00000186fe7a6430 nmethod 4050 0x00000186eeea8710 code [0x00000186eeea8920, 0x00000186eeea8f48]
Event: 12.116 Thread 0x00000186fe7a6430 4051       3       java.util.stream.Collectors$$Lambda$30/0x800000045::get (8 bytes)
Event: 12.116 Thread 0x00000186fe7a6430 nmethod 4051 0x00000186eeea9110 code [0x00000186eeea92e0, 0x00000186eeea97b8]
Event: 12.117 Thread 0x00000186fe7a6430 4052       3       org.codehaus.groovy.vmplugin.v9.Java9$$Lambda$488/0x000000080150dde0::test (12 bytes)
Event: 12.118 Thread 0x00000186fe7a6430 nmethod 4052 0x00000186eeea9990 code [0x00000186eeea9b40, 0x00000186eeea9e68]
Event: 12.123 Thread 0x00000186fe7a6430 4053       3       java.util.stream.Collectors$$Lambda$485/0x00000008014de448::accept (17 bytes)
Event: 12.123 Thread 0x00000186fe7a6430 nmethod 4053 0x00000186eeea9f90 code [0x00000186eeeaa140, 0x00000186eeeaa3a8]
Event: 12.123 Thread 0x00000186fe7a6430 4054       3       java.util.stream.Collectors::lambda$uniqKeysMapAccumulator$1 (49 bytes)
Event: 12.124 Thread 0x00000186fe7a6430 nmethod 4054 0x00000186eeeaa490 code [0x00000186eeeaa680, 0x00000186eeeaabc8]
Event: 12.124 Thread 0x00000186fe7a6430 4055       3       org.codehaus.groovy.vmplugin.v9.Java9$$Lambda$482/0x000000080150d748::apply (10 bytes)
Event: 12.124 Thread 0x00000186fe7a6430 nmethod 4055 0x00000186eeeaae10 code [0x00000186eeeaafc0, 0x00000186eeeab2a8]
Event: 12.124 Thread 0x00000186fe7a6430 4056       3       org.codehaus.groovy.vmplugin.v9.Java9$$Lambda$483/0x000000080150d970::apply (12 bytes)
Event: 12.124 Thread 0x00000186fe7a6430 nmethod 4056 0x00000186eeeab390 code [0x00000186eeeab540, 0x00000186eeeab788]
Event: 12.124 Thread 0x00000186fe7a6430 4057       3       org.codehaus.groovy.vmplugin.v9.Java9::lambda$doFindClasses$3 (47 bytes)
Event: 12.125 Thread 0x00000186fe7a6430 nmethod 4057 0x00000186eeeab890 code [0x00000186eeeabb20, 0x00000186eeeac948]
Event: 12.125 Thread 0x00000186fe7a6430 4058       3       org.codehaus.groovy.vmplugin.v9.Java9$$Lambda$488/0x000000080150dde0::<init> (10 bytes)
Event: 12.125 Thread 0x00000186fe7a6430 nmethod 4058 0x00000186eeeacd90 code [0x00000186eeeacf40, 0x00000186eeead0f8]
Event: 12.142 Thread 0x00000186fe7a6430 4060       3       org.codehaus.groovy.vmplugin.v9.Java9$$Lambda$489/0x000000080150e020::apply (8 bytes)
Event: 12.142 Thread 0x00000186fe7a6430 nmethod 4060 0x00000186eeead190 code [0x00000186eeead3c0, 0x00000186eeeada48]

GC Heap History (16 events):
Event: 1.146 GC heap before
{Heap before GC invocations=0 (full 0):
 garbage-first heap   total 126976K, used 13312K [0x0000000080000000, 0x0000000100000000)
  region size 1024K, 13 young (13312K), 0 survivors (0K)
 Metaspace       used 1007K, committed 1152K, reserved 1114112K
  class space    used 76K, committed 128K, reserved 1048576K
}
Event: 1.154 GC heap after
{Heap after GC invocations=1 (full 0):
 garbage-first heap   total 126976K, used 2637K [0x0000000080000000, 0x0000000100000000)
  region size 1024K, 2 young (2048K), 2 survivors (2048K)
 Metaspace       used 1007K, committed 1152K, reserved 1114112K
  class space    used 76K, committed 128K, reserved 1048576K
}
Event: 2.660 GC heap before
{Heap before GC invocations=1 (full 0):
 garbage-first heap   total 126976K, used 23117K [0x0000000080000000, 0x0000000100000000)
  region size 1024K, 19 young (19456K), 2 survivors (2048K)
 Metaspace       used 4012K, committed 4224K, reserved 1114112K
  class space    used 483K, committed 576K, reserved 1048576K
}
Event: 2.666 GC heap after
{Heap after GC invocations=2 (full 0):
 garbage-first heap   total 126976K, used 10708K [0x0000000080000000, 0x0000000100000000)
  region size 1024K, 3 young (3072K), 3 survivors (3072K)
 Metaspace       used 4012K, committed 4224K, reserved 1114112K
  class space    used 483K, committed 576K, reserved 1048576K
}
Event: 3.337 GC heap before
{Heap before GC invocations=2 (full 0):
 garbage-first heap   total 126976K, used 33236K [0x0000000080000000, 0x0000000100000000)
  region size 1024K, 25 young (25600K), 3 survivors (3072K)
 Metaspace       used 4094K, committed 4288K, reserved 1114112K
  class space    used 485K, committed 576K, reserved 1048576K
}
Event: 3.341 GC heap after
{Heap after GC invocations=3 (full 0):
 garbage-first heap   total 126976K, used 11362K [0x0000000080000000, 0x0000000100000000)
  region size 1024K, 1 young (1024K), 1 survivors (1024K)
 Metaspace       used 4094K, committed 4288K, reserved 1114112K
  class space    used 485K, committed 576K, reserved 1048576K
}
Event: 7.755 GC heap before
{Heap before GC invocations=3 (full 0):
 garbage-first heap   total 126976K, used 86114K [0x0000000080000000, 0x0000000100000000)
  region size 1024K, 74 young (75776K), 1 survivors (1024K)
 Metaspace       used 16608K, committed 17088K, reserved 1114112K
  class space    used 2250K, committed 2496K, reserved 1048576K
}
Event: 7.767 GC heap after
{Heap after GC invocations=4 (full 0):
 garbage-first heap   total 126976K, used 20429K [0x0000000080000000, 0x0000000100000000)
  region size 1024K, 10 young (10240K), 10 survivors (10240K)
 Metaspace       used 16608K, committed 17088K, reserved 1114112K
  class space    used 2250K, committed 2496K, reserved 1048576K
}
Event: 9.086 GC heap before
{Heap before GC invocations=4 (full 0):
 garbage-first heap   total 126976K, used 53197K [0x0000000080000000, 0x0000000100000000)
  region size 1024K, 43 young (44032K), 10 survivors (10240K)
 Metaspace       used 20896K, committed 21504K, reserved 1114112K
  class space    used 2959K, committed 3264K, reserved 1048576K
}
Event: 9.097 GC heap after
{Heap after GC invocations=5 (full 0):
 garbage-first heap   total 126976K, used 23110K [0x0000000080000000, 0x0000000100000000)
  region size 1024K, 3 young (3072K), 3 survivors (3072K)
 Metaspace       used 20896K, committed 21504K, reserved 1114112K
  class space    used 2959K, committed 3264K, reserved 1048576K
}
Event: 10.807 GC heap before
{Heap before GC invocations=6 (full 0):
 garbage-first heap   total 81920K, used 68166K [0x0000000080000000, 0x0000000100000000)
  region size 1024K, 48 young (49152K), 3 survivors (3072K)
 Metaspace       used 26763K, committed 27840K, reserved 1114112K
  class space    used 3929K, committed 4480K, reserved 1048576K
}
Event: 10.816 GC heap after
{Heap after GC invocations=7 (full 0):
 garbage-first heap   total 81920K, used 25029K [0x0000000080000000, 0x0000000100000000)
  region size 1024K, 5 young (5120K), 5 survivors (5120K)
 Metaspace       used 26763K, committed 27840K, reserved 1114112K
  class space    used 3929K, committed 4480K, reserved 1048576K
}
Event: 10.822 GC heap before
{Heap before GC invocations=7 (full 0):
 garbage-first heap   total 81920K, used 26053K [0x0000000080000000, 0x0000000100000000)
  region size 1024K, 6 young (6144K), 5 survivors (5120K)
 Metaspace       used 26823K, committed 27968K, reserved 1114112K
  class space    used 3938K, committed 4544K, reserved 1048576K
}
Event: 10.830 GC heap after
{Heap after GC invocations=8 (full 0):
 garbage-first heap   total 81920K, used 25345K [0x0000000080000000, 0x0000000100000000)
  region size 1024K, 1 young (1024K), 1 survivors (1024K)
 Metaspace       used 26823K, committed 27968K, reserved 1114112K
  class space    used 3938K, committed 4544K, reserved 1048576K
}
Event: 11.915 GC heap before
{Heap before GC invocations=8 (full 0):
 garbage-first heap   total 81920K, used 61185K [0x0000000080000000, 0x0000000100000000)
  region size 1024K, 37 young (37888K), 1 survivors (1024K)
 Metaspace       used 33498K, committed 34752K, reserved 1114112K
  class space    used 4661K, committed 5312K, reserved 1048576K
}
Event: 11.921 GC heap after
{Heap after GC invocations=9 (full 0):
 garbage-first heap   total 81920K, used 29011K [0x0000000080000000, 0x0000000100000000)
  region size 1024K, 4 young (4096K), 4 survivors (4096K)
 Metaspace       used 33498K, committed 34752K, reserved 1114112K
  class space    used 4661K, committed 5312K, reserved 1048576K
}

Dll operation events (15 events):
Event: 0.079 Loaded shared library C:\Program Files\Java\jdk-19\bin\java.dll
Event: 0.113 Loaded shared library C:\Program Files\Java\jdk-19\bin\jsvml.dll
Event: 0.274 Loaded shared library C:\Program Files\Java\jdk-19\bin\zip.dll
Event: 0.285 Loaded shared library C:\Program Files\Java\jdk-19\bin\instrument.dll
Event: 0.326 Loaded shared library C:\Program Files\Java\jdk-19\bin\net.dll
Event: 0.335 Loaded shared library C:\Program Files\Java\jdk-19\bin\nio.dll
Event: 0.358 Loaded shared library C:\Program Files\Java\jdk-19\bin\zip.dll
Event: 1.012 Loaded shared library C:\Program Files\Java\jdk-19\bin\jimage.dll
Event: 1.258 Loaded shared library C:\Program Files\Java\jdk-19\bin\verify.dll
Event: 2.045 Loaded shared library C:\Users\emuan\.gradle\native\c067742578af261105cb4f569cf0c3c89f3d7b1fecec35dd04571415982c5e48\windows-amd64\native-platform.dll
Event: 2.087 Loaded shared library C:\Users\emuan\.gradle\native\38dada09dfb8b06ba9b0570ebf7e218e3eb74d4ef43ca46872605cf95ebc2f47\windows-amd64\native-platform-file-events.dll
Event: 4.551 Loaded shared library C:\Program Files\Java\jdk-19\bin\management.dll
Event: 4.560 Loaded shared library C:\Program Files\Java\jdk-19\bin\management_ext.dll
Event: 5.036 Loaded shared library C:\Program Files\Java\jdk-19\bin\extnet.dll
Event: 5.559 Loaded shared library C:\Program Files\Java\jdk-19\bin\sunmscapi.dll

Deoptimization events (20 events):
Event: 11.736 Thread 0x00000186fec0bad0 DEOPT PACKING pc=0x00000186f63454bc sp=0x00000025f2ef8c30
Event: 11.736 Thread 0x00000186fec0bad0 DEOPT UNPACKING pc=0x00000186f5c3a5a3 sp=0x00000025f2ef8bd8 mode 2
Event: 11.736 Thread 0x00000186fec0bad0 Uncommon trap: trap_request=0xffffffc6 fr.pc=0x00000186f63454bc relative=0x000000000000027c
Event: 11.736 Thread 0x00000186fec0bad0 Uncommon trap: reason=bimorphic_or_optimized_type_check action=maybe_recompile pc=0x00000186f63454bc method=java.util.stream.MatchOps$1MatchSink.accept(Ljava/lang/Object;)V @ 12 c2
Event: 11.736 Thread 0x00000186fec0bad0 DEOPT PACKING pc=0x00000186f63454bc sp=0x00000025f2ef8c30
Event: 11.736 Thread 0x00000186fec0bad0 DEOPT UNPACKING pc=0x00000186f5c3a5a3 sp=0x00000025f2ef8bd8 mode 2
Event: 11.736 Thread 0x00000186fec0bad0 Uncommon trap: trap_request=0xffffffc6 fr.pc=0x00000186f63454bc relative=0x000000000000027c
Event: 11.736 Thread 0x00000186fec0bad0 Uncommon trap: reason=bimorphic_or_optimized_type_check action=maybe_recompile pc=0x00000186f63454bc method=java.util.stream.MatchOps$1MatchSink.accept(Ljava/lang/Object;)V @ 12 c2
Event: 11.736 Thread 0x00000186fec0bad0 DEOPT PACKING pc=0x00000186f63454bc sp=0x00000025f2ef8c30
Event: 11.736 Thread 0x00000186fec0bad0 DEOPT UNPACKING pc=0x00000186f5c3a5a3 sp=0x00000025f2ef8bd8 mode 2
Event: 11.736 Thread 0x00000186fec0bad0 Uncommon trap: trap_request=0xffffffc6 fr.pc=0x00000186f63454bc relative=0x000000000000027c
Event: 11.736 Thread 0x00000186fec0bad0 Uncommon trap: reason=bimorphic_or_optimized_type_check action=maybe_recompile pc=0x00000186f63454bc method=java.util.stream.MatchOps$1MatchSink.accept(Ljava/lang/Object;)V @ 12 c2
Event: 11.736 Thread 0x00000186fec0bad0 DEOPT PACKING pc=0x00000186f63454bc sp=0x00000025f2ef8c30
Event: 11.736 Thread 0x00000186fec0bad0 DEOPT UNPACKING pc=0x00000186f5c3a5a3 sp=0x00000025f2ef8bd8 mode 2
Event: 11.760 Thread 0x00000186fec0bad0 Uncommon trap: trap_request=0xffffff45 fr.pc=0x00000186f625d280 relative=0x00000000000000e0
Event: 11.760 Thread 0x00000186fec0bad0 Uncommon trap: reason=unstable_if action=reinterpret pc=0x00000186f625d280 method=java.lang.ClassLoader.getClassLoadingLock(Ljava/lang/String;)Ljava/lang/Object; @ 6 c2
Event: 11.760 Thread 0x00000186fec0bad0 DEOPT PACKING pc=0x00000186f625d280 sp=0x00000025f2ef9270
Event: 11.760 Thread 0x00000186fec0bad0 DEOPT UNPACKING pc=0x00000186f5c3a5a3 sp=0x00000025f2ef9210 mode 2
Event: 11.908 Thread 0x00000186fec0bad0 DEOPT PACKING pc=0x00000186eee80e10 sp=0x00000025f2ef8d60
Event: 11.908 Thread 0x00000186fec0bad0 DEOPT UNPACKING pc=0x00000186f5c3b0e3 sp=0x00000025f2ef8250 mode 0

Classes loaded (20 events):
Event: 11.769 Loading class jdk/internal/jimage/ImageReader$Directory
Event: 11.770 Loading class jdk/internal/jimage/ImageReader$Node
Event: 11.771 Loading class jdk/internal/jimage/ImageReader$Node done
Event: 11.771 Loading class jdk/internal/jimage/ImageReader$Directory done
Event: 11.771 Loading class jdk/internal/jrtfs/SystemImage$1
Event: 11.771 Loading class jdk/internal/jrtfs/SystemImage$1 done
Event: 11.771 Loading class jdk/internal/jimage/ImageReader$SharedImageReader$LocationVisitor
Event: 11.772 Loading class jdk/internal/jimage/ImageReader$SharedImageReader$LocationVisitor done
Event: 11.773 Loading class java/nio/ByteBufferAsIntBufferL
Event: 11.774 Loading class java/nio/ByteBufferAsIntBufferL done
Event: 11.775 Loading class jdk/internal/jrtfs/JrtFileAttributes
Event: 11.775 Loading class jdk/internal/jrtfs/JrtFileAttributes done
Event: 11.776 Loading class jdk/internal/jrtfs/JrtDirectoryStream
Event: 11.777 Loading class jdk/internal/jrtfs/JrtDirectoryStream done
Event: 11.778 Loading class jdk/internal/jrtfs/JrtDirectoryStream$1
Event: 11.778 Loading class jdk/internal/jrtfs/JrtDirectoryStream$1 done
Event: 11.779 Loading class java/util/function/BooleanSupplier
Event: 11.780 Loading class java/util/function/BooleanSupplier done
Event: 11.781 Loading class jdk/internal/jimage/ImageReader$Resource
Event: 11.782 Loading class jdk/internal/jimage/ImageReader$Resource done

Classes unloaded (0 events):
No events

Classes redefined (0 events):
No events

Internal exceptions (20 events):
Event: 10.876 Thread 0x00000186fec0bad0 Exception <a 'java/lang/NoSuchMethodError'{0x00000000859c3dc0}: 'java.lang.Object java.lang.invoke.DelegatingMethodHandle$Holder.reinvoke_L(java.lang.Object, java.lang.Object, java.lang.Object, java.lang.Object, java.lang.Object, java.lang.Object, java.lang.Object, java.lang.Object, java.lang.Object, java.lang.Object, java.lang.Object, java.lang.Object, java.lang.Object, java.lang.Object, java.lang.Object, java.lang.Object, java.lang.Object, java.lang.Object, java.lang.Object)'> (0x00000000859c3dc0) 
throw
Event: 10.892 Thread 0x00000186fec0bad0 Exception <a 'java/lang/NoSuchMethodError'{0x0000000084b07608}: 'java.lang.Object java.lang.invoke.DirectMethodHandle$Holder.newInvokeSpecial(java.lang.Object, java.lang.Object, java.lang.Object, java.lang.Object, java.lang.Object, java.lang.Object, java.lang.Object, java.lang.Object, java.lang.Object, java.lang.Object, java.lang.Object, java.lang.Object)'> (0x0000000084b07608) 
thrown [s\open\src\hotspot\share\interpreter\linkResolver.cpp, line 774]
Event: 10.963 Thread 0x00000186fec0bad0 Exception <a 'java/lang/NoSuchMethodError'{0x000000008484fa40}: 'java.lang.Object java.lang.invoke.DirectMethodHandle$Holder.newInvokeSpecial(java.lang.Object, java.lang.Object, java.lang.Object, java.lang.Object, java.lang.Object, java.lang.Object, java.lang.Object, java.lang.Object, java.lang.Object)'> (0x000000008484fa40) 
thrown [s\open\src\hotspot\share\interpreter\linkResolver.cpp, line 774]
Event: 11.152 Thread 0x00000186fec0bad0 Implicit null exception at 0x00000186f626b56b to 0x00000186f626b9f4
Event: 11.152 Thread 0x00000186fec0bad0 Implicit null exception at 0x00000186f62f6654 to 0x00000186f62f77b0
Event: 11.152 Thread 0x00000186fec0bad0 Implicit null exception at 0x00000186f62ecb60 to 0x00000186f62ed35c
Event: 11.152 Thread 0x00000186fec0bad0 Exception <a 'java/lang/NoSuchMethodError'{0x000000008438fe70}: 'java.lang.reflect.Method[] java.lang.Class.getDeclaredMethods(java.lang.Class)'> (0x000000008438fe70) 
thrown [s\open\src\hotspot\share\interpreter\linkResolver.cpp, line 774]
Event: 11.189 Thread 0x00000186fec0bad0 Exception <a 'java/lang/NoSuchMethodError'{0x00000000842d3590}: 'void java.lang.invoke.DirectMethodHandle$Holder.invokeStaticInit(java.lang.Object, java.lang.Object, java.lang.Object)'> (0x00000000842d3590) 
thrown [s\open\src\hotspot\share\interpreter\linkResolver.cpp, line 774]
Event: 11.189 Thread 0x00000186fec0bad0 Exception <a 'java/lang/NoSuchMethodError'{0x00000000842dab80}: 'void java.lang.invoke.DirectMethodHandle$Holder.invokeStaticInit(java.lang.Object, java.lang.Object, java.lang.Object, java.lang.Object)'> (0x00000000842dab80) 
thrown [s\open\src\hotspot\share\interpreter\linkResolver.cpp, line 774]
Event: 11.194 Thread 0x00000186fec0bad0 Exception <a 'java/lang/NoSuchMethodError'{0x00000000842fd360}: 'void java.lang.invoke.DirectMethodHandle$Holder.invokeStaticInit(java.lang.Object, java.lang.Object, java.lang.Object, java.lang.Object, java.lang.Object)'> (0x00000000842fd360) 
thrown [s\open\src\hotspot\share\interpreter\linkResolver.cpp, line 774]
Event: 11.195 Thread 0x00000186fec0bad0 Exception <a 'java/lang/NoSuchMethodError'{0x0000000084105710}: 'int java.lang.invoke.DirectMethodHandle$Holder.invokeStaticInit(java.lang.Object, java.lang.Object, java.lang.Object)'> (0x0000000084105710) 
thrown [s\open\src\hotspot\share\interpreter\linkResolver.cpp, line 774]
Event: 11.206 Thread 0x00000186fec0bad0 Exception <a 'java/lang/NoSuchMethodError'{0x000000008415de60}: 'int java.lang.invoke.DirectMethodHandle$Holder.invokeStaticInit(java.lang.Object, java.lang.Object, java.lang.Object, java.lang.Object)'> (0x000000008415de60) 
thrown [s\open\src\hotspot\share\interpreter\linkResolver.cpp, line 774]
Event: 11.483 Thread 0x00000186fec0bad0 Exception <a 'java/lang/ClassNotFoundException'{0x000000008385fb10}: groovy/lang/ExpandoMetaClassBeanInfo> (0x000000008385fb10) 
thrown [s\open\src\hotspot\share\classfile\systemDictionary.cpp, line 255]
Event: 11.484 Thread 0x00000186fec0bad0 Exception <a 'java/lang/ClassNotFoundException'{0x0000000083867c98}: groovy/lang/MetaClassImplBeanInfo> (0x0000000083867c98) 
thrown [s\open\src\hotspot\share\classfile\systemDictionary.cpp, line 255]
Event: 11.485 Thread 0x00000186fec0bad0 Exception <a 'java/lang/ClassNotFoundException'{0x000000008386c400}: java/lang/ObjectBeanInfo> (0x000000008386c400) 
thrown [s\open\src\hotspot\share\classfile\systemDictionary.cpp, line 255]
Event: 11.486 Thread 0x00000186fec0bad0 Exception <a 'java/lang/ClassNotFoundException'{0x0000000083871d70}: java/lang/ObjectCustomizer> (0x0000000083871d70) 
thrown [s\open\src\hotspot\share\classfile\systemDictionary.cpp, line 255]
Event: 11.494 Thread 0x00000186fec0bad0 Exception <a 'java/lang/IncompatibleClassChangeError'{0x0000000083881cd8}: Found class java.lang.Object, but interface was expected> (0x0000000083881cd8) 
thrown [s\open\src\hotspot\share\interpreter\linkResolver.cpp, line 841]
Event: 11.500 Thread 0x00000186fec0bad0 Exception <a 'java/lang/ClassNotFoundException'{0x000000008389e4d0}: groovy/lang/MetaClassImplCustomizer> (0x000000008389e4d0) 
thrown [s\open\src\hotspot\share\classfile\systemDictionary.cpp, line 255]
Event: 11.503 Thread 0x00000186fec0bad0 Exception <a 'java/lang/ClassNotFoundException'{0x00000000838c52b0}: groovy/lang/ExpandoMetaClassCustomizer> (0x00000000838c52b0) 
thrown [s\open\src\hotspot\share\classfile\systemDictionary.cpp, line 255]
Event: 11.664 Thread 0x00000186fec0bad0 Exception <a 'java/lang/NoSuchMethodError'{0x000000008324fbd0}: 'java.lang.Object java.lang.invoke.DirectMethodHandle$Holder.invokeStatic(java.lang.Object, int, java.lang.Object)'> (0x000000008324fbd0) 
thrown [s\open\src\hotspot\share\interpreter\linkResolver.cpp, line 774]

VM Operations (20 events):
Event: 10.807 Executing VM operation: G1CollectForAllocation
Event: 10.816 Executing VM operation: G1CollectForAllocation done
Event: 10.822 Executing VM operation: G1CollectForAllocation
Event: 10.830 Executing VM operation: G1CollectForAllocation done
Event: 11.140 Executing VM operation: HandshakeAllThreads
Event: 11.140 Executing VM operation: HandshakeAllThreads done
Event: 11.391 Executing VM operation: HandshakeAllThreads
Event: 11.392 Executing VM operation: HandshakeAllThreads done
Event: 11.599 Executing VM operation: HandshakeAllThreads
Event: 11.599 Executing VM operation: HandshakeAllThreads done
Event: 11.600 Executing VM operation: HandshakeAllThreads
Event: 11.600 Executing VM operation: HandshakeAllThreads done
Event: 11.609 Executing VM operation: HandshakeAllThreads
Event: 11.609 Executing VM operation: HandshakeAllThreads done
Event: 11.694 Executing VM operation: ICBufferFull
Event: 11.694 Executing VM operation: ICBufferFull done
Event: 11.774 Executing VM operation: HandshakeAllThreads
Event: 11.774 Executing VM operation: HandshakeAllThreads done
Event: 11.915 Executing VM operation: G1CollectForAllocation
Event: 11.921 Executing VM operation: G1CollectForAllocation done

Events (20 events):
Event: 4.633 Thread 0x000001868a34c120 Thread added: 0x000001868a34c120
Event: 5.260 Thread 0x000001868ad967a0 Thread added: 0x000001868ad967a0
Event: 5.434 Thread 0x000001868adc2a20 Thread added: 0x000001868adc2a20
Event: 5.691 Thread 0x00000186fe9e9d60 Thread added: 0x00000186fe9e9d60
Event: 5.694 Thread 0x00000186fe92d960 Thread added: 0x00000186fe92d960
Event: 5.752 Thread 0x00000186fec0b590 Thread added: 0x00000186fec0b590
Event: 5.767 Thread 0x00000186fec0bad0 Thread added: 0x00000186fec0bad0
Event: 5.796 Thread 0x00000186fecc1490 Thread added: 0x00000186fecc1490
Event: 5.805 Thread 0x00000186fecbff50 Thread added: 0x00000186fecbff50
Event: 5.810 Thread 0x00000186fecc04a0 Thread added: 0x00000186fecc04a0
Event: 6.536 Thread 0x00000186fecc09f0 Thread added: 0x00000186fecc09f0
Event: 6.567 Thread 0x00000186fecbfa00 Thread added: 0x00000186fecbfa00
Event: 6.639 Thread 0x00000186fecc0f40 Thread added: 0x00000186fecc0f40
Event: 8.967 Thread 0x00000186fecc1f30 Thread added: 0x00000186fecc1f30
Event: 9.564 Thread 0x00000186fecc2480 Thread added: 0x00000186fecc2480
Event: 9.583 Thread 0x00000186fecbef60 Thread added: 0x00000186fecbef60
Event: 9.980 Thread 0x00000186fecbf4b0 Thread added: 0x00000186fecbf4b0
Event: 10.201 Thread 0x000001868b891070 Thread added: 0x000001868b891070
Event: 10.230 Thread 0x000001868b88d600 Thread added: 0x000001868b88d600
Event: 10.535 Thread 0x000001868b892060 Thread added: 0x000001868b892060


Dynamic libraries:
0x00007ff6c55f0000 - 0x00007ff6c5600000 	C:\Program Files\Java\jdk-19\bin\java.exe
0x00007ffcffdf0000 - 0x00007ffd00007000 	C:\Windows\SYSTEM32\ntdll.dll
0x00007ffcfee30000 - 0x00007ffcfeef4000 	C:\Windows\System32\KERNEL32.DLL
0x00007ffcfd6e0000 - 0x00007ffcfda8c000 	C:\Windows\System32\KERNELBASE.dll
0x000000006c000000 - 0x000000006c332000 	C:\Program Files\Norton Security\NortonData\22.24.2.6\Definitions\IPSDefs\20240625.064\IPSEng64.dll
0x00007ffcfe1f0000 - 0x00007ffcfe2a2000 	C:\Windows\System32\ADVAPI32.dll
0x00007ffcffb40000 - 0x00007ffcffbe7000 	C:\Windows\System32\msvcrt.dll
0x00007ffcff6d0000 - 0x00007ffcff77a000 	C:\Windows\System32\sechost.dll
0x00007ffcfdb00000 - 0x00007ffcfdb28000 	C:\Windows\System32\bcrypt.dll
0x00007ffcfe2c0000 - 0x00007ffcfe3d5000 	C:\Windows\System32\RPCRT4.dll
0x00007ffcfe2b0000 - 0x00007ffcfe2b8000 	C:\Windows\System32\PSAPI.DLL
0x00007ffcfd1d0000 - 0x00007ffcfd2e1000 	C:\Windows\System32\ucrtbase.dll
0x00007ffcf6e80000 - 0x00007ffcf6e98000 	C:\Program Files\Java\jdk-19\bin\jli.dll
0x00007ffcff820000 - 0x00007ffcff9ce000 	C:\Windows\System32\USER32.dll
0x00007ffcf6da0000 - 0x00007ffcf6dbb000 	C:\Program Files\Java\jdk-19\bin\VCRUNTIME140.dll
0x00007ffcfd120000 - 0x00007ffcfd146000 	C:\Windows\System32\win32u.dll
0x00007ffcfef00000 - 0x00007ffcfef29000 	C:\Windows\System32\GDI32.dll
0x00007ffcfd390000 - 0x00007ffcfd4a9000 	C:\Windows\System32\gdi32full.dll
0x00007ffcfd2f0000 - 0x00007ffcfd38a000 	C:\Windows\System32\msvcp_win.dll
0x00007ffce57c0000 - 0x00007ffce5a53000 	C:\Windows\WinSxS\amd64_microsoft.windows.common-controls_6595b64144ccf1df_6.0.22621.3672_none_2713b9d173822955\COMCTL32.dll
0x00007ffcef140000 - 0x00007ffcef14a000 	C:\Windows\SYSTEM32\VERSION.dll
0x00007ffcff480000 - 0x00007ffcff4b1000 	C:\Windows\System32\IMM32.DLL
0x00007ffcf94a0000 - 0x00007ffcf94ac000 	C:\Program Files\Java\jdk-19\bin\vcruntime140_1.dll
0x00007ffccd570000 - 0x00007ffccd5fe000 	C:\Program Files\Java\jdk-19\bin\msvcp140.dll
0x00007ffcaf680000 - 0x00007ffcb0340000 	C:\Program Files\Java\jdk-19\bin\server\jvm.dll
0x00007ffcdf8b0000 - 0x00007ffcdf8b9000 	C:\Windows\SYSTEM32\WSOCK32.dll
0x00007ffcff780000 - 0x00007ffcff7f1000 	C:\Windows\System32\WS2_32.dll
0x00007ffcf6c90000 - 0x00007ffcf6cc4000 	C:\Windows\SYSTEM32\WINMM.dll
0x00007ffcfc110000 - 0x00007ffcfc128000 	C:\Windows\SYSTEM32\kernel.appcore.dll
0x00007ffcf8ee0000 - 0x00007ffcf8eea000 	C:\Program Files\Java\jdk-19\bin\jimage.dll
0x00007ffcfaa00000 - 0x00007ffcfac32000 	C:\Windows\SYSTEM32\DBGHELP.DLL
0x00007ffcfeff0000 - 0x00007ffcff378000 	C:\Windows\System32\combase.dll
0x00007ffcfe110000 - 0x00007ffcfe1e7000 	C:\Windows\System32\OLEAUT32.dll
0x00007ffcdf870000 - 0x00007ffcdf8a2000 	C:\Windows\SYSTEM32\dbgcore.DLL
0x00007ffcfd150000 - 0x00007ffcfd1cb000 	C:\Windows\System32\bcryptPrimitives.dll
0x00007ffcf8b30000 - 0x00007ffcf8b3e000 	C:\Program Files\Java\jdk-19\bin\instrument.dll
0x00007ffce8a90000 - 0x00007ffce8ab6000 	C:\Program Files\Java\jdk-19\bin\java.dll
0x00007ffccd220000 - 0x00007ffccd2f7000 	C:\Program Files\Java\jdk-19\bin\jsvml.dll
0x00007ffcfe3e0000 - 0x00007ffcfec3c000 	C:\Windows\System32\SHELL32.dll
0x00007ffcfb020000 - 0x00007ffcfb917000 	C:\Windows\SYSTEM32\windows.storage.dll
0x00007ffcfaee0000 - 0x00007ffcfb01f000 	C:\Windows\SYSTEM32\wintypes.dll
0x00007ffcff380000 - 0x00007ffcff474000 	C:\Windows\System32\SHCORE.dll
0x00007ffcfedd0000 - 0x00007ffcfee2e000 	C:\Windows\System32\shlwapi.dll
0x00007ffcfd050000 - 0x00007ffcfd071000 	C:\Windows\SYSTEM32\profapi.dll
0x00007ffceb510000 - 0x00007ffceb528000 	C:\Program Files\Java\jdk-19\bin\zip.dll
0x00007ffceb4b0000 - 0x00007ffceb4c3000 	C:\Program Files\Java\jdk-19\bin\net.dll
0x00007ffcf9a30000 - 0x00007ffcf9b66000 	C:\Windows\SYSTEM32\WINHTTP.dll
0x00007ffcfc570000 - 0x00007ffcfc5d9000 	C:\Windows\system32\mswsock.dll
0x00007ffce8cd0000 - 0x00007ffce8ce6000 	C:\Program Files\Java\jdk-19\bin\nio.dll
0x00007ffcf6d10000 - 0x00007ffcf6d20000 	C:\Program Files\Java\jdk-19\bin\verify.dll
0x00007ffce4b80000 - 0x00007ffce4ba7000 	C:\Users\emuan\.gradle\native\c067742578af261105cb4f569cf0c3c89f3d7b1fecec35dd04571415982c5e48\windows-amd64\native-platform.dll
0x00007ffcb3bb0000 - 0x00007ffcb3cf4000 	C:\Users\emuan\.gradle\native\38dada09dfb8b06ba9b0570ebf7e218e3eb74d4ef43ca46872605cf95ebc2f47\windows-amd64\native-platform-file-events.dll
0x00007ffcebc80000 - 0x00007ffcebc8a000 	C:\Program Files\Java\jdk-19\bin\management.dll
0x00007ffcebaf0000 - 0x00007ffcebafb000 	C:\Program Files\Java\jdk-19\bin\management_ext.dll
0x00007ffcfc8c0000 - 0x00007ffcfc8db000 	C:\Windows\SYSTEM32\CRYPTSP.dll
0x00007ffcfc070000 - 0x00007ffcfc0a5000 	C:\Windows\system32\rsaenh.dll
0x00007ffcfc610000 - 0x00007ffcfc638000 	C:\Windows\SYSTEM32\USERENV.dll
0x00007ffcfc8a0000 - 0x00007ffcfc8ac000 	C:\Windows\SYSTEM32\CRYPTBASE.dll
0x00007ffcfbbc0000 - 0x00007ffcfbbed000 	C:\Windows\SYSTEM32\IPHLPAPI.DLL
0x00007ffcfef30000 - 0x00007ffcfef39000 	C:\Windows\System32\NSI.dll
0x00007ffcf9a10000 - 0x00007ffcf9a29000 	C:\Windows\SYSTEM32\dhcpcsvc6.DLL
0x00007ffcf99f0000 - 0x00007ffcf9a0f000 	C:\Windows\SYSTEM32\dhcpcsvc.DLL
0x00007ffcfbbf0000 - 0x00007ffcfbce8000 	C:\Windows\SYSTEM32\DNSAPI.dll
0x00007ffceb650000 - 0x00007ffceb658000 	C:\Program Files\Java\jdk-19\bin\extnet.dll
0x00007ffceb440000 - 0x00007ffceb44e000 	C:\Program Files\Java\jdk-19\bin\sunmscapi.dll
0x00007ffcfd570000 - 0x00007ffcfd6d7000 	C:\Windows\System32\CRYPT32.dll
0x00007ffcfc9c0000 - 0x00007ffcfc9ee000 	C:\Windows\SYSTEM32\ncrypt.dll
0x00007ffcfc980000 - 0x00007ffcfc9b7000 	C:\Windows\SYSTEM32\NTASN1.dll
0x00007ffcf6dc0000 - 0x00007ffcf6dc8000 	C:\Windows\system32\wshunix.dll

dbghelp: loaded successfully - version: 4.0.5 - missing functions: none
symbol engine: initialized successfully - sym options: 0x614 - pdb path: .;C:\Program Files\Java\jdk-19\bin;C:\Windows\SYSTEM32;C:\Program Files\Norton Security\NortonData\22.24.2.6\Definitions\IPSDefs\20240625.064;C:\Windows\WinSxS\amd64_microsoft.windows.common-controls_6595b64144ccf1df_6.0.22621.3672_none_2713b9d173822955;C:\Program Files\Java\jdk-19\bin\server;C:\Users\emuan\.gradle\native\c067742578af261105cb4f569cf0c3c89f3d7b1fecec35dd04571415982c5e48\windows-amd64;C:\Users\emuan\.gradle\native\38dada09dfb8b06ba9b0570ebf7e218e3eb74d4ef43ca46872605cf95ebc2f47\windows-amd64

VM Arguments:
jvm_args: --add-opens=java.base/java.util=ALL-UNNAMED --add-opens=java.base/java.lang=ALL-UNNAMED --add-opens=java.base/java.lang.invoke=ALL-UNNAMED --add-opens=java.prefs/java.util.prefs=ALL-UNNAMED --add-opens=java.base/java.nio.charset=ALL-UNNAMED --add-opens=java.base/java.net=ALL-UNNAMED --add-opens=java.base/java.util.concurrent.atomic=ALL-UNNAMED -Xmx2048m -Dfile.encoding=UTF-8 -Duser.country=US -Duser.language=en -Duser.variant -javaagent:C:\Users\emuan\.gradle\wrapper\dists\gradle-8.7-bin\bhs2wmbdwecv87pi65oeuq5iu\gradle-8.7\lib\agents\gradle-instrumentation-agent-8.7.jar 
java_command: org.gradle.launcher.daemon.bootstrap.GradleDaemon 8.7
java_class_path (initial): C:\Users\emuan\.gradle\wrapper\dists\gradle-8.7-bin\bhs2wmbdwecv87pi65oeuq5iu\gradle-8.7\lib\gradle-launcher-8.7.jar
Launcher Type: SUN_STANDARD

[Global flags]
     intx CICompilerCount                          = 3                                         {product} {ergonomic}
     uint ConcGCThreads                            = 1                                         {product} {ergonomic}
     uint G1ConcRefinementThreads                  = 4                                         {product} {ergonomic}
   size_t G1HeapRegionSize                         = 1048576                                   {product} {ergonomic}
    uintx GCDrainStackTargetSize                   = 64                                        {product} {ergonomic}
   size_t InitialHeapSize                          = 130023424                                 {product} {ergonomic}
   size_t MarkStackSize                            = 4194304                                   {product} {ergonomic}
   size_t MaxHeapSize                              = 2147483648                                {product} {command line}
   size_t MaxNewSize                               = 1287651328                                {product} {ergonomic}
   size_t MinHeapDeltaBytes                        = 1048576                                   {product} {ergonomic}
   size_t MinHeapSize                              = 8388608                                   {product} {ergonomic}
    uintx NonNMethodCodeHeapSize                   = 5832780                                {pd product} {ergonomic}
    uintx NonProfiledCodeHeapSize                  = 122912730                              {pd product} {ergonomic}
    uintx ProfiledCodeHeapSize                     = 122912730                              {pd product} {ergonomic}
    uintx ReservedCodeCacheSize                    = 251658240                              {pd product} {ergonomic}
     bool SegmentedCodeCache                       = true                                      {product} {ergonomic}
   size_t SoftMaxHeapSize                          = 2147483648                             {manageable} {ergonomic}
     bool UseCompressedClassPointers               = true                           {product lp64_product} {ergonomic}
     bool UseCompressedOops                        = true                           {product lp64_product} {ergonomic}
     bool UseG1GC                                  = true                                      {product} {ergonomic}
     bool UseLargePagesIndividualAllocation        = false                                  {pd product} {ergonomic}

Logging:
Log output configuration:
 #0: stdout all=warning uptime,level,tags foldmultilines=false
 #1: stderr all=off uptime,level,tags foldmultilines=false

Environment Variables:
PATH=C:\Program Files\Zulu\zulu-17\bin\;C:\Program Files\Common Files\Oracle\Java\javapath;C:\Program Files (x86)\Common Files\Oracle\Java\javapath;C:\Windows\system32;C:\Windows;C:\Windows\System32\Wbem;C:\Windows\System32\WindowsPowerShell\v1.0\;C:\Windows\System32\OpenSSH\;C:\Program Files\dotnet\;C:\Program Files (x86)\Windows Kits\10\Windows Performance Toolkit\;C:\Program Files\Git\cmd;C:\Users\emuan\AppData\Local\Programs\Python\Python312\Scripts\;C:\Users\emuan\AppData\Local\Programs\Python\Python312\;C:\Users\emuan\AppData\Local\Microsoft\WindowsApps;C:\Users\emuan\AppData\Local\Programs\Microsoft VS Code\bin;C:\Users\emuan\.dotnet\tools;C:\Program Files\sf\bin;C:\ProgramData\emuan\GitHubDesktop\bin
USERNAME=emuan
OS=Windows_NT
PROCESSOR_IDENTIFIER=Intel64 Family 6 Model 126 Stepping 5, GenuineIntel
TMP=C:\Users\emuan\AppData\Local\Temp
TEMP=C:\Users\emuan\AppData\Local\Temp



---------------  S Y S T E M  ---------------

OS:
 Windows 11 , 64 bit Build 22621 (10.0.22621.3672)
OS uptime: 11 days 4:39 hours
Hyper-V role detected

CPU: total 4 (initial active 4) (2 cores per cpu, 2 threads per core) family 6 model 126 stepping 5 microcode 0xa8, cx8, cmov, fxsr, ht, mmx, 3dnowpref, sse, sse2, sse3, ssse3, sse4.1, sse4.2, popcnt, lzcnt, tsc, tscinvbit, avx, avx2, aes, erms, clmul, bmi1, bmi2, adx, avx512f, avx512dq, avx512cd, avx512bw, avx512vl, sha, fma, vzeroupper, avx512_vpopcntdq, avx512_vpclmulqdq, avx512_vaes, avx512_vnni, clflush, clflushopt, avx512_vbmi2, avx512_vbmi, hv, rdtscp, rdpid, fsrm, gfni, avx512_bitalg

Memory: 4k page, system-wide physical 7934M (182M free)
TotalPageFile size 32510M (AvailPageFile size 6M)
current process WorkingSet (physical memory assigned to process): 199M, peak: 211M
current process commit charge ("private bytes"): 236M, peak: 274M

vm_info: Java HotSpot(TM) 64-Bit Server VM (19.0.2+7-44) for windows-amd64 JRE (19.0.2+7-44), built on 2022-11-30T18:02:09Z by "mach5one" with MS VC++ 17.1 (VS2022)

END.
