#
# There is insufficient memory for the Java Runtime Environment to continue.
# Native memory allocation (mmap) failed to map 1048576 bytes for G1 virtual space
# Possible reasons:
#   The system is out of physical RAM or swap space
#   The process is running with CompressedOops enabled, and the Java Heap may be blocking the growth of the native heap
# Possible solutions:
#   Reduce memory load on the system
#   Increase physical memory or swap space
#   Check if swap backing store is full
#   Decrease Java heap size (-Xmx/-Xms)
#   Decrease number of Java threads
#   Decrease Java thread stack sizes (-Xss)
#   Set larger code cache with -XX:ReservedCodeCacheSize=
#   JVM is running with Unscaled Compressed Oops mode in which the Java heap is
#     placed in the first 4GB address space. The Java Heap base address is the
#     maximum limit for the native heap growth. Please use -XX:HeapBaseMinAddress
#     to set the Java Heap base and to place the Java Heap above 4GB virtual address.
# This output file may be truncated or incomplete.
#
#  Out of Memory Error (os_windows.cpp:3536), pid=23052, tid=26136
#
# JRE version: Java(TM) SE Runtime Environment (19.0.2+7) (build 19.0.2+7-44)
# Java VM: Java HotSpot(TM) 64-Bit Server VM (19.0.2+7-44, mixed mode, sharing, tiered, compressed oops, compressed class ptrs, g1 gc, windows-amd64)
# No core dump will be written. Minidumps are not enabled by default on client versions of Windows
#

---------------  S U M M A R Y ------------

Command Line: --add-opens=java.base/java.util=ALL-UNNAMED --add-opens=java.base/java.lang=ALL-UNNAMED --add-opens=java.base/java.lang.invoke=ALL-UNNAMED --add-opens=java.prefs/java.util.prefs=ALL-UNNAMED --add-opens=java.base/java.nio.charset=ALL-UNNAMED --add-opens=java.base/java.net=ALL-UNNAMED --add-opens=java.base/java.util.concurrent.atomic=ALL-UNNAMED -Xmx2048m -Dfile.encoding=UTF-8 -Duser.country=US -Duser.language=en -Duser.variant -javaagent:C:\Users\emuan\.gradle\wrapper\dists\gradle-8.7-bin\bhs2wmbdwecv87pi65oeuq5iu\gradle-8.7\lib\agents\gradle-instrumentation-agent-8.7.jar org.gradle.launcher.daemon.bootstrap.GradleDaemon 8.7

Host: Intel(R) Core(TM) i3-1005G1 CPU @ 1.20GHz, 4 cores, 7G,  Windows 11 , 64 bit Build 22621 (10.0.22621.3672)
Time: Wed Jun 26 21:45:38 2024 GMT Daylight Time elapsed time: 17.509119 seconds (0d 0h 0m 17s)

---------------  T H R E A D  ---------------

Current thread (0x00000216c94c44c0):  WorkerThread "GC Thread#2" [stack: 0x000000e8bae00000,0x000000e8baf00000] [id=26136]

Stack: [0x000000e8bae00000,0x000000e8baf00000]
Native frames: (J=compiled Java code, j=interpreted, Vv=VM code, C=native code)
V  [jvm.dll+0x6ee21a]
V  [jvm.dll+0x85765e]
V  [jvm.dll+0x85904e]
V  [jvm.dll+0x859703]
V  [jvm.dll+0x28298f]
V  [jvm.dll+0x6eb009]
V  [jvm.dll+0x6dfbaa]
V  [jvm.dll+0x3573f6]
V  [jvm.dll+0x35ee56]
V  [jvm.dll+0x3b510b]
V  [jvm.dll+0x3b5734]
V  [jvm.dll+0x3b57fd]
V  [jvm.dll+0x32e295]
V  [jvm.dll+0x32dfe6]
V  [jvm.dll+0x31afb6]
V  [jvm.dll+0x31bcda]
V  [jvm.dll+0x31c0d1]
V  [jvm.dll+0x31bbec]
V  [jvm.dll+0x3591a6]
V  [jvm.dll+0x3594e3]
V  [jvm.dll+0x35a59a]
V  [jvm.dll+0x356d5e]
V  [jvm.dll+0x36c12c]
V  [jvm.dll+0x6dd209]
V  [jvm.dll+0x318bd4]
V  [jvm.dll+0x31852d]
V  [jvm.dll+0x8052d7]
V  [jvm.dll+0x805149]
V  [jvm.dll+0x805796]
V  [jvm.dll+0x36c6dc]
V  [jvm.dll+0x36c575]
V  [jvm.dll+0x375174]
V  [jvm.dll+0x3752eb]
V  [jvm.dll+0x8835d7]
V  [jvm.dll+0x80125a]
V  [jvm.dll+0x6ecf0b]
C  [ucrtbase.dll+0x29333]
C  [KERNEL32.DLL+0x1257d]
C  [ntdll.dll+0x5af28]

JavaThread 0x00000216c90ace10 (nid = 26228) was being processed
Java frames: (J=compiled Java code, j=interpreted, Vv=VM code)
v  ~RuntimeStub::_new_array_nozero_Java 0x00000216b6354c29
J 2651 c2 java.util.Arrays.copyOf([BI)[B java.base@19.0.2 (19 bytes) @ 0x00000216b6914610 [0x00000216b6914420+0x00000000000001f0]
J 1094 c1 jdk.internal.loader.Resource.getBytes()[B java.base@19.0.2 (244 bytes) @ 0x00000216aef17784 [0x00000216aef16e40+0x0000000000000944]
J 1722 c1 jdk.internal.loader.URLClassPath$JarLoader$2.getBytes()[B java.base@19.0.2 (48 bytes) @ 0x00000216af061efc [0x00000216af061e80+0x000000000000007c]
J 3167 c2 java.net.URLClassLoader.findClass(Ljava/lang/String;)Ljava/lang/Class; java.base@19.0.2 (47 bytes) @ 0x00000216b696c79c [0x00000216b696a460+0x000000000000233c]
J 2483 c2 java.lang.ClassLoader.loadClass(Ljava/lang/String;Z)Ljava/lang/Class; java.base@19.0.2 (121 bytes) @ 0x00000216b6901be0 [0x00000216b68fecc0+0x0000000000002f20]
J 728 c1 java.lang.ClassLoader.loadClass(Ljava/lang/String;)Ljava/lang/Class; java.base@19.0.2 (7 bytes) @ 0x00000216aee3dd4c [0x00000216aee3dc40+0x000000000000010c]
v  ~StubRoutines::call_stub 0x00000216b62410e8
j  org.codehaus.groovy.runtime.metaclass.MetaClassRegistryImpl.<init>(IZ)V+109
j  org.codehaus.groovy.runtime.metaclass.MetaClassRegistryImpl.<init>()V+3
j  groovy.lang.GroovySystem.<clinit>()V+8
v  ~StubRoutines::call_stub 0x00000216b62410e8
j  org.codehaus.groovy.runtime.InvokerHelper.<clinit>()V+20
v  ~StubRoutines::call_stub 0x00000216b62410e8
j  groovy.lang.GroovyObjectSupport.getDefaultMetaClass()Lgroovy/lang/MetaClass;+4
j  groovy.lang.GroovyObjectSupport.<init>()V+6
j  org.gradle.internal.extensibility.DefaultExtraPropertiesExtension.<init>()V+1
j  org.gradle.internal.extensibility.DefaultConvention.<init>(Lorg/gradle/internal/instantiation/InstanceGenerator;)V+33
j  org.gradle.internal.extensibility.ExtensibleDynamicObject.<init>(Ljava/lang/Object;Lorg/gradle/internal/metaobject/AbstractDynamicObject;Lorg/gradle/internal/instantiation/InstanceGenerator;)V+8
j  org.gradle.internal.instantiation.generator.MixInExtensibleDynamicObject.<init>(Ljava/lang/Object;Ljava/lang/Class;Lorg/gradle/internal/metaobject/DynamicObject;Lorg/gradle/internal/service/ServiceLookup;)V+13
j  org.gradle.initialization.DefaultSettings_Decorated.getAsDynamicObject()Lorg/gradle/internal/metaobject/DynamicObject;+26
j  org.gradle.initialization.SettingsFactory.createSettings(Lorg/gradle/api/internal/GradleInternal;Ljava/io/File;Lorg/gradle/groovy/scripts/ScriptSource;Lorg/gradle/api/internal/properties/GradleProperties;Lorg/gradle/StartParameter;Lorg/gradle/api/internal/initialization/ClassLoaderScope;)Lorg/gradle/initialization/SettingsState;+134
j  org.gradle.initialization.ScriptEvaluatingSettingsProcessor.process(Lorg/gradle/api/internal/GradleInternal;Lorg/gradle/initialization/SettingsLocation;Lorg/gradle/api/internal/initialization/ClassLoaderScope;Lorg/gradle/StartParameter;)Lorg/gradle/initialization/SettingsState;+47
j  org.gradle.initialization.SettingsEvaluatedCallbackFiringSettingsProcessor.process(Lorg/gradle/api/internal/GradleInternal;Lorg/gradle/initialization/SettingsLocation;Lorg/gradle/api/internal/initialization/ClassLoaderScope;Lorg/gradle/StartParameter;)Lorg/gradle/initialization/SettingsState;+9
j  org.gradle.initialization.RootBuildCacheControllerSettingsProcessor.process(Lorg/gradle/api/internal/GradleInternal;Lorg/gradle/initialization/SettingsLocation;Lorg/gradle/api/internal/initialization/ClassLoaderScope;Lorg/gradle/StartParameter;)Lorg/gradle/initialization/SettingsState;+9
j  org.gradle.initialization.BuildOperationSettingsProcessor$2.call(Lorg/gradle/internal/operations/BuildOperationContext;)Lorg/gradle/initialization/SettingsState;+23
j  org.gradle.initialization.BuildOperationSettingsProcessor$2.call(Lorg/gradle/internal/operations/BuildOperationContext;)Ljava/lang/Object;+2
j  org.gradle.internal.operations.DefaultBuildOperationRunner$CallableBuildOperationWorker.execute(Lorg/gradle/internal/operations/CallableBuildOperation;Lorg/gradle/internal/operations/BuildOperationContext;)V+3
j  org.gradle.internal.operations.DefaultBuildOperationRunner$CallableBuildOperationWorker.execute(Lorg/gradle/internal/operations/BuildOperation;Lorg/gradle/internal/operations/BuildOperationContext;)V+6
j  org.gradle.internal.operations.DefaultBuildOperationRunner$2.execute(Lorg/gradle/internal/operations/BuildOperationDescriptor;Lorg/gradle/internal/operations/BuildOperationState;Lorg/gradle/internal/operations/BuildOperationState;Lorg/gradle/internal/operations/DefaultBuildOperationRunner$ReadableBuildOperationContext;Lorg/gradle/internal/operations/DefaultBuildOperationRunner$BuildOperationExecutionListener;)Lorg/gradle/internal/operations/BuildOperation;+22
j  org.gradle.internal.operations.DefaultBuildOperationRunner$2.execute(Lorg/gradle/internal/operations/BuildOperationDescriptor;Lorg/gradle/internal/operations/BuildOperationState;Lorg/gradle/internal/operations/BuildOperationState;Lorg/gradle/internal/operations/DefaultBuildOperationRunner$ReadableBuildOperationContext;Lorg/gradle/internal/operations/DefaultBuildOperationRunner$BuildOperationExecutionListener;)Ljava/lang/Object;+8
j  org.gradle.internal.operations.DefaultBuildOperationRunner.execute(Lorg/gradle/internal/operations/BuildOperationDescriptor$Builder;Lorg/gradle/internal/operations/BuildOperationState;Lorg/gradle/internal/operations/DefaultBuildOperationRunner$BuildOperationExecution;)Ljava/lang/Object;+141
j  org.gradle.internal.operations.DefaultBuildOperationRunner.execute(Lorg/gradle/internal/operations/BuildOperation;Lorg/gradle/internal/operations/BuildOperationWorker;Lorg/gradle/internal/operations/BuildOperationState;)V+18
j  org.gradle.internal.operations.DefaultBuildOperationRunner.call(Lorg/gradle/internal/operations/CallableBuildOperation;)Ljava/lang/Object;+16
j  org.gradle.internal.operations.DefaultBuildOperationExecutor.call(Lorg/gradle/internal/operations/CallableBuildOperation;)Ljava/lang/Object;+5
j  org.gradle.initialization.BuildOperationSettingsProcessor.process(Lorg/gradle/api/internal/GradleInternal;Lorg/gradle/initialization/SettingsLocation;Lorg/gradle/api/internal/initialization/ClassLoaderScope;Lorg/gradle/StartParameter;)Lorg/gradle/initialization/SettingsState;+17
j  org.gradle.initialization.DefaultSettingsLoader.findSettingsAndLoadIfAppropriate(Lorg/gradle/api/internal/GradleInternal;Lorg/gradle/StartParameter;Lorg/gradle/initialization/SettingsLocation;Lorg/gradle/api/internal/initialization/ClassLoaderScope;)Lorg/gradle/initialization/SettingsState;+9
j  org.gradle.initialization.DefaultSettingsLoader.findAndLoadSettings(Lorg/gradle/api/internal/GradleInternal;)Lorg/gradle/initialization/SettingsState;+33
j  org.gradle.initialization.SettingsAttachingSettingsLoader.findAndLoadSettings(Lorg/gradle/api/internal/GradleInternal;)Lorg/gradle/initialization/SettingsState;+5
j  org.gradle.internal.composite.CommandLineIncludedBuildSettingsLoader.findAndLoadSettings(Lorg/gradle/api/internal/GradleInternal;)Lorg/gradle/initialization/SettingsState;+5
j  org.gradle.internal.composite.ChildBuildRegisteringSettingsLoader.findAndLoadSettings(Lorg/gradle/api/internal/GradleInternal;)Lorg/gradle/initialization/SettingsState;+5
j  org.gradle.internal.composite.CompositeBuildSettingsLoader.findAndLoadSettings(Lorg/gradle/api/internal/GradleInternal;)Lorg/gradle/initialization/SettingsState;+5
j  org.gradle.initialization.InitScriptHandlingSettingsLoader.findAndLoadSettings(Lorg/gradle/api/internal/GradleInternal;)Lorg/gradle/initialization/SettingsState;+13
j  org.gradle.api.internal.initialization.CacheConfigurationsHandlingSettingsLoader.findAndLoadSettings(Lorg/gradle/api/internal/GradleInternal;)Lorg/gradle/initialization/SettingsState;+15
j  org.gradle.initialization.GradlePropertiesHandlingSettingsLoader.findAndLoadSettings(Lorg/gradle/api/internal/GradleInternal;)Lorg/gradle/initialization/SettingsState;+40
j  org.gradle.initialization.DefaultSettingsPreparer.prepareSettings(Lorg/gradle/api/internal/GradleInternal;)V+33
j  org.gradle.initialization.BuildOperationFiringSettingsPreparer$LoadBuild.doLoadBuild()V+11
j  org.gradle.initialization.BuildOperationFiringSettingsPreparer$LoadBuild.run(Lorg/gradle/internal/operations/BuildOperationContext;)V+1
j  org.gradle.internal.operations.DefaultBuildOperationRunner$1.execute(Lorg/gradle/internal/operations/RunnableBuildOperation;Lorg/gradle/internal/operations/BuildOperationContext;)V+2
j  org.gradle.internal.operations.DefaultBuildOperationRunner$1.execute(Lorg/gradle/internal/operations/BuildOperation;Lorg/gradle/internal/operations/BuildOperationContext;)V+6
j  org.gradle.internal.operations.DefaultBuildOperationRunner$2.execute(Lorg/gradle/internal/operations/BuildOperationDescriptor;Lorg/gradle/internal/operations/BuildOperationState;Lorg/gradle/internal/operations/BuildOperationState;Lorg/gradle/internal/operations/DefaultBuildOperationRunner$ReadableBuildOperationContext;Lorg/gradle/internal/operations/DefaultBuildOperationRunner$BuildOperationExecutionListener;)Lorg/gradle/internal/operations/BuildOperation;+22
j  org.gradle.internal.operations.DefaultBuildOperationRunner$2.execute(Lorg/gradle/internal/operations/BuildOperationDescriptor;Lorg/gradle/internal/operations/BuildOperationState;Lorg/gradle/internal/operations/BuildOperationState;Lorg/gradle/internal/operations/DefaultBuildOperationRunner$ReadableBuildOperationContext;Lorg/gradle/internal/operations/DefaultBuildOperationRunner$BuildOperationExecutionListener;)Ljava/lang/Object;+8
j  org.gradle.internal.operations.DefaultBuildOperationRunner.execute(Lorg/gradle/internal/operations/BuildOperationDescriptor$Builder;Lorg/gradle/internal/operations/BuildOperationState;Lorg/gradle/internal/operations/DefaultBuildOperationRunner$BuildOperationExecution;)Ljava/lang/Object;+141
j  org.gradle.internal.operations.DefaultBuildOperationRunner.execute(Lorg/gradle/internal/operations/BuildOperation;Lorg/gradle/internal/operations/BuildOperationWorker;Lorg/gradle/internal/operations/BuildOperationState;)V+18
j  org.gradle.internal.operations.DefaultBuildOperationRunner.run(Lorg/gradle/internal/operations/RunnableBuildOperation;)V+9
j  org.gradle.internal.operations.DefaultBuildOperationExecutor.run(Lorg/gradle/internal/operations/RunnableBuildOperation;)V+5
j  org.gradle.initialization.BuildOperationFiringSettingsPreparer.prepareSettings(Lorg/gradle/api/internal/GradleInternal;)V+31
j  org.gradle.initialization.VintageBuildModelController.lambda$prepareSettings$1()V+8
j  org.gradle.initialization.VintageBuildModelController$$Lambda$301+0x0000000801380818.run()V+4
j  org.gradle.internal.model.StateTransitionController.lambda$doTransition$14(Ljava/lang/Runnable;)Lorg/gradle/internal/build/ExecutionResult;+1
j  org.gradle.internal.model.StateTransitionController$$Lambda$300+0x0000000801380608.get()Ljava/lang/Object;+4
j  org.gradle.internal.model.StateTransitionController.doTransition(Lorg/gradle/internal/model/StateTransitionController$State;Lorg/gradle/internal/model/StateTransitionController$State;Ljava/util/function/Supplier;)Lorg/gradle/internal/build/ExecutionResult;+24
j  org.gradle.internal.model.StateTransitionController.doTransition(Lorg/gradle/internal/model/StateTransitionController$State;Lorg/gradle/internal/model/StateTransitionController$State;Ljava/lang/Runnable;)V+9
j  org.gradle.internal.model.StateTransitionController.lambda$transitionIfNotPreviously$11(Lorg/gradle/internal/model/StateTransitionController$State;Lorg/gradle/internal/model/StateTransitionController$State;Ljava/lang/Runnable;)V+16
j  org.gradle.internal.model.StateTransitionController$$Lambda$302+0x0000000801380a28.run()V+16
j  org.gradle.internal.work.DefaultSynchronizer.withLock(Ljava/lang/Runnable;)V+6
j  org.gradle.internal.model.StateTransitionController.transitionIfNotPreviously(Lorg/gradle/internal/model/StateTransitionController$State;Lorg/gradle/internal/model/StateTransitionController$State;Ljava/lang/Runnable;)V+13
j  org.gradle.initialization.VintageBuildModelController.prepareSettings()V+16
j  org.gradle.initialization.VintageBuildModelController.prepareToScheduleTasks()V+1
j  org.gradle.internal.build.DefaultBuildLifecycleController.lambda$prepareToScheduleTasks$6()V+9
j  org.gradle.internal.build.DefaultBuildLifecycleController$$Lambda$298+0x00000008013801e8.run()V+4
j  org.gradle.internal.model.StateTransitionController.lambda$doTransition$14(Ljava/lang/Runnable;)Lorg/gradle/internal/build/ExecutionResult;+1
j  org.gradle.internal.model.StateTransitionController$$Lambda$300+0x0000000801380608.get()Ljava/lang/Object;+4
j  org.gradle.internal.model.StateTransitionController.doTransition(Lorg/gradle/internal/model/StateTransitionController$State;Lorg/gradle/internal/model/StateTransitionController$State;Ljava/util/function/Supplier;)Lorg/gradle/internal/build/ExecutionResult;+24
j  org.gradle.internal.model.StateTransitionController.doTransition(Lorg/gradle/internal/model/StateTransitionController$State;Lorg/gradle/internal/model/StateTransitionController$State;Ljava/lang/Runnable;)V+9
j  org.gradle.internal.model.StateTransitionController.lambda$maybeTransition$9(Lorg/gradle/internal/model/StateTransitionController$State;Lorg/gradle/internal/model/StateTransitionController$State;Ljava/lang/Runnable;)V+16
j  org.gradle.internal.model.StateTransitionController$$Lambda$299+0x00000008013803f8.run()V+16
j  org.gradle.internal.work.DefaultSynchronizer.withLock(Ljava/lang/Runnable;)V+6
j  org.gradle.internal.model.StateTransitionController.maybeTransition(Lorg/gradle/internal/model/StateTransitionController$State;Lorg/gradle/internal/model/StateTransitionController$State;Ljava/lang/Runnable;)V+13
j  org.gradle.internal.build.DefaultBuildLifecycleController.prepareToScheduleTasks()V+16
j  org.gradle.internal.buildtree.DefaultBuildTreeWorkPreparer.scheduleRequestedTasks(Lorg/gradle/internal/buildtree/BuildTreeWorkGraph;Lorg/gradle/execution/EntryTaskSelector;)Lorg/gradle/internal/buildtree/BuildTreeWorkGraph$FinalizedGraph;+4
j  org.gradle.configurationcache.VintageBuildTreeWorkController$scheduleAndRunRequestedTasks$1.apply(Lorg/gradle/internal/buildtree/BuildTreeWorkGraph;)Lorg/gradle/internal/build/ExecutionResult;+18
j  org.gradle.configurationcache.VintageBuildTreeWorkController$scheduleAndRunRequestedTasks$1.apply(Ljava/lang/Object;)Ljava/lang/Object;+5
j  org.gradle.composite.internal.DefaultIncludedBuildTaskGraph.withNewWorkGraph(Ljava/util/function/Function;)Ljava/lang/Object;+30
j  org.gradle.configurationcache.VintageBuildTreeWorkController.scheduleAndRunRequestedTasks(Lorg/gradle/execution/EntryTaskSelector;)Lorg/gradle/internal/build/ExecutionResult;+16
j  org.gradle.internal.buildtree.DefaultBuildTreeLifecycleController.lambda$scheduleAndRunTasks$1(Lorg/gradle/execution/EntryTaskSelector;)Lorg/gradle/internal/build/ExecutionResult;+5
j  org.gradle.internal.buildtree.DefaultBuildTreeLifecycleController$$Lambda$293+0x000000080137daf8.get()Ljava/lang/Object;+8
j  org.gradle.internal.buildtree.DefaultBuildTreeLifecycleController.lambda$runBuild$4(Ljava/util/function/Supplier;)Ljava/lang/Object;+1
j  org.gradle.internal.buildtree.DefaultBuildTreeLifecycleController$$Lambda$294+0x000000080137dd08.get()Ljava/lang/Object;+8
j  org.gradle.internal.model.StateTransitionController.lambda$transition$6(Ljava/util/function/Supplier;)Lorg/gradle/internal/build/ExecutionResult;+1
j  org.gradle.internal.model.StateTransitionController$$Lambda$296+0x000000080137ca10.get()Ljava/lang/Object;+4
j  org.gradle.internal.model.StateTransitionController.doTransition(Lorg/gradle/internal/model/StateTransitionController$State;Lorg/gradle/internal/model/StateTransitionController$State;Ljava/util/function/Supplier;)Lorg/gradle/internal/build/ExecutionResult;+24
j  org.gradle.internal.model.StateTransitionController.lambda$transition$7(Lorg/gradle/internal/model/StateTransitionController$State;Lorg/gradle/internal/model/StateTransitionController$State;Ljava/util/function/Supplier;)Ljava/lang/Object;+9
j  org.gradle.internal.model.StateTransitionController$$Lambda$295+0x000000080137c800.create()Ljava/lang/Object;+16
j  org.gradle.internal.work.DefaultSynchronizer.withLock(Lorg/gradle/internal/Factory;)Ljava/lang/Object;+6
j  org.gradle.internal.model.StateTransitionController.transition(Lorg/gradle/internal/model/StateTransitionController$State;Lorg/gradle/internal/model/StateTransitionController$State;Ljava/util/function/Supplier;)Ljava/lang/Object;+13
j  org.gradle.internal.buildtree.DefaultBuildTreeLifecycleController.runBuild(Ljava/util/function/Supplier;)Ljava/lang/Object;+17
j  org.gradle.internal.buildtree.DefaultBuildTreeLifecycleController.scheduleAndRunTasks(Lorg/gradle/execution/EntryTaskSelector;)V+8
j  org.gradle.internal.buildtree.DefaultBuildTreeLifecycleController.scheduleAndRunTasks()V+2
j  org.gradle.tooling.internal.provider.runner.BuildModelActionRunner.run(Lorg/gradle/internal/invocation/BuildAction;Lorg/gradle/internal/buildtree/BuildTreeLifecycleController;)Lorg/gradle/internal/buildtree/BuildActionRunner$Result;+65
j  org.gradle.launcher.exec.ChainingBuildActionRunner.run(Lorg/gradle/internal/invocation/BuildAction;Lorg/gradle/internal/buildtree/BuildTreeLifecycleController;)Lorg/gradle/internal/buildtree/BuildActionRunner$Result;+34
j  org.gradle.internal.buildtree.ProblemReportingBuildActionRunner.run(Lorg/gradle/internal/invocation/BuildAction;Lorg/gradle/internal/buildtree/BuildTreeLifecycleController;)Lorg/gradle/internal/buildtree/BuildActionRunner$Result;+12
j  org.gradle.launcher.exec.BuildOutcomeReportingBuildActionRunner.run(Lorg/gradle/internal/invocation/BuildAction;Lorg/gradle/internal/buildtree/BuildTreeLifecycleController;)Lorg/gradle/internal/buildtree/BuildActionRunner$Result;+69
j  org.gradle.tooling.internal.provider.FileSystemWatchingBuildActionRunner.run(Lorg/gradle/internal/invocation/BuildAction;Lorg/gradle/internal/buildtree/BuildTreeLifecycleController;)Lorg/gradle/internal/buildtree/BuildActionRunner$Result;+335
j  org.gradle.launcher.exec.BuildCompletionNotifyingBuildActionRunner.run(Lorg/gradle/internal/invocation/BuildAction;Lorg/gradle/internal/buildtree/BuildTreeLifecycleController;)Lorg/gradle/internal/buildtree/BuildActionRunner$Result;+6
j  org.gradle.launcher.exec.RootBuildLifecycleBuildActionExecutor.lambda$execute$0(Lorg/gradle/internal/invocation/BuildAction;Lorg/gradle/internal/buildtree/BuildTreeLifecycleController;)Lorg/gradle/internal/buildtree/BuildActionRunner$Result;+6
j  org.gradle.launcher.exec.RootBuildLifecycleBuildActionExecutor$$Lambda$264+0x0000000801366a68.apply(Ljava/lang/Object;)Ljava/lang/Object;+12
j  org.gradle.composite.internal.DefaultRootBuildState.run(Ljava/util/function/Function;)Ljava/lang/Object;+87
j  org.gradle.launcher.exec.RootBuildLifecycleBuildActionExecutor.execute(Lorg/gradle/internal/invocation/BuildAction;Lorg/gradle/internal/buildtree/BuildTreeContext;)Lorg/gradle/internal/buildtree/BuildActionRunner$Result;+28
j  org.gradle.internal.buildtree.InitDeprecationLoggingActionExecutor.execute(Lorg/gradle/internal/invocation/BuildAction;Lorg/gradle/internal/buildtree/BuildTreeContext;)Lorg/gradle/internal/buildtree/BuildActionRunner$Result;+83
j  org.gradle.internal.buildtree.InitProblems.execute(Lorg/gradle/internal/invocation/BuildAction;Lorg/gradle/internal/buildtree/BuildTreeContext;)Lorg/gradle/internal/buildtree/BuildActionRunner$Result;+13
j  org.gradle.internal.buildtree.DefaultBuildTreeContext.execute(Lorg/gradle/internal/invocation/BuildAction;)Lorg/gradle/internal/buildtree/BuildActionRunner$Result;+64
j  org.gradle.launcher.exec.BuildTreeLifecycleBuildActionExecutor.lambda$execute$0(Lorg/gradle/internal/invocation/BuildAction;Lorg/gradle/internal/buildtree/BuildTreeContext;)Lorg/gradle/internal/buildtree/BuildActionRunner$Result;+2
j  org.gradle.launcher.exec.BuildTreeLifecycleBuildActionExecutor$$Lambda$218+0x00000008012960b0.apply(Ljava/lang/Object;)Ljava/lang/Object;+8
j  org.gradle.internal.buildtree.BuildTreeState.run(Ljava/util/function/Function;)Ljava/lang/Object;+45
j  org.gradle.launcher.exec.BuildTreeLifecycleBuildActionExecutor.execute(Lorg/gradle/internal/invocation/BuildAction;Lorg/gradle/internal/session/BuildSessionContext;)Lorg/gradle/internal/buildtree/BuildActionRunner$Result;+74
j  org.gradle.launcher.exec.RunAsBuildOperationBuildActionExecutor$3.call(Lorg/gradle/internal/operations/BuildOperationContext;)Lorg/gradle/internal/buildtree/BuildActionRunner$Result;+25
j  org.gradle.launcher.exec.RunAsBuildOperationBuildActionExecutor$3.call(Lorg/gradle/internal/operations/BuildOperationContext;)Ljava/lang/Object;+2
j  org.gradle.internal.operations.DefaultBuildOperationRunner$CallableBuildOperationWorker.execute(Lorg/gradle/internal/operations/CallableBuildOperation;Lorg/gradle/internal/operations/BuildOperationContext;)V+3
j  org.gradle.internal.operations.DefaultBuildOperationRunner$CallableBuildOperationWorker.execute(Lorg/gradle/internal/operations/BuildOperation;Lorg/gradle/internal/operations/BuildOperationContext;)V+6
j  org.gradle.internal.operations.DefaultBuildOperationRunner$2.execute(Lorg/gradle/internal/operations/BuildOperationDescriptor;Lorg/gradle/internal/operations/BuildOperationState;Lorg/gradle/internal/operations/BuildOperationState;Lorg/gradle/internal/operations/DefaultBuildOperationRunner$ReadableBuildOperationContext;Lorg/gradle/internal/operations/DefaultBuildOperationRunner$BuildOperationExecutionListener;)Lorg/gradle/internal/operations/BuildOperation;+22
j  org.gradle.internal.operations.DefaultBuildOperationRunner$2.execute(Lorg/gradle/internal/operations/BuildOperationDescriptor;Lorg/gradle/internal/operations/BuildOperationState;Lorg/gradle/internal/operations/BuildOperationState;Lorg/gradle/internal/operations/DefaultBuildOperationRunner$ReadableBuildOperationContext;Lorg/gradle/internal/operations/DefaultBuildOperationRunner$BuildOperationExecutionListener;)Ljava/lang/Object;+8
j  org.gradle.internal.operations.DefaultBuildOperationRunner.execute(Lorg/gradle/internal/operations/BuildOperationDescriptor$Builder;Lorg/gradle/internal/operations/BuildOperationState;Lorg/gradle/internal/operations/DefaultBuildOperationRunner$BuildOperationExecution;)Ljava/lang/Object;+141
j  org.gradle.internal.operations.DefaultBuildOperationRunner.execute(Lorg/gradle/internal/operations/BuildOperation;Lorg/gradle/internal/operations/BuildOperationWorker;Lorg/gradle/internal/operations/BuildOperationState;)V+18
j  org.gradle.internal.operations.DefaultBuildOperationRunner.call(Lorg/gradle/internal/operations/CallableBuildOperation;)Ljava/lang/Object;+16
j  org.gradle.internal.operations.DefaultBuildOperationExecutor.call(Lorg/gradle/internal/operations/CallableBuildOperation;)Ljava/lang/Object;+5
j  org.gradle.launcher.exec.RunAsBuildOperationBuildActionExecutor.execute(Lorg/gradle/internal/invocation/BuildAction;Lorg/gradle/internal/session/BuildSessionContext;)Lorg/gradle/internal/buildtree/BuildActionRunner$Result;+23
j  org.gradle.launcher.exec.RunAsWorkerThreadBuildActionExecutor.lambda$execute$0(Lorg/gradle/internal/invocation/BuildAction;Lorg/gradle/internal/session/BuildSessionContext;)Lorg/gradle/internal/buildtree/BuildActionRunner$Result;+6
j  org.gradle.launcher.exec.RunAsWorkerThreadBuildActionExecutor$$Lambda$212+0x0000000801269500.create()Ljava/lang/Object;+12
j  org.gradle.internal.work.DefaultWorkerLeaseService.withLocks(Ljava/util/Collection;Lorg/gradle/internal/Factory;)Ljava/lang/Object;+28
j  org.gradle.internal.work.DefaultWorkerLeaseService.runAsWorkerThread(Lorg/gradle/internal/Factory;)Ljava/lang/Object;+33
j  org.gradle.launcher.exec.RunAsWorkerThreadBuildActionExecutor.execute(Lorg/gradle/internal/invocation/BuildAction;Lorg/gradle/internal/session/BuildSessionContext;)Lorg/gradle/internal/buildtree/BuildActionRunner$Result;+12
j  org.gradle.tooling.internal.provider.continuous.ContinuousBuildActionExecutor.execute(Lorg/gradle/internal/invocation/BuildAction;Lorg/gradle/internal/session/BuildSessionContext;)Lorg/gradle/internal/buildtree/BuildActionRunner$Result;+58
j  org.gradle.tooling.internal.provider.SubscribableBuildActionExecutor.execute(Lorg/gradle/internal/invocation/BuildAction;Lorg/gradle/internal/session/BuildSessionContext;)Lorg/gradle/internal/buildtree/BuildActionRunner$Result;+30
j  org.gradle.internal.session.DefaultBuildSessionContext.execute(Lorg/gradle/internal/invocation/BuildAction;)Lorg/gradle/internal/buildtree/BuildActionRunner$Result;+64
j  org.gradle.tooling.internal.provider.BuildSessionLifecycleBuildActionExecuter$ActionImpl.apply(Lorg/gradle/internal/session/BuildSessionContext;)Lorg/gradle/launcher/exec/BuildActionResult;+6
j  org.gradle.tooling.internal.provider.BuildSessionLifecycleBuildActionExecuter$ActionImpl.apply(Ljava/lang/Object;)Ljava/lang/Object;+5
j  org.gradle.internal.session.BuildSessionState.run(Ljava/util/function/Function;)Ljava/lang/Object;+5
j  org.gradle.tooling.internal.provider.BuildSessionLifecycleBuildActionExecuter.execute(Lorg/gradle/internal/invocation/BuildAction;Lorg/gradle/launcher/exec/BuildActionParameters;Lorg/gradle/initialization/BuildRequestContext;)Lorg/gradle/launcher/exec/BuildActionResult;+95
j  org.gradle.tooling.internal.provider.BuildSessionLifecycleBuildActionExecuter.execute(Lorg/gradle/internal/invocation/BuildAction;Ljava/lang/Object;Ljava/lang/Object;)Lorg/gradle/launcher/exec/BuildActionResult;+10
j  org.gradle.tooling.internal.provider.StartParamsValidatingActionExecuter.execute(Lorg/gradle/internal/invocation/BuildAction;Lorg/gradle/launcher/exec/BuildActionParameters;Lorg/gradle/initialization/BuildRequestContext;)Lorg/gradle/launcher/exec/BuildActionResult;+203
j  org.gradle.tooling.internal.provider.StartParamsValidatingActionExecuter.execute(Lorg/gradle/internal/invocation/BuildAction;Ljava/lang/Object;Ljava/lang/Object;)Lorg/gradle/launcher/exec/BuildActionResult;+10
j  org.gradle.tooling.internal.provider.SessionFailureReportingActionExecuter.execute(Lorg/gradle/internal/invocation/BuildAction;Lorg/gradle/launcher/exec/BuildActionParameters;Lorg/gradle/initialization/BuildRequestContext;)Lorg/gradle/launcher/exec/BuildActionResult;+7
j  org.gradle.tooling.internal.provider.SessionFailureReportingActionExecuter.execute(Lorg/gradle/internal/invocation/BuildAction;Ljava/lang/Object;Ljava/lang/Object;)Lorg/gradle/launcher/exec/BuildActionResult;+10
j  org.gradle.tooling.internal.provider.SetupLoggingActionExecuter.execute(Lorg/gradle/internal/invocation/BuildAction;Lorg/gradle/launcher/exec/BuildActionParameters;Lorg/gradle/initialization/BuildRequestContext;)Lorg/gradle/launcher/exec/BuildActionResult;+50
j  org.gradle.tooling.internal.provider.SetupLoggingActionExecuter.execute(Lorg/gradle/internal/invocation/BuildAction;Ljava/lang/Object;Ljava/lang/Object;)Lorg/gradle/launcher/exec/BuildActionResult;+10
j  org.gradle.launcher.daemon.server.exec.ExecuteBuild.doBuild(Lorg/gradle/launcher/daemon/server/api/DaemonCommandExecution;Lorg/gradle/launcher/daemon/protocol/Build;)V+117
j  org.gradle.launcher.daemon.server.exec.BuildCommandOnly.execute(Lorg/gradle/launcher/daemon/server/api/DaemonCommandExecution;)V+49
j  org.gradle.launcher.daemon.server.api.DaemonCommandExecution.proceed()Z+23
j  org.gradle.launcher.daemon.server.exec.WatchForDisconnection.execute(Lorg/gradle/launcher/daemon/server/api/DaemonCommandExecution;)V+19
j  org.gradle.launcher.daemon.server.api.DaemonCommandExecution.proceed()Z+23
j  org.gradle.launcher.daemon.server.exec.ResetDeprecationLogger.execute(Lorg/gradle/launcher/daemon/server/api/DaemonCommandExecution;)V+7
j  org.gradle.launcher.daemon.server.api.DaemonCommandExecution.proceed()Z+23
j  org.gradle.launcher.daemon.server.exec.RequestStopIfSingleUsedDaemon.execute(Lorg/gradle/launcher/daemon/server/api/DaemonCommandExecution;)V+33
j  org.gradle.launcher.daemon.server.api.DaemonCommandExecution.proceed()Z+23
j  org.gradle.launcher.daemon.server.exec.ForwardClientInput$2.create()Ljava/lang/Void;+4
j  org.gradle.launcher.daemon.server.exec.ForwardClientInput$2.create()Ljava/lang/Object;+1
j  org.gradle.util.internal.Swapper.swap(Ljava/lang/Object;Lorg/gradle/internal/Factory;)Ljava/lang/Object;+21
j  org.gradle.launcher.daemon.server.exec.ForwardClientInput.execute(Lorg/gradle/launcher/daemon/server/api/DaemonCommandExecution;)V+63
j  org.gradle.launcher.daemon.server.api.DaemonCommandExecution.proceed()Z+23
j  org.gradle.launcher.daemon.server.exec.LogAndCheckHealth.execute(Lorg/gradle/launcher/daemon/server/api/DaemonCommandExecution;)V+51
j  org.gradle.launcher.daemon.server.api.DaemonCommandExecution.proceed()Z+23
j  org.gradle.launcher.daemon.server.exec.LogToClient.doBuild(Lorg/gradle/launcher/daemon/server/api/DaemonCommandExecution;Lorg/gradle/launcher/daemon/protocol/Build;)V+87
j  org.gradle.launcher.daemon.server.exec.BuildCommandOnly.execute(Lorg/gradle/launcher/daemon/server/api/DaemonCommandExecution;)V+49
j  org.gradle.launcher.daemon.server.api.DaemonCommandExecution.proceed()Z+23
j  org.gradle.launcher.daemon.server.exec.EstablishBuildEnvironment.doBuild(Lorg/gradle/launcher/daemon/server/api/DaemonCommandExecution;Lorg/gradle/launcher/daemon/protocol/Build;)V+356
j  org.gradle.launcher.daemon.server.exec.BuildCommandOnly.execute(Lorg/gradle/launcher/daemon/server/api/DaemonCommandExecution;)V+49
j  org.gradle.launcher.daemon.server.api.DaemonCommandExecution.proceed()Z+23
j  org.gradle.launcher.daemon.server.exec.StartBuildOrRespondWithBusy$1.run()V+44
j  org.gradle.launcher.daemon.server.DaemonStateCoordinator$1.run()V+4
j  org.gradle.internal.concurrent.ExecutorPolicy$CatchAndRecordFailures.onExecute(Ljava/lang/Runnable;)V+1
j  org.gradle.internal.concurrent.AbstractManagedExecutor$1.run()V+25
j  java.util.concurrent.ThreadPoolExecutor.runWorker(Ljava/util/concurrent/ThreadPoolExecutor$Worker;)V+92 java.base@19.0.2
j  java.util.concurrent.ThreadPoolExecutor$Worker.run()V+5 java.base@19.0.2
j  java.lang.Thread.run()V+13 java.base@19.0.2
v  ~StubRoutines::call_stub 0x00000216b62410e8

---------------  P R O C E S S  ---------------

Threads class SMR info:
_java_thread_list=0x00000216cb34d4d0, length=32, elements={
0x00000216a6ddffc0, 0x00000216c900d6a0, 0x00000216c900e290, 0x00000216c90112e0,
0x00000216c9012d10, 0x00000216c901ca70, 0x00000216c90210b0, 0x00000216c9026140,
0x00000216c902b0f0, 0x00000216c90476e0, 0x00000216c9132890, 0x00000216c92a2200,
0x00000216ca6e3a60, 0x00000216ca778d60, 0x00000216ca811920, 0x00000216ca739020,
0x00000216ca739560, 0x00000216c909be80, 0x00000216c90ace10, 0x00000216c9b83040,
0x00000216c9b83ae0, 0x00000216c9b82af0, 0x00000216c9b84030, 0x00000216c9b825a0,
0x00000216c9b81b00, 0x00000216c9b81060, 0x00000216c9b815b0, 0x00000216c9b82050,
0x00000216c9b83590, 0x00000216cad22510, 0x00000216cad23fa0, 0x00000216cad20a80
}

Java Threads: ( => current thread )
  0x00000216a6ddffc0 JavaThread "main" [_thread_blocked, id=15308, stack(0x000000e8b9a00000,0x000000e8b9b00000)]
  0x00000216c900d6a0 JavaThread "Reference Handler" daemon [_thread_blocked, id=4304, stack(0x000000e8ba100000,0x000000e8ba200000)]
  0x00000216c900e290 JavaThread "Finalizer" daemon [_thread_blocked, id=1644, stack(0x000000e8ba200000,0x000000e8ba300000)]
  0x00000216c90112e0 JavaThread "Signal Dispatcher" daemon [_thread_blocked, id=18140, stack(0x000000e8ba300000,0x000000e8ba400000)]
  0x00000216c9012d10 JavaThread "Attach Listener" daemon [_thread_blocked, id=13668, stack(0x000000e8ba400000,0x000000e8ba500000)]
  0x00000216c901ca70 JavaThread "Service Thread" daemon [_thread_blocked, id=17048, stack(0x000000e8ba500000,0x000000e8ba600000)]
  0x00000216c90210b0 JavaThread "Monitor Deflation Thread" daemon [_thread_blocked, id=6272, stack(0x000000e8ba600000,0x000000e8ba700000)]
  0x00000216c9026140 JavaThread "C2 CompilerThread0" daemon [_thread_blocked, id=20680, stack(0x000000e8ba700000,0x000000e8ba800000)]
  0x00000216c902b0f0 JavaThread "C1 CompilerThread0" daemon [_thread_blocked, id=22584, stack(0x000000e8ba800000,0x000000e8ba900000)]
  0x00000216c90476e0 JavaThread "Sweeper thread" daemon [_thread_blocked, id=12280, stack(0x000000e8ba900000,0x000000e8baa00000)]
  0x00000216c9132890 JavaThread "Common-Cleaner" daemon [_thread_blocked, id=14020, stack(0x000000e8baa00000,0x000000e8bab00000)]
  0x00000216c92a2200 JavaThread "Notification Thread" daemon [_thread_blocked, id=22724, stack(0x000000e8bab00000,0x000000e8bac00000)]
  0x00000216ca6e3a60 JavaThread "Daemon health stats" [_thread_blocked, id=14716, stack(0x000000e8bb000000,0x000000e8bb100000)]
  0x00000216ca778d60 JavaThread "Incoming local TCP Connector on port 51480" [_thread_in_native, id=23624, stack(0x000000e8bb100000,0x000000e8bb200000)]
  0x00000216ca811920 JavaThread "Daemon periodic checks" [_thread_blocked, id=19316, stack(0x000000e8bb200000,0x000000e8bb300000)]
  0x00000216ca739020 JavaThread "Daemon" [_thread_blocked, id=25108, stack(0x000000e8bb300000,0x000000e8bb400000)]
  0x00000216ca739560 JavaThread "Handler for socket connection from /127.0.0.1:51480 to /127.0.0.1:51481" [_thread_in_native, id=25452, stack(0x000000e8bb400000,0x000000e8bb500000)]
  0x00000216c909be80 JavaThread "Cancel handler" [_thread_blocked, id=2672, stack(0x000000e8bb500000,0x000000e8bb600000)]
  0x00000216c90ace10 JavaThread "Daemon worker" [_thread_blocked, id=26228, stack(0x000000e8bb600000,0x000000e8bb700000)]
  0x00000216c9b83040 JavaThread "Asynchronous log dispatcher for DefaultDaemonConnection: socket connection from /127.0.0.1:51480 to /127.0.0.1:51481" [_thread_blocked, id=24704, stack(0x000000e8bb700000,0x000000e8bb800000)]
  0x00000216c9b83ae0 JavaThread "Stdin handler" [_thread_blocked, id=22940, stack(0x000000e8bb800000,0x000000e8bb900000)]
  0x00000216c9b82af0 JavaThread "Daemon client event forwarder" [_thread_blocked, id=18948, stack(0x000000e8bb900000,0x000000e8bba00000)]
  0x00000216c9b84030 JavaThread "Cache worker for journal cache (C:\Users\emuan\.gradle\caches\journal-1)" [_thread_blocked, id=15564, stack(0x000000e8bba00000,0x000000e8bbb00000)]
  0x00000216c9b825a0 JavaThread "File lock request listener" [_thread_in_native, id=12760, stack(0x000000e8bbb00000,0x000000e8bbc00000)]
  0x00000216c9b81b00 JavaThread "Cache worker for file hash cache (C:\Users\emuan\.gradle\caches\8.7\fileHashes)" [_thread_blocked, id=25984, stack(0x000000e8bbc00000,0x000000e8bbd00000)]
  0x00000216c9b81060 JavaThread "Cache worker for file hash cache (C:\Users\emuan\Documents\GitHub\ProjetoFinal\.gradle\8.7\fileHashes)" [_thread_blocked, id=13592, stack(0x000000e8bbd00000,0x000000e8bbe00000)]
  0x00000216c9b815b0 JavaThread "File watcher server" daemon [_thread_in_native, id=23392, stack(0x000000e8bbe00000,0x000000e8bbf00000)]
  0x00000216c9b82050 JavaThread "File watcher consumer" daemon [_thread_blocked, id=24216, stack(0x000000e8bbf00000,0x000000e8bc000000)]
  0x00000216c9b83590 JavaThread "Cache worker for checksums cache (C:\Users\emuan\Documents\GitHub\ProjetoFinal\.gradle\8.7\checksums)" [_thread_blocked, id=12452, stack(0x000000e8bc000000,0x000000e8bc100000)]
  0x00000216cad22510 JavaThread "Cache worker for cache directory md-supplier (C:\Users\emuan\.gradle\caches\8.7\md-supplier)" [_thread_blocked, id=23636, stack(0x000000e8bc100000,0x000000e8bc200000)]
  0x00000216cad23fa0 JavaThread "Cache worker for cache directory md-rule (C:\Users\emuan\.gradle\caches\8.7\md-rule)" [_thread_blocked, id=8848, stack(0x000000e8bc200000,0x000000e8bc300000)]
  0x00000216cad20a80 JavaThread "Cache worker for file content cache (C:\Users\emuan\.gradle\caches\8.7\fileContent)" [_thread_blocked, id=1756, stack(0x000000e8bc300000,0x000000e8bc400000)]

Other Threads:
  0x00000216c4e35a50 VMThread "VM Thread" [stack: 0x000000e8ba000000,0x000000e8ba100000] [id=21848]
  0x00000216a6de0e50 WatcherThread "VM Periodic Task Thread" [stack: 0x000000e8bac00000,0x000000e8bad00000] [id=26296]
  0x00000216a6e3ffa0 WorkerThread "GC Thread#0" [stack: 0x000000e8b9b00000,0x000000e8b9c00000] [id=24788]
  0x00000216c93c0010 WorkerThread "GC Thread#1" [stack: 0x000000e8bad00000,0x000000e8bae00000] [id=22192]
=>0x00000216c94c44c0 WorkerThread "GC Thread#2" [stack: 0x000000e8bae00000,0x000000e8baf00000] [id=26136]
  0x00000216c9c2d4b0 WorkerThread "GC Thread#3" [stack: 0x000000e8baf00000,0x000000e8bb000000] [id=2096]
  0x00000216a6e510f0 ConcurrentGCThread "G1 Main Marker" [stack: 0x000000e8b9c00000,0x000000e8b9d00000] [id=23140]
  0x00000216a6e52590 WorkerThread "G1 Conc#0" [stack: 0x000000e8b9d00000,0x000000e8b9e00000] [id=24776]
  0x00000216c4ce40c0 ConcurrentGCThread "G1 Refine#0" [stack: 0x000000e8b9e00000,0x000000e8b9f00000] [id=2256]
  0x00000216c4ce4b00 ConcurrentGCThread "G1 Service" [stack: 0x000000e8b9f00000,0x000000e8ba000000] [id=26584]

Threads with active compile tasks:
C1 CompilerThread0    18350 3622       3       javax.management.ObjectName::construct (1135 bytes)

VM state: at safepoint (normal execution)

VM Mutex/Monitor currently owned by a thread:  ([mutex/lock_event])
[0x00000216a6dd8950] FreeList_lock - owner thread: 0x00000216c94c44c0
[0x00000216a6ddb490] Threads_lock - owner thread: 0x00000216c4e35a50
[0x00000216a6dd9cf0] Heap_lock - owner thread: 0x00000216c90ace10

Heap address: 0x0000000080000000, size: 2048 MB, Compressed Oops mode: 32-bit

CDS archive(s) mapped at: [0x0000000800000000-0x0000000800c40000-0x0000000800c40000), size 12845056, SharedBaseAddress: 0x0000000800000000, ArchiveRelocationMode: 0.
Compressed class space mapped at: 0x0000000801000000-0x0000000841000000, reserved size: 1073741824
Narrow klass base: 0x0000000800000000, Narrow klass shift: 0, Narrow klass range: 0x100000000

GC Precious Log:
 CardTable entry size: 512
 Card Set container configuration: InlinePtr #cards 5 size 8 Array Of Cards #cards 12 size 40 Howl #buckets 4 coarsen threshold 1843 Howl Bitmap #cards 512 size 80 coarsen threshold 460 Card regions per heap region 1 cards per card region 2048
 CPUs: 4 total, 4 available
 Memory: 7934M
 Large Page Support: Disabled
 NUMA Support: Disabled
 Compressed Oops: Enabled (32-bit)
 Heap Region Size: 1M
 Heap Min Capacity: 8M
 Heap Initial Capacity: 124M
 Heap Max Capacity: 2G
 Pre-touch: Disabled
 Parallel Workers: 4
 Concurrent Workers: 1
 Concurrent Refinement Workers: 4
 Periodic GC: Disabled

Heap:
 garbage-first heap   total 87040K, used 85928K [0x0000000080000000, 0x0000000100000000)
  region size 1024K, 62 young (63488K), 1 survivors (1024K)
 Metaspace       used 29177K, committed 30336K, reserved 1114112K
  class space    used 4265K, committed 4864K, reserved 1048576K

Heap Regions: E=young(eden), S=young(survivor), O=old, HS=humongous(starts), HC=humongous(continues), CS=collection set, F=free, OA=open archive, CA=closed archive, TAMS=top-at-mark-start (previous, next)
|   0|0x0000000080000000, 0x0000000080100000, 0x0000000080100000|100%| O|  |TAMS 0x0000000080100000, 0x0000000080000000| Untracked 
|   1|0x0000000080100000, 0x0000000080200000, 0x0000000080200000|100%|HS|  |TAMS 0x0000000080200000, 0x0000000080100000| Complete 
|   2|0x0000000080200000, 0x0000000080300000, 0x0000000080300000|100%|HC|  |TAMS 0x0000000080300000, 0x0000000080200000| Complete 
|   3|0x0000000080300000, 0x0000000080400000, 0x0000000080400000|100%|HC|  |TAMS 0x0000000080400000, 0x0000000080300000| Complete 
|   4|0x0000000080400000, 0x0000000080500000, 0x0000000080500000|100%|HC|  |TAMS 0x0000000080500000, 0x0000000080400000| Complete 
|   5|0x0000000080500000, 0x0000000080600000, 0x0000000080600000|100%| O|  |TAMS 0x0000000080600000, 0x0000000080500000| Untracked 
|   6|0x0000000080600000, 0x0000000080700000, 0x0000000080700000|100%| O|  |TAMS 0x0000000080700000, 0x0000000080600000| Untracked 
|   7|0x0000000080700000, 0x0000000080800000, 0x0000000080800000|100%| O|  |TAMS 0x0000000080800000, 0x0000000080700000| Untracked 
|   8|0x0000000080800000, 0x0000000080900000, 0x0000000080900000|100%| O|  |TAMS 0x0000000080900000, 0x0000000080800000| Untracked 
|   9|0x0000000080900000, 0x0000000080a00000, 0x0000000080a00000|100%| O|  |TAMS 0x0000000080a00000, 0x0000000080900000| Untracked 
|  10|0x0000000080a00000, 0x0000000080b00000, 0x0000000080b00000|100%| O|  |TAMS 0x0000000080a55600, 0x0000000080a00000| Untracked 
|  11|0x0000000080b00000, 0x0000000080c00000, 0x0000000080c00000|100%| O|  |TAMS 0x0000000080b00000, 0x0000000080b00000| Untracked 
|  12|0x0000000080c00000, 0x0000000080d00000, 0x0000000080d00000|100%| O|  |TAMS 0x0000000080c00000, 0x0000000080c00000| Untracked 
|  13|0x0000000080d00000, 0x0000000080e00000, 0x0000000080e00000|100%| O|  |TAMS 0x0000000080d00000, 0x0000000080d00000| Untracked 
|  14|0x0000000080e00000, 0x0000000080f00000, 0x0000000080f00000|100%| O|  |TAMS 0x0000000080e00000, 0x0000000080e00000| Untracked 
|  15|0x0000000080f00000, 0x0000000081000000, 0x0000000081000000|100%| O|  |TAMS 0x0000000080f00000, 0x0000000080f00000| Untracked 
|  16|0x0000000081000000, 0x0000000081100000, 0x0000000081100000|100%| O|  |TAMS 0x0000000081000000, 0x0000000081000000| Untracked 
|  17|0x0000000081100000, 0x0000000081200000, 0x0000000081200000|100%| O|  |TAMS 0x0000000081100000, 0x0000000081100000| Untracked 
|  18|0x0000000081200000, 0x0000000081300000, 0x0000000081300000|100%| O|  |TAMS 0x0000000081200000, 0x0000000081200000| Untracked 
|  19|0x0000000081300000, 0x00000000813fe000, 0x0000000081400000| 99%| O|  |TAMS 0x0000000081300000, 0x0000000081300000| Untracked 
|  20|0x0000000081400000, 0x0000000081500000, 0x0000000081500000|100%| E|CS|TAMS 0x0000000081400000, 0x0000000081400000| Complete 
|  21|0x0000000081500000, 0x0000000081600000, 0x0000000081600000|100%| E|CS|TAMS 0x0000000081500000, 0x0000000081500000| Complete 
|  22|0x0000000081600000, 0x0000000081700000, 0x0000000081700000|100%| E|CS|TAMS 0x0000000081600000, 0x0000000081600000| Complete 
|  23|0x0000000081700000, 0x0000000081800000, 0x0000000081800000|100%| E|CS|TAMS 0x0000000081700000, 0x0000000081700000| Complete 
|  24|0x0000000081800000, 0x0000000081900000, 0x0000000081900000|100%| E|CS|TAMS 0x0000000081800000, 0x0000000081800000| Complete 
|  25|0x0000000081900000, 0x0000000081a00000, 0x0000000081a00000|100%| E|CS|TAMS 0x0000000081900000, 0x0000000081900000| Complete 
|  26|0x0000000081a00000, 0x0000000081b00000, 0x0000000081b00000|100%| E|CS|TAMS 0x0000000081a00000, 0x0000000081a00000| Complete 
|  27|0x0000000081b00000, 0x0000000081c00000, 0x0000000081c00000|100%| E|CS|TAMS 0x0000000081b00000, 0x0000000081b00000| Complete 
|  28|0x0000000081c00000, 0x0000000081d00000, 0x0000000081d00000|100%| E|CS|TAMS 0x0000000081c00000, 0x0000000081c00000| Complete 
|  29|0x0000000081d00000, 0x0000000081e00000, 0x0000000081e00000|100%| E|CS|TAMS 0x0000000081d00000, 0x0000000081d00000| Complete 
|  30|0x0000000081e00000, 0x0000000081f00000, 0x0000000081f00000|100%| E|CS|TAMS 0x0000000081e00000, 0x0000000081e00000| Complete 
|  31|0x0000000081f00000, 0x0000000082000000, 0x0000000082000000|100%| E|CS|TAMS 0x0000000081f00000, 0x0000000081f00000| Complete 
|  32|0x0000000082000000, 0x0000000082100000, 0x0000000082100000|100%| E|CS|TAMS 0x0000000082000000, 0x0000000082000000| Complete 
|  33|0x0000000082100000, 0x0000000082200000, 0x0000000082200000|100%| E|CS|TAMS 0x0000000082100000, 0x0000000082100000| Complete 
|  34|0x0000000082200000, 0x0000000082300000, 0x0000000082300000|100%| E|CS|TAMS 0x0000000082200000, 0x0000000082200000| Complete 
|  35|0x0000000082300000, 0x0000000082400000, 0x0000000082400000|100%| E|CS|TAMS 0x0000000082300000, 0x0000000082300000| Complete 
|  36|0x0000000082400000, 0x0000000082500000, 0x0000000082500000|100%| E|CS|TAMS 0x0000000082400000, 0x0000000082400000| Complete 
|  37|0x0000000082500000, 0x0000000082600000, 0x0000000082600000|100%| E|CS|TAMS 0x0000000082500000, 0x0000000082500000| Complete 
|  38|0x0000000082600000, 0x0000000082700000, 0x0000000082700000|100%| E|CS|TAMS 0x0000000082600000, 0x0000000082600000| Complete 
|  39|0x0000000082700000, 0x0000000082800000, 0x0000000082800000|100%| E|CS|TAMS 0x0000000082700000, 0x0000000082700000| Complete 
|  40|0x0000000082800000, 0x0000000082900000, 0x0000000082900000|100%| E|CS|TAMS 0x0000000082800000, 0x0000000082800000| Complete 
|  41|0x0000000082900000, 0x0000000082a00000, 0x0000000082a00000|100%| E|CS|TAMS 0x0000000082900000, 0x0000000082900000| Complete 
|  42|0x0000000082a00000, 0x0000000082b00000, 0x0000000082b00000|100%| E|CS|TAMS 0x0000000082a00000, 0x0000000082a00000| Complete 
|  43|0x0000000082b00000, 0x0000000082c00000, 0x0000000082c00000|100%| E|CS|TAMS 0x0000000082b00000, 0x0000000082b00000| Complete 
|  44|0x0000000082c00000, 0x0000000082d00000, 0x0000000082d00000|100%| E|CS|TAMS 0x0000000082c00000, 0x0000000082c00000| Complete 
|  45|0x0000000082d00000, 0x0000000082e00000, 0x0000000082e00000|100%| E|CS|TAMS 0x0000000082d00000, 0x0000000082d00000| Complete 
|  46|0x0000000082e00000, 0x0000000082f00000, 0x0000000082f00000|100%| E|CS|TAMS 0x0000000082e00000, 0x0000000082e00000| Complete 
|  47|0x0000000082f00000, 0x0000000083000000, 0x0000000083000000|100%| E|CS|TAMS 0x0000000082f00000, 0x0000000082f00000| Complete 
|  48|0x0000000083000000, 0x0000000083100000, 0x0000000083100000|100%| E|CS|TAMS 0x0000000083000000, 0x0000000083000000| Complete 
|  49|0x0000000083100000, 0x0000000083200000, 0x0000000083200000|100%| E|CS|TAMS 0x0000000083100000, 0x0000000083100000| Complete 
|  50|0x0000000083200000, 0x0000000083300000, 0x0000000083300000|100%| E|CS|TAMS 0x0000000083200000, 0x0000000083200000| Complete 
|  51|0x0000000083300000, 0x0000000083400000, 0x0000000083400000|100%| E|CS|TAMS 0x0000000083300000, 0x0000000083300000| Complete 
|  52|0x0000000083400000, 0x0000000083500000, 0x0000000083500000|100%| E|CS|TAMS 0x0000000083400000, 0x0000000083400000| Complete 
|  53|0x0000000083500000, 0x0000000083600000, 0x0000000083600000|100%| E|CS|TAMS 0x0000000083500000, 0x0000000083500000| Complete 
|  54|0x0000000083600000, 0x0000000083700000, 0x0000000083700000|100%| E|CS|TAMS 0x0000000083600000, 0x0000000083600000| Complete 
|  55|0x0000000083700000, 0x0000000083800000, 0x0000000083800000|100%| E|CS|TAMS 0x0000000083700000, 0x0000000083700000| Complete 
|  56|0x0000000083800000, 0x0000000083900000, 0x0000000083900000|100%| E|CS|TAMS 0x0000000083800000, 0x0000000083800000| Complete 
|  57|0x0000000083900000, 0x0000000083a00000, 0x0000000083a00000|100%| E|CS|TAMS 0x0000000083900000, 0x0000000083900000| Complete 
|  58|0x0000000083a00000, 0x0000000083b00000, 0x0000000083b00000|100%| E|CS|TAMS 0x0000000083a00000, 0x0000000083a00000| Complete 
|  59|0x0000000083b00000, 0x0000000083c00000, 0x0000000083c00000|100%| E|CS|TAMS 0x0000000083b00000, 0x0000000083b00000| Complete 
|  60|0x0000000083c00000, 0x0000000083d00000, 0x0000000083d00000|100%| E|CS|TAMS 0x0000000083c00000, 0x0000000083c00000| Complete 
|  61|0x0000000083d00000, 0x0000000083e00000, 0x0000000083e00000|100%| E|CS|TAMS 0x0000000083d00000, 0x0000000083d00000| Complete 
|  62|0x0000000083e00000, 0x0000000083f00000, 0x0000000083f00000|100%| E|CS|TAMS 0x0000000083e00000, 0x0000000083e00000| Complete 
|  63|0x0000000083f00000, 0x0000000084000000, 0x0000000084000000|100%| E|CS|TAMS 0x0000000083f00000, 0x0000000083f00000| Complete 
|  64|0x0000000084000000, 0x0000000084100000, 0x0000000084100000|100%| E|CS|TAMS 0x0000000084000000, 0x0000000084000000| Complete 
|  65|0x0000000084100000, 0x0000000084200000, 0x0000000084200000|100%| E|CS|TAMS 0x0000000084100000, 0x0000000084100000| Complete 
|  66|0x0000000084200000, 0x0000000084300000, 0x0000000084300000|100%| E|CS|TAMS 0x0000000084200000, 0x0000000084200000| Complete 
|  67|0x0000000084300000, 0x0000000084400000, 0x0000000084400000|100%| E|CS|TAMS 0x0000000084300000, 0x0000000084300000| Complete 
|  68|0x0000000084400000, 0x0000000084500000, 0x0000000084500000|100%| E|CS|TAMS 0x0000000084400000, 0x0000000084400000| Complete 
|  69|0x0000000084500000, 0x0000000084600000, 0x0000000084600000|100%| E|CS|TAMS 0x0000000084500000, 0x0000000084500000| Complete 
|  70|0x0000000084600000, 0x0000000084700000, 0x0000000084700000|100%| E|CS|TAMS 0x0000000084600000, 0x0000000084600000| Complete 
|  71|0x0000000084700000, 0x0000000084800000, 0x0000000084800000|100%| E|CS|TAMS 0x0000000084700000, 0x0000000084700000| Complete 
|  72|0x0000000084800000, 0x0000000084900000, 0x0000000084900000|100%| E|CS|TAMS 0x0000000084800000, 0x0000000084800000| Complete 
|  73|0x0000000084900000, 0x0000000084a00000, 0x0000000084a00000|100%| E|CS|TAMS 0x0000000084900000, 0x0000000084900000| Complete 
|  74|0x0000000084a00000, 0x0000000084b00000, 0x0000000084b00000|100%| E|CS|TAMS 0x0000000084a00000, 0x0000000084a00000| Complete 
|  75|0x0000000084b00000, 0x0000000084c00000, 0x0000000084c00000|100%| E|CS|TAMS 0x0000000084b00000, 0x0000000084b00000| Complete 
|  76|0x0000000084c00000, 0x0000000084d00000, 0x0000000084d00000|100%| E|CS|TAMS 0x0000000084c00000, 0x0000000084c00000| Complete 
|  77|0x0000000084d00000, 0x0000000084e00000, 0x0000000084e00000|100%| E|CS|TAMS 0x0000000084d00000, 0x0000000084d00000| Complete 
|  78|0x0000000084e00000, 0x0000000084f00000, 0x0000000084f00000|100%| E|CS|TAMS 0x0000000084e00000, 0x0000000084e00000| Complete 
|  79|0x0000000084f00000, 0x0000000085000000, 0x0000000085000000|100%| S|  |TAMS 0x0000000084f00000, 0x0000000084f00000| Complete 
|  88|0x0000000085800000, 0x00000000858ec380, 0x0000000085900000| 92%| E|CS|TAMS 0x0000000085800000, 0x0000000085800000| Complete 
|  89|0x0000000085900000, 0x0000000085a00000, 0x0000000085a00000|100%| E|CS|TAMS 0x0000000085900000, 0x0000000085900000| Complete 
|  90|0x0000000085a00000, 0x0000000085b00000, 0x0000000085b00000|100%| E|CS|TAMS 0x0000000085a00000, 0x0000000085a00000| Complete 
| 122|0x0000000087a00000, 0x0000000087b00000, 0x0000000087b00000|100%| E|CS|TAMS 0x0000000087a00000, 0x0000000087a00000| Complete 
| 123|0x0000000087b00000, 0x0000000087c00000, 0x0000000087c00000|100%| E|CS|TAMS 0x0000000087b00000, 0x0000000087b00000| Complete 

Card table byte_map: [0x00000216be110000,0x00000216be510000] _byte_map_base: 0x00000216bdd10000

Marking Bits (Prev, Next): (CMBitMap*) 0x00000216a6e40510, (CMBitMap*) 0x00000216a6e404d0
 Prev Bits: [0x00000216c0910000, 0x00000216c2910000)
 Next Bits: [0x00000216be910000, 0x00000216c0910000)

Polling page: 0x00000216a6570000

Metaspace:

Usage:
  Non-class:     24.33 MB used.
      Class:      4.17 MB used.
       Both:     28.49 MB used.

Virtual space:
  Non-class space:       64.00 MB reserved,      24.88 MB ( 39%) committed,  1 nodes.
      Class space:        1.00 GB reserved,       4.75 MB ( <1%) committed,  1 nodes.
             Both:        1.06 GB reserved,      29.62 MB (  3%) committed. 

Chunk freelists:
   Non-Class:  3.17 MB
       Class:  3.07 MB
        Both:  6.24 MB

MaxMetaspaceSize: unlimited
CompressedClassSpaceSize: 1.00 GB
Initial GC threshold: 21.00 MB
Current GC threshold: 35.25 MB
CDS: on
MetaspaceReclaimPolicy: balanced
 - commit_granule_bytes: 65536.
 - commit_granule_words: 8192.
 - virtual_space_node_default_size: 8388608.
 - enlarge_chunks_in_place: 1.
 - new_chunks_are_fully_committed: 0.
 - uncommit_free_chunks: 1.
 - use_allocation_guard: 0.


Internal statistics:

num_allocs_failed_limit: 3.
num_arena_births: 2014.
num_arena_deaths: 0.
num_vsnodes_births: 2.
num_vsnodes_deaths: 0.
num_space_committed: 474.
num_space_uncommitted: 0.
num_chunks_returned_to_freelist: 3.
num_chunks_taken_from_freelist: 3441.
num_chunk_merges: 3.
num_chunk_splits: 2208.
num_chunks_enlarged: 1318.
num_inconsistent_stats: 0.

CodeHeap 'non-profiled nmethods': size=120000Kb used=2025Kb max_used=2025Kb free=117974Kb
 bounds [0x00000216b67e0000, 0x00000216b6a50000, 0x00000216bdd10000]
CodeHeap 'profiled nmethods': size=120000Kb used=7543Kb max_used=7543Kb free=112456Kb
 bounds [0x00000216aed10000, 0x00000216af470000, 0x00000216b6240000]
CodeHeap 'non-nmethods': size=5760Kb used=1366Kb max_used=1396Kb free=4393Kb
 bounds [0x00000216b6240000, 0x00000216b64b0000, 0x00000216b67e0000]
 total_blobs=4201 nmethods=3621 adapters=490
 compilation: enabled
              stopped_count=0, restarted_count=0
 full_count=0

Compilation events (20 events):
Event: 17.492 Thread 0x00000216c902b0f0 nmethod 3612 0x00000216b69d9b90 code [0x00000216b69d9d20, 0x00000216b69d9dd8]
Event: 17.492 Thread 0x00000216c902b0f0 3613       3       java.util.concurrent.atomic.AtomicInteger::<init> (5 bytes)
Event: 17.493 Thread 0x00000216c902b0f0 nmethod 3613 0x00000216af469f90 code [0x00000216af46a140, 0x00000216af46a2f8]
Event: 17.493 Thread 0x00000216c902b0f0 3614       1       java.util.Spliterators$ArraySpliterator::characteristics (5 bytes)
Event: 17.493 Thread 0x00000216c902b0f0 nmethod 3614 0x00000216b69d9e90 code [0x00000216b69da020, 0x00000216b69da0d8]
Event: 17.493 Thread 0x00000216c9026140 3615       4       java.util.HashMap::afterNodeAccess (1 bytes)
Event: 17.493 Thread 0x00000216c902b0f0 3616       3       java.util.WeakHashMap::get (75 bytes)
Event: 17.493 Thread 0x00000216c9026140 nmethod 3615 0x00000216b69da190 code [0x00000216b69da300, 0x00000216b69da378]
Event: 17.494 Thread 0x00000216c902b0f0 nmethod 3616 0x00000216af46a410 code [0x00000216af46a640, 0x00000216af46af18]
Event: 17.494 Thread 0x00000216c902b0f0 3617       3       org.codehaus.groovy.reflection.CachedClass::getInterfaces (11 bytes)
Event: 17.495 Thread 0x00000216c902b0f0 nmethod 3617 0x00000216af46b290 code [0x00000216af46b440, 0x00000216af46b728]
Event: 17.495 Thread 0x00000216c902b0f0 3618       3       java.util.stream.ReferencePipeline$Head::forEach (26 bytes)
Event: 17.495 Thread 0x00000216c902b0f0 nmethod 3618 0x00000216af46b810 code [0x00000216af46ba40, 0x00000216af46c178]
Event: 17.495 Thread 0x00000216c902b0f0 3619       3       java.util.stream.AbstractPipeline::sourceStageSpliterator (112 bytes)
Event: 17.496 Thread 0x00000216c902b0f0 nmethod 3619 0x00000216af46c410 code [0x00000216af46c620, 0x00000216af46cd38]
Event: 17.496 Thread 0x00000216c902b0f0 3620       3       org.codehaus.groovy.util.ReferenceType$1::createReference (11 bytes)
Event: 17.496 Thread 0x00000216c902b0f0 nmethod 3620 0x00000216af46cf90 code [0x00000216af46d160, 0x00000216af46d5d8]
Event: 17.496 Thread 0x00000216c902b0f0 3621       3       org.codehaus.groovy.util.ReferenceType$SoftRef::<init> (12 bytes)
Event: 17.496 Thread 0x00000216c902b0f0 nmethod 3621 0x00000216af46d790 code [0x00000216af46d960, 0x00000216af46dcf8]
Event: 17.496 Thread 0x00000216c902b0f0 3622       3       javax.management.ObjectName::construct (1135 bytes)

GC Heap History (11 events):
Event: 1.482 GC heap before
{Heap before GC invocations=0 (full 0):
 garbage-first heap   total 126976K, used 13312K [0x0000000080000000, 0x0000000100000000)
  region size 1024K, 13 young (13312K), 0 survivors (0K)
 Metaspace       used 1014K, committed 1152K, reserved 1114112K
  class space    used 76K, committed 128K, reserved 1048576K
}
Event: 1.491 GC heap after
{Heap after GC invocations=1 (full 0):
 garbage-first heap   total 126976K, used 2696K [0x0000000080000000, 0x0000000100000000)
  region size 1024K, 2 young (2048K), 2 survivors (2048K)
 Metaspace       used 1014K, committed 1152K, reserved 1114112K
  class space    used 76K, committed 128K, reserved 1048576K
}
Event: 3.873 GC heap before
{Heap before GC invocations=1 (full 0):
 garbage-first heap   total 126976K, used 23176K [0x0000000080000000, 0x0000000100000000)
  region size 1024K, 19 young (19456K), 2 survivors (2048K)
 Metaspace       used 4011K, committed 4224K, reserved 1114112K
  class space    used 483K, committed 576K, reserved 1048576K
}
Event: 3.880 GC heap after
{Heap after GC invocations=2 (full 0):
 garbage-first heap   total 126976K, used 10550K [0x0000000080000000, 0x0000000100000000)
  region size 1024K, 3 young (3072K), 3 survivors (3072K)
 Metaspace       used 4011K, committed 4224K, reserved 1114112K
  class space    used 483K, committed 576K, reserved 1048576K
}
Event: 4.560 GC heap before
{Heap before GC invocations=2 (full 0):
 garbage-first heap   total 126976K, used 33078K [0x0000000080000000, 0x0000000100000000)
  region size 1024K, 25 young (25600K), 3 survivors (3072K)
 Metaspace       used 4091K, committed 4288K, reserved 1114112K
  class space    used 484K, committed 576K, reserved 1048576K
}
Event: 4.564 GC heap after
{Heap after GC invocations=3 (full 0):
 garbage-first heap   total 126976K, used 11071K [0x0000000080000000, 0x0000000100000000)
  region size 1024K, 1 young (1024K), 1 survivors (1024K)
 Metaspace       used 4091K, committed 4288K, reserved 1114112K
  class space    used 484K, committed 576K, reserved 1048576K
}
Event: 8.823 GC heap before
{Heap before GC invocations=3 (full 0):
 garbage-first heap   total 126976K, used 85823K [0x0000000080000000, 0x0000000100000000)
  region size 1024K, 74 young (75776K), 1 survivors (1024K)
 Metaspace       used 16606K, committed 17152K, reserved 1114112K
  class space    used 2248K, committed 2496K, reserved 1048576K
}
Event: 8.835 GC heap after
{Heap after GC invocations=4 (full 0):
 garbage-first heap   total 126976K, used 20346K [0x0000000080000000, 0x0000000100000000)
  region size 1024K, 10 young (10240K), 10 survivors (10240K)
 Metaspace       used 16606K, committed 17152K, reserved 1114112K
  class space    used 2248K, committed 2496K, reserved 1048576K
}
Event: 10.460 GC heap before
{Heap before GC invocations=4 (full 0):
 garbage-first heap   total 126976K, used 53114K [0x0000000080000000, 0x0000000100000000)
  region size 1024K, 43 young (44032K), 10 survivors (10240K)
 Metaspace       used 20890K, committed 21504K, reserved 1114112K
  class space    used 2951K, committed 3264K, reserved 1048576K
}
Event: 10.509 GC heap after
{Heap after GC invocations=5 (full 0):
 garbage-first heap   total 126976K, used 23464K [0x0000000080000000, 0x0000000100000000)
  region size 1024K, 3 young (3072K), 3 survivors (3072K)
 Metaspace       used 20890K, committed 21504K, reserved 1114112K
  class space    used 2951K, committed 3264K, reserved 1048576K
}
Event: 17.500 GC heap before
{Heap before GC invocations=6 (full 0):
 garbage-first heap   total 86016K, used 85928K [0x0000000080000000, 0x0000000100000000)
  region size 1024K, 64 young (65536K), 3 survivors (3072K)
 Metaspace       used 29177K, committed 30336K, reserved 1114112K
  class space    used 4265K, committed 4864K, reserved 1048576K
}

Dll operation events (15 events):
Event: 0.120 Loaded shared library C:\Program Files\Java\jdk-19\bin\java.dll
Event: 0.147 Loaded shared library C:\Program Files\Java\jdk-19\bin\jsvml.dll
Event: 0.536 Loaded shared library C:\Program Files\Java\jdk-19\bin\zip.dll
Event: 0.545 Loaded shared library C:\Program Files\Java\jdk-19\bin\instrument.dll
Event: 0.587 Loaded shared library C:\Program Files\Java\jdk-19\bin\net.dll
Event: 0.595 Loaded shared library C:\Program Files\Java\jdk-19\bin\nio.dll
Event: 0.610 Loaded shared library C:\Program Files\Java\jdk-19\bin\zip.dll
Event: 1.363 Loaded shared library C:\Program Files\Java\jdk-19\bin\jimage.dll
Event: 1.555 Loaded shared library C:\Program Files\Java\jdk-19\bin\verify.dll
Event: 2.304 Loaded shared library C:\Users\emuan\.gradle\native\c067742578af261105cb4f569cf0c3c89f3d7b1fecec35dd04571415982c5e48\windows-amd64\native-platform.dll
Event: 2.365 Loaded shared library C:\Users\emuan\.gradle\native\38dada09dfb8b06ba9b0570ebf7e218e3eb74d4ef43ca46872605cf95ebc2f47\windows-amd64\native-platform-file-events.dll
Event: 5.400 Loaded shared library C:\Program Files\Java\jdk-19\bin\management.dll
Event: 5.410 Loaded shared library C:\Program Files\Java\jdk-19\bin\management_ext.dll
Event: 6.002 Loaded shared library C:\Program Files\Java\jdk-19\bin\extnet.dll
Event: 6.642 Loaded shared library C:\Program Files\Java\jdk-19\bin\sunmscapi.dll

Deoptimization events (20 events):
Event: 15.345 Thread 0x00000216c90ace10 Uncommon trap: trap_request=0xffffff45 fr.pc=0x00000216b6858d50 relative=0x0000000000000290
Event: 15.345 Thread 0x00000216c90ace10 Uncommon trap: reason=unstable_if action=reinterpret pc=0x00000216b6858d50 method=java.util.HashMap.hash(Ljava/lang/Object;)I @ 1 c2
Event: 15.345 Thread 0x00000216c90ace10 DEOPT PACKING pc=0x00000216b6858d50 sp=0x000000e8bb6f7950
Event: 15.345 Thread 0x00000216c90ace10 DEOPT UNPACKING pc=0x00000216b62aa5a3 sp=0x000000e8bb6f77e8 mode 2
Event: 17.406 Thread 0x00000216c90ace10 Uncommon trap: trap_request=0xffffff45 fr.pc=0x00000216b68de000 relative=0x00000000000005a0
Event: 17.406 Thread 0x00000216c90ace10 Uncommon trap: reason=unstable_if action=reinterpret pc=0x00000216b68de000 method=jdk.internal.org.objectweb.asm.MethodWriter.visitVarInsn(II)V @ 108 c2
Event: 17.406 Thread 0x00000216c90ace10 DEOPT PACKING pc=0x00000216b68de000 sp=0x000000e8bb6f0f00
Event: 17.406 Thread 0x00000216c90ace10 DEOPT UNPACKING pc=0x00000216b62aa5a3 sp=0x000000e8bb6f0ec8 mode 2
Event: 17.406 Thread 0x00000216c90ace10 Uncommon trap: trap_request=0xffffff45 fr.pc=0x00000216b6956158 relative=0x0000000000001278
Event: 17.406 Thread 0x00000216c90ace10 Uncommon trap: reason=unstable_if action=reinterpret pc=0x00000216b6956158 method=jdk.internal.org.objectweb.asm.MethodWriter.visitMethodInsn(ILjava/lang/String;Ljava/lang/String;Ljava/lang/String;Z)V @ 81 c2
Event: 17.406 Thread 0x00000216c90ace10 DEOPT PACKING pc=0x00000216b6956158 sp=0x000000e8bb6f0ee0
Event: 17.406 Thread 0x00000216c90ace10 DEOPT UNPACKING pc=0x00000216b62aa5a3 sp=0x000000e8bb6f0ea0 mode 2
Event: 17.406 Thread 0x00000216c90ace10 Uncommon trap: trap_request=0xffffff45 fr.pc=0x00000216b6954684 relative=0x00000000000008a4
Event: 17.406 Thread 0x00000216c90ace10 Uncommon trap: reason=unstable_if action=reinterpret pc=0x00000216b6954684 method=jdk.internal.org.objectweb.asm.MethodWriter.visitInsn(I)V @ 24 c2
Event: 17.406 Thread 0x00000216c90ace10 DEOPT PACKING pc=0x00000216b6954684 sp=0x000000e8bb6f0ef0
Event: 17.406 Thread 0x00000216c90ace10 DEOPT UNPACKING pc=0x00000216b62aa5a3 sp=0x000000e8bb6f0ed8 mode 2
Event: 17.411 Thread 0x00000216c90ace10 Uncommon trap: trap_request=0xffffff45 fr.pc=0x00000216b6929ff4 relative=0x0000000000000b74
Event: 17.411 Thread 0x00000216c90ace10 Uncommon trap: reason=unstable_if action=reinterpret pc=0x00000216b6929ff4 method=java.lang.invoke.LambdaForm.useCount(Ljava/lang/invoke/LambdaForm$Name;)I @ 8 c2
Event: 17.411 Thread 0x00000216c90ace10 DEOPT PACKING pc=0x00000216b6929ff4 sp=0x000000e8bb6f6830
Event: 17.411 Thread 0x00000216c90ace10 DEOPT UNPACKING pc=0x00000216b62aa5a3 sp=0x000000e8bb6f6700 mode 2

Classes loaded (20 events):
Event: 17.339 Loading class java/util/TimerTask
Event: 17.340 Loading class java/util/TimerTask done
Event: 17.340 Loading class java/util/Timer
Event: 17.341 Loading class java/util/Timer done
Event: 17.341 Loading class java/lang/Process
Event: 17.342 Loading class java/lang/Process done
Event: 17.388 Loading class java/security/AccessControlException
Event: 17.388 Loading class java/security/AccessControlException done
Event: 17.432 Loading class java/lang/reflect/MalformedParameterizedTypeException
Event: 17.433 Loading class java/lang/reflect/MalformedParameterizedTypeException done
Event: 17.441 Loading class java/lang/IllegalCallerException
Event: 17.441 Loading class java/lang/IllegalCallerException done
Event: 17.485 Loading class java/lang/ClassFormatError
Event: 17.486 Loading class java/lang/ClassFormatError done
Event: 17.494 Loading class java/lang/ProcessHandle$Info
Event: 17.494 Loading class java/lang/ProcessHandle$Info done
Event: 17.494 Loading class java/lang/ProcessHandle
Event: 17.494 Loading class java/lang/ProcessHandle done
Event: 17.497 Loading class java/io/UnsupportedEncodingException
Event: 17.497 Loading class java/io/UnsupportedEncodingException done

Classes unloaded (0 events):
No events

Classes redefined (0 events):
No events

Internal exceptions (20 events):
Event: 15.489 Thread 0x00000216c90ace10 Exception <a 'java/lang/NoSuchMethodError'{0x00000000831a0288}: 'void java.lang.invoke.Invokers$Holder.invokeExact_MT(java.lang.Object, int, java.lang.Object)'> (0x00000000831a0288) 
thrown [s\open\src\hotspot\share\interpreter\linkResolver.cpp, line 774]
Event: 16.234 Thread 0x00000216c90ace10 Exception <a 'java/lang/NoSuchMethodError'{0x0000000082bda928}: 'java.lang.Object java.lang.invoke.DirectMethodHandle$Holder.invokeStatic(java.lang.Object, java.lang.Object, java.lang.Object, java.lang.Object, java.lang.Object, java.lang.Object, java.lang.Object, java.lang.Object, java.lang.Object, java.lang.Object, java.lang.Object, java.lang.Object, java.lang.Object, java.lang.Object, java.lang.Object, java.lang.Object, java.lang.Object, java.lang.Object, java.lang.Object, java.lang.Object, java.lang.Obj
Event: 16.651 Thread 0x00000216c90ace10 Exception <a 'java/lang/NoSuchMethodError'{0x0000000082385368}: 'java.lang.Object java.lang.invoke.DirectMethodHandle$Holder.invokeVirtual(java.lang.Object, java.lang.Object, java.lang.Object, java.lang.Object, java.lang.Object, java.lang.Object, java.lang.Object, java.lang.Object, java.lang.Object, java.lang.Object, java.lang.Object, java.lang.Object, java.lang.Object, java.lang.Object, java.lang.Object, java.lang.Object, java.lang.Object, java.lang.Object, java.lang.Object, java.lang.Object, java.lang.Ob
Event: 16.654 Thread 0x00000216c90ace10 Exception <a 'java/lang/NoSuchMethodError'{0x0000000082392ee0}: 'java.lang.Object java.lang.invoke.DelegatingMethodHandle$Holder.reinvoke_L(java.lang.Object, java.lang.Object, java.lang.Object, java.lang.Object, java.lang.Object, java.lang.Object, java.lang.Object, java.lang.Object, java.lang.Object, java.lang.Object, java.lang.Object, java.lang.Object, java.lang.Object, java.lang.Object, java.lang.Object, java.lang.Object, java.lang.Object, java.lang.Object, java.lang.Object, java.lang.Object, java.lang.O
Event: 16.672 Thread 0x00000216c90ace10 Exception <a 'java/lang/NoSuchMethodError'{0x0000000082273980}: 'java.lang.Object java.lang.invoke.DirectMethodHandle$Holder.invokeStatic(java.lang.Object, java.lang.Object, java.lang.Object, java.lang.Object, java.lang.Object, java.lang.Object, java.lang.Object, java.lang.Object, java.lang.Object, java.lang.Object, java.lang.Object, java.lang.Object, java.lang.Object, java.lang.Object, java.lang.Object, java.lang.Object, java.lang.Object, java.lang.Object, java.lang.Object, java.lang.Object, java.lang.Obj
Event: 16.676 Thread 0x00000216c90ace10 Exception <a 'java/lang/NoSuchMethodError'{0x00000000822a9518}: 'java.lang.Object java.lang.invoke.DirectMethodHandle$Holder.invokeStatic(java.lang.Object, java.lang.Object, java.lang.Object, java.lang.Object, java.lang.Object, java.lang.Object, java.lang.Object, java.lang.Object, java.lang.Object, java.lang.Object, java.lang.Object, java.lang.Object, java.lang.Object, java.lang.Object, java.lang.Object, java.lang.Object, java.lang.Object, java.lang.Object, java.lang.Object, java.lang.Object, java.lang.Obj
Event: 16.746 Thread 0x00000216c90ace10 Exception <a 'java/lang/NoSuchMethodError'{0x0000000082003ba0}: 'java.lang.Object java.lang.invoke.DirectMethodHandle$Holder.newInvokeSpecial(java.lang.Object, java.lang.Object, java.lang.Object, java.lang.Object, java.lang.Object, java.lang.Object, java.lang.Object, java.lang.Object, java.lang.Object, java.lang.Object, java.lang.Object, java.lang.Object, java.lang.Object, java.lang.Object, java.lang.Object, java.lang.Object, java.lang.Object, java.lang.Object, java.lang.Object)'> (0x0000000082003ba0) 
thr
Event: 16.746 Thread 0x00000216c90ace10 Exception <a 'java/lang/NoSuchMethodError'{0x000000008200a850}: 'java.lang.Object java.lang.invoke.DirectMethodHandle$Holder.invokeSpecial(java.lang.Object, java.lang.Object, java.lang.Object, java.lang.Object, java.lang.Object, java.lang.Object, java.lang.Object, java.lang.Object, java.lang.Object, java.lang.Object, java.lang.Object, java.lang.Object, java.lang.Object, java.lang.Object, java.lang.Object, java.lang.Object, java.lang.Object, java.lang.Object, java.lang.Object, java.lang.Object)'> (0x0000000
Event: 16.747 Thread 0x00000216c90ace10 Exception <a 'java/lang/NoSuchMethodError'{0x0000000082010388}: 'java.lang.Object java.lang.invoke.DelegatingMethodHandle$Holder.reinvoke_L(java.lang.Object, java.lang.Object, java.lang.Object, java.lang.Object, java.lang.Object, java.lang.Object, java.lang.Object, java.lang.Object, java.lang.Object, java.lang.Object, java.lang.Object, java.lang.Object, java.lang.Object, java.lang.Object, java.lang.Object, java.lang.Object, java.lang.Object, java.lang.Object, java.lang.Object)'> (0x0000000082010388) 
throw
Event: 16.776 Thread 0x00000216c90ace10 Exception <a 'java/lang/NoSuchMethodError'{0x0000000081f505f8}: 'java.lang.Object java.lang.invoke.DirectMethodHandle$Holder.newInvokeSpecial(java.lang.Object, java.lang.Object, java.lang.Object, java.lang.Object, java.lang.Object, java.lang.Object, java.lang.Object, java.lang.Object, java.lang.Object, java.lang.Object, java.lang.Object, java.lang.Object)'> (0x0000000081f505f8) 
thrown [s\open\src\hotspot\share\interpreter\linkResolver.cpp, line 774]
Event: 17.105 Thread 0x00000216c90ace10 Exception <a 'java/lang/NoSuchMethodError'{0x0000000081cb74c0}: 'java.lang.Object java.lang.invoke.DirectMethodHandle$Holder.newInvokeSpecial(java.lang.Object, java.lang.Object, java.lang.Object, java.lang.Object, java.lang.Object, java.lang.Object, java.lang.Object, java.lang.Object, java.lang.Object)'> (0x0000000081cb74c0) 
thrown [s\open\src\hotspot\share\interpreter\linkResolver.cpp, line 774]
Event: 17.406 Thread 0x00000216c90ace10 Implicit null exception at 0x00000216b68ddb6b to 0x00000216b68ddff4
Event: 17.406 Thread 0x00000216c90ace10 Implicit null exception at 0x00000216b6954fd4 to 0x00000216b695613c
Event: 17.406 Thread 0x00000216c90ace10 Implicit null exception at 0x00000216b6953e60 to 0x00000216b6954670
Event: 17.407 Thread 0x00000216c90ace10 Exception <a 'java/lang/NoSuchMethodError'{0x00000000817ee908}: 'java.lang.reflect.Method[] java.lang.Class.getDeclaredMethods(java.lang.Class)'> (0x00000000817ee908) 
thrown [s\open\src\hotspot\share\interpreter\linkResolver.cpp, line 774]
Event: 17.445 Thread 0x00000216c90ace10 Exception <a 'java/lang/NoSuchMethodError'{0x0000000081530f28}: 'void java.lang.invoke.DirectMethodHandle$Holder.invokeStaticInit(java.lang.Object, java.lang.Object, java.lang.Object)'> (0x0000000081530f28) 
thrown [s\open\src\hotspot\share\interpreter\linkResolver.cpp, line 774]
Event: 17.446 Thread 0x00000216c90ace10 Exception <a 'java/lang/NoSuchMethodError'{0x0000000081538338}: 'void java.lang.invoke.DirectMethodHandle$Holder.invokeStaticInit(java.lang.Object, java.lang.Object, java.lang.Object, java.lang.Object)'> (0x0000000081538338) 
thrown [s\open\src\hotspot\share\interpreter\linkResolver.cpp, line 774]
Event: 17.451 Thread 0x00000216c90ace10 Exception <a 'java/lang/NoSuchMethodError'{0x000000008155a6d8}: 'void java.lang.invoke.DirectMethodHandle$Holder.invokeStaticInit(java.lang.Object, java.lang.Object, java.lang.Object, java.lang.Object, java.lang.Object)'> (0x000000008155a6d8) 
thrown [s\open\src\hotspot\share\interpreter\linkResolver.cpp, line 774]
Event: 17.453 Thread 0x00000216c90ace10 Exception <a 'java/lang/NoSuchMethodError'{0x0000000081562470}: 'int java.lang.invoke.DirectMethodHandle$Holder.invokeStaticInit(java.lang.Object, java.lang.Object, java.lang.Object)'> (0x0000000081562470) 
thrown [s\open\src\hotspot\share\interpreter\linkResolver.cpp, line 774]
Event: 17.465 Thread 0x00000216c90ace10 Exception <a 'java/lang/NoSuchMethodError'{0x00000000815b9e18}: 'int java.lang.invoke.DirectMethodHandle$Holder.invokeStaticInit(java.lang.Object, java.lang.Object, java.lang.Object, java.lang.Object)'> (0x00000000815b9e18) 
thrown [s\open\src\hotspot\share\interpreter\linkResolver.cpp, line 774]

VM Operations (20 events):
Event: 12.787 Executing VM operation: Cleanup done
Event: 13.800 Executing VM operation: Cleanup
Event: 13.800 Executing VM operation: Cleanup done
Event: 14.053 Executing VM operation: HandshakeAllThreads
Event: 14.053 Executing VM operation: HandshakeAllThreads done
Event: 15.067 Executing VM operation: Cleanup
Event: 15.067 Executing VM operation: Cleanup done
Event: 15.349 Executing VM operation: HandshakeAllThreads
Event: 15.349 Executing VM operation: HandshakeAllThreads done
Event: 16.361 Executing VM operation: Cleanup
Event: 16.378 Executing VM operation: Cleanup done
Event: 16.545 Executing VM operation: HandshakeAllThreads
Event: 16.545 Executing VM operation: HandshakeAllThreads done
Event: 16.553 Executing VM operation: HandshakeAllThreads
Event: 16.554 Executing VM operation: HandshakeAllThreads done
Event: 17.389 Executing VM operation: HandshakeAllThreads
Event: 17.389 Executing VM operation: HandshakeAllThreads done
Event: 17.389 Executing VM operation: Cleanup
Event: 17.389 Executing VM operation: Cleanup done
Event: 17.500 Executing VM operation: G1CollectForAllocation

Events (20 events):
Event: 5.482 Thread 0x00000216ca6e3a60 Thread added: 0x00000216ca6e3a60
Event: 6.225 Thread 0x00000216ca778d60 Thread added: 0x00000216ca778d60
Event: 6.420 Thread 0x00000216ca811920 Thread added: 0x00000216ca811920
Event: 6.875 Thread 0x00000216ca739020 Thread added: 0x00000216ca739020
Event: 6.892 Thread 0x00000216ca739560 Thread added: 0x00000216ca739560
Event: 7.075 Thread 0x00000216c909be80 Thread added: 0x00000216c909be80
Event: 7.135 Thread 0x00000216c90ace10 Thread added: 0x00000216c90ace10
Event: 7.220 Thread 0x00000216c9b83040 Thread added: 0x00000216c9b83040
Event: 7.231 Thread 0x00000216c9b83ae0 Thread added: 0x00000216c9b83ae0
Event: 7.239 Thread 0x00000216c9b82af0 Thread added: 0x00000216c9b82af0
Event: 8.225 Thread 0x00000216c9b84030 Thread added: 0x00000216c9b84030
Event: 8.253 Thread 0x00000216c9b825a0 Thread added: 0x00000216c9b825a0
Event: 8.344 Thread 0x00000216c9b81b00 Thread added: 0x00000216c9b81b00
Event: 10.300 Thread 0x00000216c9b81060 Thread added: 0x00000216c9b81060
Event: 13.714 Thread 0x00000216c9b815b0 Thread added: 0x00000216c9b815b0
Event: 13.768 Thread 0x00000216c9b82050 Thread added: 0x00000216c9b82050
Event: 14.781 Thread 0x00000216c9b83590 Thread added: 0x00000216c9b83590
Event: 14.960 Thread 0x00000216cad22510 Thread added: 0x00000216cad22510
Event: 15.013 Thread 0x00000216cad23fa0 Thread added: 0x00000216cad23fa0
Event: 16.035 Thread 0x00000216cad20a80 Thread added: 0x00000216cad20a80


Dynamic libraries:
0x00007ff79e0f0000 - 0x00007ff79e100000 	C:\Program Files\Java\jdk-19\bin\java.exe
0x00007ffcffdf0000 - 0x00007ffd00007000 	C:\Windows\SYSTEM32\ntdll.dll
0x00007ffcfee30000 - 0x00007ffcfeef4000 	C:\Windows\System32\KERNEL32.DLL
0x00007ffcfd6e0000 - 0x00007ffcfda8c000 	C:\Windows\System32\KERNELBASE.dll
0x000000006c000000 - 0x000000006c332000 	C:\Program Files\Norton Security\NortonData\22.24.2.6\Definitions\IPSDefs\20240625.064\IPSEng64.dll
0x00007ffcfe1f0000 - 0x00007ffcfe2a2000 	C:\Windows\System32\ADVAPI32.dll
0x00007ffcffb40000 - 0x00007ffcffbe7000 	C:\Windows\System32\msvcrt.dll
0x00007ffcff6d0000 - 0x00007ffcff77a000 	C:\Windows\System32\sechost.dll
0x00007ffcfdb00000 - 0x00007ffcfdb28000 	C:\Windows\System32\bcrypt.dll
0x00007ffcfe2c0000 - 0x00007ffcfe3d5000 	C:\Windows\System32\RPCRT4.dll
0x00007ffcfe2b0000 - 0x00007ffcfe2b8000 	C:\Windows\System32\PSAPI.DLL
0x00007ffcfd1d0000 - 0x00007ffcfd2e1000 	C:\Windows\System32\ucrtbase.dll
0x00007ffcf6e80000 - 0x00007ffcf6e98000 	C:\Program Files\Java\jdk-19\bin\jli.dll
0x00007ffcff820000 - 0x00007ffcff9ce000 	C:\Windows\System32\USER32.dll
0x00007ffcfd120000 - 0x00007ffcfd146000 	C:\Windows\System32\win32u.dll
0x00007ffcfef00000 - 0x00007ffcfef29000 	C:\Windows\System32\GDI32.dll
0x00007ffcfd390000 - 0x00007ffcfd4a9000 	C:\Windows\System32\gdi32full.dll
0x00007ffcfd2f0000 - 0x00007ffcfd38a000 	C:\Windows\System32\msvcp_win.dll
0x00007ffcef140000 - 0x00007ffcef14a000 	C:\Windows\SYSTEM32\VERSION.dll
0x00007ffcf6da0000 - 0x00007ffcf6dbb000 	C:\Program Files\Java\jdk-19\bin\VCRUNTIME140.dll
0x00007ffce57c0000 - 0x00007ffce5a53000 	C:\Windows\WinSxS\amd64_microsoft.windows.common-controls_6595b64144ccf1df_6.0.22621.3672_none_2713b9d173822955\COMCTL32.dll
0x00007ffcff480000 - 0x00007ffcff4b1000 	C:\Windows\System32\IMM32.DLL
0x00007ffcf94a0000 - 0x00007ffcf94ac000 	C:\Program Files\Java\jdk-19\bin\vcruntime140_1.dll
0x00007ffccd570000 - 0x00007ffccd5fe000 	C:\Program Files\Java\jdk-19\bin\msvcp140.dll
0x00007ffcaf680000 - 0x00007ffcb0340000 	C:\Program Files\Java\jdk-19\bin\server\jvm.dll
0x00007ffcdf8b0000 - 0x00007ffcdf8b9000 	C:\Windows\SYSTEM32\WSOCK32.dll
0x00007ffcff780000 - 0x00007ffcff7f1000 	C:\Windows\System32\WS2_32.dll
0x00007ffcf6c90000 - 0x00007ffcf6cc4000 	C:\Windows\SYSTEM32\WINMM.dll
0x00007ffcfc110000 - 0x00007ffcfc128000 	C:\Windows\SYSTEM32\kernel.appcore.dll
0x00007ffcf8ee0000 - 0x00007ffcf8eea000 	C:\Program Files\Java\jdk-19\bin\jimage.dll
0x00007ffcfaa00000 - 0x00007ffcfac32000 	C:\Windows\SYSTEM32\DBGHELP.DLL
0x00007ffcfeff0000 - 0x00007ffcff378000 	C:\Windows\System32\combase.dll
0x00007ffcfe110000 - 0x00007ffcfe1e7000 	C:\Windows\System32\OLEAUT32.dll
0x00007ffcdf870000 - 0x00007ffcdf8a2000 	C:\Windows\SYSTEM32\dbgcore.DLL
0x00007ffcfd150000 - 0x00007ffcfd1cb000 	C:\Windows\System32\bcryptPrimitives.dll
0x00007ffcf8b30000 - 0x00007ffcf8b3e000 	C:\Program Files\Java\jdk-19\bin\instrument.dll
0x00007ffce8a90000 - 0x00007ffce8ab6000 	C:\Program Files\Java\jdk-19\bin\java.dll
0x00007ffccd220000 - 0x00007ffccd2f7000 	C:\Program Files\Java\jdk-19\bin\jsvml.dll
0x00007ffcfe3e0000 - 0x00007ffcfec3c000 	C:\Windows\System32\SHELL32.dll
0x00007ffcfb020000 - 0x00007ffcfb917000 	C:\Windows\SYSTEM32\windows.storage.dll
0x00007ffcfaee0000 - 0x00007ffcfb01f000 	C:\Windows\SYSTEM32\wintypes.dll
0x00007ffcff380000 - 0x00007ffcff474000 	C:\Windows\System32\SHCORE.dll
0x00007ffcfedd0000 - 0x00007ffcfee2e000 	C:\Windows\System32\shlwapi.dll
0x00007ffcfd050000 - 0x00007ffcfd071000 	C:\Windows\SYSTEM32\profapi.dll
0x00007ffceb510000 - 0x00007ffceb528000 	C:\Program Files\Java\jdk-19\bin\zip.dll
0x00007ffceb4b0000 - 0x00007ffceb4c3000 	C:\Program Files\Java\jdk-19\bin\net.dll
0x00007ffcf9a30000 - 0x00007ffcf9b66000 	C:\Windows\SYSTEM32\WINHTTP.dll
0x00007ffcfc570000 - 0x00007ffcfc5d9000 	C:\Windows\system32\mswsock.dll
0x00007ffce8cd0000 - 0x00007ffce8ce6000 	C:\Program Files\Java\jdk-19\bin\nio.dll
0x00007ffcf6d10000 - 0x00007ffcf6d20000 	C:\Program Files\Java\jdk-19\bin\verify.dll
0x00007ffce4b80000 - 0x00007ffce4ba7000 	C:\Users\emuan\.gradle\native\c067742578af261105cb4f569cf0c3c89f3d7b1fecec35dd04571415982c5e48\windows-amd64\native-platform.dll
0x00007ffcb3bb0000 - 0x00007ffcb3cf4000 	C:\Users\emuan\.gradle\native\38dada09dfb8b06ba9b0570ebf7e218e3eb74d4ef43ca46872605cf95ebc2f47\windows-amd64\native-platform-file-events.dll
0x00007ffcebc80000 - 0x00007ffcebc8a000 	C:\Program Files\Java\jdk-19\bin\management.dll
0x00007ffcebaf0000 - 0x00007ffcebafb000 	C:\Program Files\Java\jdk-19\bin\management_ext.dll
0x00007ffcfc8c0000 - 0x00007ffcfc8db000 	C:\Windows\SYSTEM32\CRYPTSP.dll
0x00007ffcfc070000 - 0x00007ffcfc0a5000 	C:\Windows\system32\rsaenh.dll
0x00007ffcfc610000 - 0x00007ffcfc638000 	C:\Windows\SYSTEM32\USERENV.dll
0x00007ffcfc8a0000 - 0x00007ffcfc8ac000 	C:\Windows\SYSTEM32\CRYPTBASE.dll
0x00007ffcfbbc0000 - 0x00007ffcfbbed000 	C:\Windows\SYSTEM32\IPHLPAPI.DLL
0x00007ffcfef30000 - 0x00007ffcfef39000 	C:\Windows\System32\NSI.dll
0x00007ffcf9a10000 - 0x00007ffcf9a29000 	C:\Windows\SYSTEM32\dhcpcsvc6.DLL
0x00007ffcf99f0000 - 0x00007ffcf9a0f000 	C:\Windows\SYSTEM32\dhcpcsvc.DLL
0x00007ffcfbbf0000 - 0x00007ffcfbce8000 	C:\Windows\SYSTEM32\DNSAPI.dll
0x00007ffceb650000 - 0x00007ffceb658000 	C:\Program Files\Java\jdk-19\bin\extnet.dll
0x00007ffceb440000 - 0x00007ffceb44e000 	C:\Program Files\Java\jdk-19\bin\sunmscapi.dll
0x00007ffcfd570000 - 0x00007ffcfd6d7000 	C:\Windows\System32\CRYPT32.dll
0x00007ffcfc9c0000 - 0x00007ffcfc9ee000 	C:\Windows\SYSTEM32\ncrypt.dll
0x00007ffcfc980000 - 0x00007ffcfc9b7000 	C:\Windows\SYSTEM32\NTASN1.dll
0x00007ffcf6dc0000 - 0x00007ffcf6dc8000 	C:\Windows\system32\wshunix.dll

dbghelp: loaded successfully - version: 4.0.5 - missing functions: none
symbol engine: initialized successfully - sym options: 0x614 - pdb path: .;C:\Program Files\Java\jdk-19\bin;C:\Windows\SYSTEM32;C:\Program Files\Norton Security\NortonData\22.24.2.6\Definitions\IPSDefs\20240625.064;C:\Windows\WinSxS\amd64_microsoft.windows.common-controls_6595b64144ccf1df_6.0.22621.3672_none_2713b9d173822955;C:\Program Files\Java\jdk-19\bin\server;C:\Users\emuan\.gradle\native\c067742578af261105cb4f569cf0c3c89f3d7b1fecec35dd04571415982c5e48\windows-amd64;C:\Users\emuan\.gradle\native\38dada09dfb8b06ba9b0570ebf7e218e3eb74d4ef43ca46872605cf95ebc2f47\windows-amd64

VM Arguments:
jvm_args: --add-opens=java.base/java.util=ALL-UNNAMED --add-opens=java.base/java.lang=ALL-UNNAMED --add-opens=java.base/java.lang.invoke=ALL-UNNAMED --add-opens=java.prefs/java.util.prefs=ALL-UNNAMED --add-opens=java.base/java.nio.charset=ALL-UNNAMED --add-opens=java.base/java.net=ALL-UNNAMED --add-opens=java.base/java.util.concurrent.atomic=ALL-UNNAMED -Xmx2048m -Dfile.encoding=UTF-8 -Duser.country=US -Duser.language=en -Duser.variant -javaagent:C:\Users\emuan\.gradle\wrapper\dists\gradle-8.7-bin\bhs2wmbdwecv87pi65oeuq5iu\gradle-8.7\lib\agents\gradle-instrumentation-agent-8.7.jar 
java_command: org.gradle.launcher.daemon.bootstrap.GradleDaemon 8.7
java_class_path (initial): C:\Users\emuan\.gradle\wrapper\dists\gradle-8.7-bin\bhs2wmbdwecv87pi65oeuq5iu\gradle-8.7\lib\gradle-launcher-8.7.jar
Launcher Type: SUN_STANDARD

[Global flags]
     intx CICompilerCount                          = 3                                         {product} {ergonomic}
     uint ConcGCThreads                            = 1                                         {product} {ergonomic}
     uint G1ConcRefinementThreads                  = 4                                         {product} {ergonomic}
   size_t G1HeapRegionSize                         = 1048576                                   {product} {ergonomic}
    uintx GCDrainStackTargetSize                   = 64                                        {product} {ergonomic}
   size_t InitialHeapSize                          = 130023424                                 {product} {ergonomic}
   size_t MarkStackSize                            = 4194304                                   {product} {ergonomic}
   size_t MaxHeapSize                              = 2147483648                                {product} {command line}
   size_t MaxNewSize                               = 1287651328                                {product} {ergonomic}
   size_t MinHeapDeltaBytes                        = 1048576                                   {product} {ergonomic}
   size_t MinHeapSize                              = 8388608                                   {product} {ergonomic}
    uintx NonNMethodCodeHeapSize                   = 5832780                                {pd product} {ergonomic}
    uintx NonProfiledCodeHeapSize                  = 122912730                              {pd product} {ergonomic}
    uintx ProfiledCodeHeapSize                     = 122912730                              {pd product} {ergonomic}
    uintx ReservedCodeCacheSize                    = 251658240                              {pd product} {ergonomic}
     bool SegmentedCodeCache                       = true                                      {product} {ergonomic}
   size_t SoftMaxHeapSize                          = 2147483648                             {manageable} {ergonomic}
     bool UseCompressedClassPointers               = true                           {product lp64_product} {ergonomic}
     bool UseCompressedOops                        = true                           {product lp64_product} {ergonomic}
     bool UseG1GC                                  = true                                      {product} {ergonomic}
     bool UseLargePagesIndividualAllocation        = false                                  {pd product} {ergonomic}

Logging:
Log output configuration:
 #0: stdout all=warning uptime,level,tags foldmultilines=false
 #1: stderr all=off uptime,level,tags foldmultilines=false

Environment Variables:
PATH=C:\Program Files\Zulu\zulu-17\bin\;C:\Program Files\Common Files\Oracle\Java\javapath;C:\Program Files (x86)\Common Files\Oracle\Java\javapath;C:\Windows\system32;C:\Windows;C:\Windows\System32\Wbem;C:\Windows\System32\WindowsPowerShell\v1.0\;C:\Windows\System32\OpenSSH\;C:\Program Files\dotnet\;C:\Program Files (x86)\Windows Kits\10\Windows Performance Toolkit\;C:\Program Files\Git\cmd;C:\Users\emuan\AppData\Local\Programs\Python\Python312\Scripts\;C:\Users\emuan\AppData\Local\Programs\Python\Python312\;C:\Users\emuan\AppData\Local\Microsoft\WindowsApps;C:\Users\emuan\AppData\Local\Programs\Microsoft VS Code\bin;C:\Users\emuan\.dotnet\tools;C:\Program Files\sf\bin;C:\ProgramData\emuan\GitHubDesktop\bin
USERNAME=emuan
OS=Windows_NT
PROCESSOR_IDENTIFIER=Intel64 Family 6 Model 126 Stepping 5, GenuineIntel
TMP=C:\Users\emuan\AppData\Local\Temp
TEMP=C:\Users\emuan\AppData\Local\Temp



---------------  S Y S T E M  ---------------

OS:
 Windows 11 , 64 bit Build 22621 (10.0.22621.3672)
OS uptime: 11 days 4:37 hours
Hyper-V role detected

CPU: total 4 (initial active 4) (2 cores per cpu, 2 threads per core) family 6 model 126 stepping 5 microcode 0xa8, cx8, cmov, fxsr, ht, mmx, 3dnowpref, sse, sse2, sse3, ssse3, sse4.1, sse4.2, popcnt, lzcnt, tsc, tscinvbit, avx, avx2, aes, erms, clmul, bmi1, bmi2, adx, avx512f, avx512dq, avx512cd, avx512bw, avx512vl, sha, fma, vzeroupper, avx512_vpopcntdq, avx512_vpclmulqdq, avx512_vaes, avx512_vnni, clflush, clflushopt, avx512_vbmi2, avx512_vbmi, hv, rdtscp, rdpid, fsrm, gfni, avx512_bitalg

Memory: 4k page, system-wide physical 7934M (183M free)
TotalPageFile size 32510M (AvailPageFile size 3M)
current process WorkingSet (physical memory assigned to process): 208M, peak: 209M
current process commit charge ("private bytes"): 243M, peak: 273M

vm_info: Java HotSpot(TM) 64-Bit Server VM (19.0.2+7-44) for windows-amd64 JRE (19.0.2+7-44), built on 2022-11-30T18:02:09Z by "mach5one" with MS VC++ 17.1 (VS2022)

END.
